Vivado Simulator v2024.1
Copyright 1986-2022 Xilinx, Inc. All Rights Reserved.
Copyright 2022-2024 Advanced Micro Devices, Inc. All Rights Reserved.
Running: D:/Vivado/2024.1/bin/unwrapped/win64.o/xelab.exe --incr --debug typical --relax --mt 2 --maxdelay -L xil_defaultlib -L simprims_ver -L secureip --snapshot RISC_CPU_tb_time_synth -transport_int_delays -pulse_r 0 -pulse_int_r 0 -pulse_e 0 -pulse_int_e 0 xil_defaultlib.RISC_CPU_tb xil_defaultlib.glbl -log elaborate.log 
Using 2 slave threads.
Starting static elaboration
Pass Through NonSizing Optimizer
Completed static elaboration
Starting simulation data flow analysis
Completed simulation data flow analysis
INFO: [XSIM 43-3451] SDF backannotation process started with SDF file "RISC_CPU_tb_time_synth.sdf", for root module "RISC_CPU_tb/uut".
WARNING: [XSIM 43-3477] Unable to find hierarchical path /RISC_CPU_tb/uut/ACC/data_out_reg[0] in the HDL hierarchy, annotation will be skipped.
WARNING: [XSIM 43-3477] Unable to find hierarchical path /RISC_CPU_tb/uut/ACC/data_out_reg[1] in the HDL hierarchy, annotation will be skipped.
WARNING: [XSIM 43-3477] Unable to find hierarchical path /RISC_CPU_tb/uut/ACC/data_out_reg[2] in the HDL hierarchy, annotation will be skipped.
WARNING: [XSIM 43-3477] Unable to find hierarchical path /RISC_CPU_tb/uut/ACC/data_out_reg[3] in the HDL hierarchy, annotation will be skipped.
WARNING: [XSIM 43-3477] Unable to find hierarchical path /RISC_CPU_tb/uut/ACC/data_out_reg[4] in the HDL hierarchy, annotation will be skipped.
WARNING: [XSIM 43-3477] Unable to find hierarchical path /RISC_CPU_tb/uut/ACC/data_out_reg[5] in the HDL hierarchy, annotation will be skipped.
WARNING: [XSIM 43-3477] Unable to find hierarchical path /RISC_CPU_tb/uut/ACC/data_out_reg[6] in the HDL hierarchy, annotation will be skipped.
WARNING: [XSIM 43-3477] Unable to find hierarchical path /RISC_CPU_tb/uut/ACC/data_out_reg[7] in the HDL hierarchy, annotation will be skipped.
WARNING: [XSIM 43-3477] Unable to find hierarchical path /RISC_CPU_tb/uut/ALU/ALU_result_tristate_oe_reg[0] in the HDL hierarchy, annotation will be skipped.
WARNING: [XSIM 43-3477] Unable to find hierarchical path /RISC_CPU_tb/uut/ALU/ALU_result_tristate_oe_reg[1] in the HDL hierarchy, annotation will be skipped.
WARNING: [XSIM 43-3477] Unable to find hierarchical path /RISC_CPU_tb/uut/ALU/ALU_result_tristate_oe_reg[2] in the HDL hierarchy, annotation will be skipped.
WARNING: [XSIM 43-3477] Unable to find hierarchical path /RISC_CPU_tb/uut/ALU/ALU_result_tristate_oe_reg[3] in the HDL hierarchy, annotation will be skipped.
WARNING: [XSIM 43-3477] Unable to find hierarchical path /RISC_CPU_tb/uut/ALU/ALU_result_tristate_oe_reg[4] in the HDL hierarchy, annotation will be skipped.
WARNING: [XSIM 43-3477] Unable to find hierarchical path /RISC_CPU_tb/uut/ALU/ALU_result_tristate_oe_reg[5] in the HDL hierarchy, annotation will be skipped.
WARNING: [XSIM 43-3477] Unable to find hierarchical path /RISC_CPU_tb/uut/ALU/ALU_result_tristate_oe_reg[6] in the HDL hierarchy, annotation will be skipped.
WARNING: [XSIM 43-3477] Unable to find hierarchical path /RISC_CPU_tb/uut/ALU/ALU_result_tristate_oe_reg[7] in the HDL hierarchy, annotation will be skipped.
WARNING: [XSIM 43-3477] Unable to find hierarchical path /RISC_CPU_tb/uut/ALU/PC_out[4]_i_4 in the HDL hierarchy, annotation will be skipped.
WARNING: [XSIM 43-3477] Unable to find hierarchical path /RISC_CPU_tb/uut/ALU/PC_out[4]_i_5 in the HDL hierarchy, annotation will be skipped.
WARNING: [XSIM 43-3477] Unable to find hierarchical path /RISC_CPU_tb/uut/AMUX/instruction_address_reg[0] in the HDL hierarchy, annotation will be skipped.
WARNING: [XSIM 43-3477] Unable to find hierarchical path /RISC_CPU_tb/uut/AMUX/instruction_address_reg[1] in the HDL hierarchy, annotation will be skipped.
WARNING: [XSIM 43-3477] Unable to find hierarchical path /RISC_CPU_tb/uut/AMUX/instruction_address_reg[2] in the HDL hierarchy, annotation will be skipped.
WARNING: [XSIM 43-3477] Unable to find hierarchical path /RISC_CPU_tb/uut/AMUX/instruction_address_reg[3] in the HDL hierarchy, annotation will be skipped.
WARNING: [XSIM 43-3477] Unable to find hierarchical path /RISC_CPU_tb/uut/AMUX/instruction_address_reg[4] in the HDL hierarchy, annotation will be skipped.
WARNING: [XSIM 43-3477] Unable to find hierarchical path /RISC_CPU_tb/uut/AMUX/operand_address_out_reg[0] in the HDL hierarchy, annotation will be skipped.
WARNING: [XSIM 43-3477] Unable to find hierarchical path /RISC_CPU_tb/uut/AMUX/operand_address_out_reg[1] in the HDL hierarchy, annotation will be skipped.
WARNING: [XSIM 43-3477] Unable to find hierarchical path /RISC_CPU_tb/uut/AMUX/operand_address_out_reg[2] in the HDL hierarchy, annotation will be skipped.
WARNING: [XSIM 43-3477] Unable to find hierarchical path /RISC_CPU_tb/uut/AMUX/operand_address_out_reg[3] in the HDL hierarchy, annotation will be skipped.
WARNING: [XSIM 43-3477] Unable to find hierarchical path /RISC_CPU_tb/uut/AMUX/operand_address_out_reg[4] in the HDL hierarchy, annotation will be skipped.
WARNING: [XSIM 43-3477] Unable to find hierarchical path /RISC_CPU_tb/uut/CTRL/ALU_result_tristate_oe[7]_i_2 in the HDL hierarchy, annotation will be skipped.
WARNING: [XSIM 43-3477] Unable to find hierarchical path /RISC_CPU_tb/uut/CTRL/FSM_onehot_state[1]_i_1 in the HDL hierarchy, annotation will be skipped.
WARNING: [XSIM 43-3477] Unable to find hierarchical path /RISC_CPU_tb/uut/CTRL/FSM_onehot_state[8]_i_1 in the HDL hierarchy, annotation will be skipped.
WARNING: [XSIM 43-3477] Unable to find hierarchical path /RISC_CPU_tb/uut/CTRL/FSM_onehot_state[8]_i_3 in the HDL hierarchy, annotation will be skipped.
WARNING: [XSIM 43-3477] Unable to find hierarchical path /RISC_CPU_tb/uut/CTRL/FSM_onehot_state[8]_i_4 in the HDL hierarchy, annotation will be skipped.
WARNING: [XSIM 43-3477] Unable to find hierarchical path /RISC_CPU_tb/uut/CTRL/FSM_onehot_state_reg[0] in the HDL hierarchy, annotation will be skipped.
WARNING: [XSIM 43-3477] Unable to find hierarchical path /RISC_CPU_tb/uut/CTRL/FSM_onehot_state_reg[1] in the HDL hierarchy, annotation will be skipped.
WARNING: [XSIM 43-3477] Unable to find hierarchical path /RISC_CPU_tb/uut/CTRL/FSM_onehot_state_reg[2] in the HDL hierarchy, annotation will be skipped.
WARNING: [XSIM 43-3477] Unable to find hierarchical path /RISC_CPU_tb/uut/CTRL/FSM_onehot_state_reg[3] in the HDL hierarchy, annotation will be skipped.
WARNING: [XSIM 43-3477] Unable to find hierarchical path /RISC_CPU_tb/uut/CTRL/FSM_onehot_state_reg[4] in the HDL hierarchy, annotation will be skipped.
WARNING: [XSIM 43-3477] Unable to find hierarchical path /RISC_CPU_tb/uut/CTRL/FSM_onehot_state_reg[5] in the HDL hierarchy, annotation will be skipped.
WARNING: [XSIM 43-3477] Unable to find hierarchical path /RISC_CPU_tb/uut/CTRL/FSM_onehot_state_reg[6] in the HDL hierarchy, annotation will be skipped.
WARNING: [XSIM 43-3477] Unable to find hierarchical path /RISC_CPU_tb/uut/CTRL/FSM_onehot_state_reg[7] in the HDL hierarchy, annotation will be skipped.
WARNING: [XSIM 43-3477] Unable to find hierarchical path /RISC_CPU_tb/uut/CTRL/FSM_onehot_state_reg[8] in the HDL hierarchy, annotation will be skipped.
WARNING: [XSIM 43-3477] Unable to find hierarchical path /RISC_CPU_tb/uut/CTRL/data_out[0]_i_1 in the HDL hierarchy, annotation will be skipped.
WARNING: [XSIM 43-3477] Unable to find hierarchical path /RISC_CPU_tb/uut/CTRL/data_out[1]_i_1 in the HDL hierarchy, annotation will be skipped.
WARNING: [XSIM 43-3477] Unable to find hierarchical path /RISC_CPU_tb/uut/CTRL/data_out[2]_i_1 in the HDL hierarchy, annotation will be skipped.
WARNING: [XSIM 43-3477] Unable to find hierarchical path /RISC_CPU_tb/uut/CTRL/data_out[3]_i_1 in the HDL hierarchy, annotation will be skipped.
WARNING: [XSIM 43-3477] Unable to find hierarchical path /RISC_CPU_tb/uut/CTRL/data_out[4]_i_1 in the HDL hierarchy, annotation will be skipped.
WARNING: [XSIM 43-3477] Unable to find hierarchical path /RISC_CPU_tb/uut/CTRL/data_out[5]_i_1 in the HDL hierarchy, annotation will be skipped.
WARNING: [XSIM 43-3477] Unable to find hierarchical path /RISC_CPU_tb/uut/CTRL/data_out[6]_i_1 in the HDL hierarchy, annotation will be skipped.
WARNING: [XSIM 43-3477] Unable to find hierarchical path /RISC_CPU_tb/uut/CTRL/data_out[7]_i_1 in the HDL hierarchy, annotation will be skipped.
WARNING: [XSIM 43-3477] Unable to find hierarchical path /RISC_CPU_tb/uut/CTRL/data_out[7]_i_1__0 in the HDL hierarchy, annotation will be skipped.
WARNING: [XSIM 43-3477] Unable to find hierarchical path /RISC_CPU_tb/uut/CTRL/data_out[7]_i_2 in the HDL hierarchy, annotation will be skipped.
WARNING: [XSIM 43-3477] Unable to find hierarchical path /RISC_CPU_tb/uut/CTRL/data_out[7]_i_2__0 in the HDL hierarchy, annotation will be skipped.
WARNING: [XSIM 43-3477] Unable to find hierarchical path /RISC_CPU_tb/uut/CTRL/data_out[7]_i_3 in the HDL hierarchy, annotation will be skipped.
WARNING: [XSIM 43-3477] Unable to find hierarchical path /RISC_CPU_tb/uut/CTRL/instruct[7]_i_1 in the HDL hierarchy, annotation will be skipped.
WARNING: [XSIM 43-3477] Unable to find hierarchical path /RISC_CPU_tb/uut/CTRL/opcode_OBUFT[2]_inst_i_2 in the HDL hierarchy, annotation will be skipped.
WARNING: [XSIM 43-3477] Unable to find hierarchical path /RISC_CPU_tb/uut/CTRL/operand_address_out[4]_i_1 in the HDL hierarchy, annotation will be skipped.
WARNING: [XSIM 43-3477] Unable to find hierarchical path /RISC_CPU_tb/uut/DMEM/data_out_reg[0] in the HDL hierarchy, annotation will be skipped.
WARNING: [XSIM 43-3477] Unable to find hierarchical path /RISC_CPU_tb/uut/DMEM/data_out_reg[1] in the HDL hierarchy, annotation will be skipped.
WARNING: [XSIM 43-3477] Unable to find hierarchical path /RISC_CPU_tb/uut/DMEM/data_out_reg[2] in the HDL hierarchy, annotation will be skipped.
WARNING: [XSIM 43-3477] Unable to find hierarchical path /RISC_CPU_tb/uut/DMEM/data_out_reg[3] in the HDL hierarchy, annotation will be skipped.
WARNING: [XSIM 43-3477] Unable to find hierarchical path /RISC_CPU_tb/uut/DMEM/data_out_reg[4] in the HDL hierarchy, annotation will be skipped.
WARNING: [XSIM 43-3477] Unable to find hierarchical path /RISC_CPU_tb/uut/DMEM/data_out_reg[5] in the HDL hierarchy, annotation will be skipped.
WARNING: [XSIM 43-3477] Unable to find hierarchical path /RISC_CPU_tb/uut/DMEM/data_out_reg[6] in the HDL hierarchy, annotation will be skipped.
WARNING: [XSIM 43-3477] Unable to find hierarchical path /RISC_CPU_tb/uut/DMEM/data_out_reg[7] in the HDL hierarchy, annotation will be skipped.
WARNING: [XSIM 43-3477] Unable to find hierarchical path /RISC_CPU_tb/uut/IMEM/instruct_reg[0] in the HDL hierarchy, annotation will be skipped.
WARNING: [XSIM 43-3477] Unable to find hierarchical path /RISC_CPU_tb/uut/IMEM/instruct_reg[1] in the HDL hierarchy, annotation will be skipped.
WARNING: [XSIM 43-3477] Unable to find hierarchical path /RISC_CPU_tb/uut/IMEM/instruct_reg[2] in the HDL hierarchy, annotation will be skipped.
WARNING: [XSIM 43-3477] Unable to find hierarchical path /RISC_CPU_tb/uut/IMEM/instruct_reg[3] in the HDL hierarchy, annotation will be skipped.
WARNING: [XSIM 43-3477] Unable to find hierarchical path /RISC_CPU_tb/uut/IMEM/instruct_reg[4] in the HDL hierarchy, annotation will be skipped.
WARNING: [XSIM 43-3477] Unable to find hierarchical path /RISC_CPU_tb/uut/IMEM/instruct_reg[5] in the HDL hierarchy, annotation will be skipped.
WARNING: [XSIM 43-3477] Unable to find hierarchical path /RISC_CPU_tb/uut/IMEM/instruct_reg[6] in the HDL hierarchy, annotation will be skipped.
WARNING: [XSIM 43-3477] Unable to find hierarchical path /RISC_CPU_tb/uut/IMEM/instruct_reg[7] in the HDL hierarchy, annotation will be skipped.
WARNING: [XSIM 43-3477] Unable to find hierarchical path /RISC_CPU_tb/uut/IR/ALU_result_tristate_oe[0]_i_1 in the HDL hierarchy, annotation will be skipped.
WARNING: [XSIM 43-3477] Unable to find hierarchical path /RISC_CPU_tb/uut/IR/ALU_result_tristate_oe[1]_i_1 in the HDL hierarchy, annotation will be skipped.
WARNING: [XSIM 43-3477] Unable to find hierarchical path /RISC_CPU_tb/uut/IR/ALU_result_tristate_oe[2]_i_1 in the HDL hierarchy, annotation will be skipped.
WARNING: [XSIM 43-3477] Unable to find hierarchical path /RISC_CPU_tb/uut/IR/ALU_result_tristate_oe[3]_i_1 in the HDL hierarchy, annotation will be skipped.
WARNING: [XSIM 43-3477] Unable to find hierarchical path /RISC_CPU_tb/uut/IR/ALU_result_tristate_oe[4]_i_1 in the HDL hierarchy, annotation will be skipped.
WARNING: [XSIM 43-3477] Unable to find hierarchical path /RISC_CPU_tb/uut/IR/ALU_result_tristate_oe[5]_i_1 in the HDL hierarchy, annotation will be skipped.
WARNING: [XSIM 43-3477] Unable to find hierarchical path /RISC_CPU_tb/uut/IR/ALU_result_tristate_oe[6]_i_1 in the HDL hierarchy, annotation will be skipped.
WARNING: [XSIM 43-3477] Unable to find hierarchical path /RISC_CPU_tb/uut/IR/ALU_result_tristate_oe[7]_i_1 in the HDL hierarchy, annotation will be skipped.
WARNING: [XSIM 43-3477] Unable to find hierarchical path /RISC_CPU_tb/uut/IR/FSM_onehot_state[4]_i_1 in the HDL hierarchy, annotation will be skipped.
WARNING: [XSIM 43-3477] Unable to find hierarchical path /RISC_CPU_tb/uut/IR/FSM_onehot_state[5]_i_1 in the HDL hierarchy, annotation will be skipped.
WARNING: [XSIM 43-3477] Unable to find hierarchical path /RISC_CPU_tb/uut/IR/FSM_onehot_state[7]_i_1 in the HDL hierarchy, annotation will be skipped.
WARNING: [XSIM 43-3477] Unable to find hierarchical path /RISC_CPU_tb/uut/IR/FSM_onehot_state[8]_i_2 in the HDL hierarchy, annotation will be skipped.
WARNING: [XSIM 43-3477] Unable to find hierarchical path /RISC_CPU_tb/uut/IR/FSM_onehot_state[8]_i_5 in the HDL hierarchy, annotation will be skipped.
WARNING: [XSIM 43-3477] Unable to find hierarchical path /RISC_CPU_tb/uut/IR/FSM_onehot_state[8]_i_6 in the HDL hierarchy, annotation will be skipped.
WARNING: [XSIM 43-3477] Unable to find hierarchical path /RISC_CPU_tb/uut/IR/FSM_onehot_state[8]_i_7 in the HDL hierarchy, annotation will be skipped.
WARNING: [XSIM 43-3477] Unable to find hierarchical path /RISC_CPU_tb/uut/IR/FSM_onehot_state[8]_i_8 in the HDL hierarchy, annotation will be skipped.
WARNING: [XSIM 43-3477] Unable to find hierarchical path /RISC_CPU_tb/uut/IR/data_out[7]_i_5 in the HDL hierarchy, annotation will be skipped.
WARNING: [XSIM 43-3477] Unable to find hierarchical path /RISC_CPU_tb/uut/IR/opcode_tristate_oe_reg[5] in the HDL hierarchy, annotation will be skipped.
WARNING: [XSIM 43-3477] Unable to find hierarchical path /RISC_CPU_tb/uut/IR/opcode_tristate_oe_reg[6] in the HDL hierarchy, annotation will be skipped.
WARNING: [XSIM 43-3477] Unable to find hierarchical path /RISC_CPU_tb/uut/IR/opcode_tristate_oe_reg[7] in the HDL hierarchy, annotation will be skipped.
WARNING: [XSIM 43-3477] Unable to find hierarchical path /RISC_CPU_tb/uut/IR/operand_address_out[0]_i_1 in the HDL hierarchy, annotation will be skipped.
WARNING: [XSIM 43-3477] Unable to find hierarchical path /RISC_CPU_tb/uut/IR/operand_address_out[1]_i_1 in the HDL hierarchy, annotation will be skipped.
WARNING: [XSIM 43-3477] Unable to find hierarchical path /RISC_CPU_tb/uut/IR/operand_address_out[2]_i_1 in the HDL hierarchy, annotation will be skipped.
WARNING: [XSIM 43-3477] Unable to find hierarchical path /RISC_CPU_tb/uut/IR/operand_address_out[3]_i_1 in the HDL hierarchy, annotation will be skipped.
WARNING: [XSIM 43-3477] Unable to find hierarchical path /RISC_CPU_tb/uut/IR/operand_address_out[4]_i_2 in the HDL hierarchy, annotation will be skipped.
WARNING: [XSIM 43-3477] Unable to find hierarchical path /RISC_CPU_tb/uut/IR/operand_address_tristate_oe_reg[0] in the HDL hierarchy, annotation will be skipped.
WARNING: [XSIM 43-3477] Unable to find hierarchical path /RISC_CPU_tb/uut/IR/operand_address_tristate_oe_reg[1] in the HDL hierarchy, annotation will be skipped.
WARNING: [XSIM 43-3477] Unable to find hierarchical path /RISC_CPU_tb/uut/IR/operand_address_tristate_oe_reg[2] in the HDL hierarchy, annotation will be skipped.
WARNING: [XSIM 43-3477] Unable to find hierarchical path /RISC_CPU_tb/uut/IR/operand_address_tristate_oe_reg[3] in the HDL hierarchy, annotation will be skipped.
WARNING: [XSIM 43-3477] Unable to find hierarchical path /RISC_CPU_tb/uut/IR/operand_address_tristate_oe_reg[4] in the HDL hierarchy, annotation will be skipped.
WARNING: [XSIM 43-3477] Unable to find hierarchical path /RISC_CPU_tb/uut/PC/PC_out[0]_i_1 in the HDL hierarchy, annotation will be skipped.
WARNING: [XSIM 43-3477] Unable to find hierarchical path /RISC_CPU_tb/uut/PC/PC_out[1]_i_1 in the HDL hierarchy, annotation will be skipped.
WARNING: [XSIM 43-3477] Unable to find hierarchical path /RISC_CPU_tb/uut/PC/PC_out[2]_i_1 in the HDL hierarchy, annotation will be skipped.
WARNING: [XSIM 43-3477] Unable to find hierarchical path /RISC_CPU_tb/uut/PC/PC_out[3]_i_1 in the HDL hierarchy, annotation will be skipped.
WARNING: [XSIM 43-3477] Unable to find hierarchical path /RISC_CPU_tb/uut/PC/PC_out[3]_i_2 in the HDL hierarchy, annotation will be skipped.
WARNING: [XSIM 43-3477] Unable to find hierarchical path /RISC_CPU_tb/uut/PC/PC_out[4]_i_1 in the HDL hierarchy, annotation will be skipped.
WARNING: [XSIM 43-3477] Unable to find hierarchical path /RISC_CPU_tb/uut/PC/PC_out[4]_i_2 in the HDL hierarchy, annotation will be skipped.
WARNING: [XSIM 43-3477] Unable to find hierarchical path /RISC_CPU_tb/uut/PC/PC_out[4]_i_3 in the HDL hierarchy, annotation will be skipped.
WARNING: [XSIM 43-3477] Unable to find hierarchical path /RISC_CPU_tb/uut/PC/PC_out_reg[0] in the HDL hierarchy, annotation will be skipped.
WARNING: [XSIM 43-3477] Unable to find hierarchical path /RISC_CPU_tb/uut/PC/PC_out_reg[1] in the HDL hierarchy, annotation will be skipped.
WARNING: [XSIM 43-3477] Unable to find hierarchical path /RISC_CPU_tb/uut/PC/PC_out_reg[2] in the HDL hierarchy, annotation will be skipped.
WARNING: [XSIM 43-3477] Unable to find hierarchical path /RISC_CPU_tb/uut/PC/PC_out_reg[3] in the HDL hierarchy, annotation will be skipped.
WARNING: [XSIM 43-3477] Unable to find hierarchical path /RISC_CPU_tb/uut/PC/PC_out_reg[4] in the HDL hierarchy, annotation will be skipped.
WARNING: [XSIM 43-3477] Unable to find hierarchical path /RISC_CPU_tb/uut/data_out_reg[7]_i_4 in the HDL hierarchy, annotation will be skipped.
WARNING: [XSIM 43-3477] Unable to find hierarchical path /RISC_CPU_tb/uut/opcode_OBUFT[0]_inst in the HDL hierarchy, annotation will be skipped.
WARNING: [XSIM 43-3477] Unable to find hierarchical path /RISC_CPU_tb/uut/opcode_OBUFT[1]_inst in the HDL hierarchy, annotation will be skipped.
WARNING: [XSIM 43-3477] Unable to find hierarchical path /RISC_CPU_tb/uut/opcode_OBUFT[2]_inst in the HDL hierarchy, annotation will be skipped.
WARNING: [XSIM 43-3477] Unable to find hierarchical path /RISC_CPU_tb/uut/opcode_OBUFT[2]_inst_i_1 in the HDL hierarchy, annotation will be skipped.
WARNING: [XSIM 43-3477] Unable to find hierarchical path /RISC_CPU_tb/uut/program_counter_out_OBUF[0]_inst in the HDL hierarchy, annotation will be skipped.
WARNING: [XSIM 43-3477] Unable to find hierarchical path /RISC_CPU_tb/uut/program_counter_out_OBUF[1]_inst in the HDL hierarchy, annotation will be skipped.
WARNING: [XSIM 43-3477] Unable to find hierarchical path /RISC_CPU_tb/uut/program_counter_out_OBUF[2]_inst in the HDL hierarchy, annotation will be skipped.
WARNING: [XSIM 43-3477] Unable to find hierarchical path /RISC_CPU_tb/uut/program_counter_out_OBUF[3]_inst in the HDL hierarchy, annotation will be skipped.
WARNING: [XSIM 43-3477] Unable to find hierarchical path /RISC_CPU_tb/uut/program_counter_out_OBUF[4]_inst in the HDL hierarchy, annotation will be skipped.
INFO: [XSIM 43-3452] SDF backannotation was successful for SDF file "RISC_CPU_tb_time_synth.sdf", for root module "RISC_CPU_tb/uut".
Time Resolution for simulation is 1ps
Compiling module simprims_ver.x_lut2_mux4
Compiling module simprims_ver.LUT2
Compiling module simprims_ver.FDCE_default
Compiling module xil_defaultlib.Accumulator_Register
Compiling module simprims_ver.CARRY4
Compiling module simprims_ver.FDRE_default
Compiling module simprims_ver.LUT6
Compiling module xil_defaultlib.ALU
Compiling module simprims_ver.LUT5
Compiling module xil_defaultlib.addr_mux
Compiling module simprims_ver.FDPE_default
Compiling module simprims_ver.LUT4
Compiling module simprims_ver.x_lut1_mux2
Compiling module simprims_ver.LUT1
Compiling module simprims_ver.x_lut3_mux8
Compiling module simprims_ver.LUT3
Compiling module xil_defaultlib.Controller
Compiling module simprims_ver.RAMS32
Compiling module xil_defaultlib.RAM32X1S_UNIQ_BASE_
Compiling module xil_defaultlib.RAM32X1S_HD64
Compiling module xil_defaultlib.RAM32X1S_HD65
Compiling module xil_defaultlib.RAM32X1S_HD66
Compiling module xil_defaultlib.RAM32X1S_HD67
Compiling module xil_defaultlib.RAM32X1S_HD68
Compiling module xil_defaultlib.RAM32X1S_HD69
Compiling module xil_defaultlib.RAM32X1S_HD70
Compiling module xil_defaultlib.dataMemory
Compiling module xil_defaultlib.instructionMemory
Compiling module xil_defaultlib.Instruction_Register
Compiling module xil_defaultlib.Program_Counter
Compiling module simprims_ver.BUFG
Compiling module simprims_ver.IBUF
Compiling module simprims_ver.OBUF
Compiling module simprims_ver.OBUFT
Compiling module xil_defaultlib.RISC_CPU
Compiling module xil_defaultlib.RISC_CPU_tb
Compiling module xil_defaultlib.glbl
Built simulation snapshot RISC_CPU_tb_time_synth
