#-----------------------------------------------------------
# Vivado v2024.1 (64-bit)
# SW Build 5076996 on Wed May 22 18:37:14 MDT 2024
# IP Build 5075265 on Wed May 22 21:45:21 MDT 2024
# SharedData Build 5076995 on Wed May 22 18:29:18 MDT 2024
# Start of session at: Mon Dec  2 09:32:59 2024
# Process ID: 1940
# Current directory: F:/RISC/TKLL_NHOM11/doan
# Command line: vivado.exe -gui_launcher_event rodinguilauncherevent11204 F:\RISC\TKLL_NHOM11\doan\project_ANH_NGHI.xpr
# Log file: F:/RISC/TKLL_NHOM11/doan/vivado.log
# Journal file: F:/RISC/TKLL_NHOM11/doan\vivado.jou
# Running On        :DuyKhiem
# Platform          :Windows Server 2016 or Windows 10
# Operating System  :22631
# Processor Detail  :11th Gen Intel(R) Core(TM) i5-11400H @ 2.70GHz
# CPU Frequency     :2688 MHz
# CPU Physical cores:6
# CPU Logical cores :12
# Host memory       :16948 MB
# Swap memory       :4294 MB
# Total Virtual     :21243 MB
# Available Virtual :12718 MB
#-----------------------------------------------------------
start_gui
open_project F:/RISC/TKLL_NHOM11/doan/project_ANH_NGHI.xpr
WARNING: [Board 49-26] cannot add Board Part xilinx.com:kc705:part0:1.6 available at F:/Xilinx/Vivado/2024.1/data/xhub/boards/XilinxBoardStore/boards/Xilinx/kc705/1.6/board.xml as part xc7k325tffg900-2 specified in board_part file is either invalid or not available
WARNING: [Board 49-26] cannot add Board Part xilinx.com:kcu105:part0:1.6 available at F:/Xilinx/Vivado/2024.1/data/xhub/boards/XilinxBoardStore/boards/Xilinx/kcu105/1.6/board.xml as part xcku040-ffva1156-2-e specified in board_part file is either invalid or not available
WARNING: [Board 49-26] cannot add Board Part xilinx.com:kcu105:part0:1.7 available at F:/Xilinx/Vivado/2024.1/data/xhub/boards/XilinxBoardStore/boards/Xilinx/kcu105/1.7/board.xml as part xcku040-ffva1156-2-e specified in board_part file is either invalid or not available
WARNING: [Board 49-26] cannot add Board Part xilinx.com:kcu1500:part0:1.2 available at F:/Xilinx/Vivado/2024.1/data/xhub/boards/XilinxBoardStore/boards/Xilinx/kcu1500/1.2/board.xml as part xcku115-flvb2104-2-e specified in board_part file is either invalid or not available
WARNING: [Board 49-26] cannot add Board Part xilinx.com:vc707:part0:1.4 available at F:/Xilinx/Vivado/2024.1/data/xhub/boards/XilinxBoardStore/boards/Xilinx/vc707/1.4/board.xml as part xc7vx485tffg1761-2 specified in board_part file is either invalid or not available
WARNING: [Board 49-26] cannot add Board Part xilinx.com:vc709:part0:1.8 available at F:/Xilinx/Vivado/2024.1/data/xhub/boards/XilinxBoardStore/boards/Xilinx/vc709/1.8/board.xml as part xc7vx690tffg1761-2 specified in board_part file is either invalid or not available
WARNING: [Board 49-26] cannot add Board Part xilinx.com:vck190:part0:2.2 available at F:/Xilinx/Vivado/2024.1/data/xhub/boards/XilinxBoardStore/boards/Xilinx/vck190/production/2.2/board.xml as part xcvc1902-vsva2197-2mp-e-s specified in board_part file is either invalid or not available
WARNING: [Board 49-26] cannot add Board Part xilinx.com:vck190:part0:3.0 available at F:/Xilinx/Vivado/2024.1/data/xhub/boards/XilinxBoardStore/boards/Xilinx/vck190/production/3.0/board.xml as part xcvc1902-vsva2197-2mp-e-s specified in board_part file is either invalid or not available
WARNING: [Board 49-26] cannot add Board Part xilinx.com:vck190:part0:3.1 available at F:/Xilinx/Vivado/2024.1/data/xhub/boards/XilinxBoardStore/boards/Xilinx/vck190/production/3.1/board.xml as part xcvc1902-vsva2197-2mp-e-s specified in board_part file is either invalid or not available
WARNING: [Board 49-26] cannot add Board Part xilinx.com:vck190:part0:3.2 available at F:/Xilinx/Vivado/2024.1/data/xhub/boards/XilinxBoardStore/boards/Xilinx/vck190/production/3.2/board.xml as part xcvc1902-vsva2197-2mp-e-s specified in board_part file is either invalid or not available
WARNING: [Board 49-26] cannot add Board Part xilinx.com:vck190:part0:3.3 available at F:/Xilinx/Vivado/2024.1/data/xhub/boards/XilinxBoardStore/boards/Xilinx/vck190/production/3.3/board.xml as part xcvc1902-vsva2197-2mp-e-s specified in board_part file is either invalid or not available
WARNING: [Board 49-26] cannot add Board Part xilinx.com:vck190_newl:part0:1.0 available at F:/Xilinx/Vivado/2024.1/data/xhub/boards/XilinxBoardStore/boards/Xilinx/vck190_newl/production/1.0/board.xml as part xcvc1902-vsva2197-2mp-e-s specified in board_part file is either invalid or not available
WARNING: [Board 49-26] cannot add Board Part xilinx.com:vck190_newl:part0:1.1 available at F:/Xilinx/Vivado/2024.1/data/xhub/boards/XilinxBoardStore/boards/Xilinx/vck190_newl/production/1.1/board.xml as part xcvc1902-vsva2197-2mp-e-s specified in board_part file is either invalid or not available
WARNING: [Board 49-26] cannot add Board Part xilinx.com:vck190_newl:part0:1.2 available at F:/Xilinx/Vivado/2024.1/data/xhub/boards/XilinxBoardStore/boards/Xilinx/vck190_newl/production/1.2/board.xml as part xcvc1902-vsva2197-2mp-e-s specified in board_part file is either invalid or not available
WARNING: [Board 49-26] cannot add Board Part xilinx.com:vcu108:part0:1.6 available at F:/Xilinx/Vivado/2024.1/data/xhub/boards/XilinxBoardStore/boards/Xilinx/vcu108/1.6/board.xml as part xcvu095-ffva2104-2-e specified in board_part file is either invalid or not available
WARNING: [Board 49-26] cannot add Board Part xilinx.com:vcu108:part0:1.7 available at F:/Xilinx/Vivado/2024.1/data/xhub/boards/XilinxBoardStore/boards/Xilinx/vcu108/1.7/board.xml as part xcvu095-ffva2104-2-e specified in board_part file is either invalid or not available
WARNING: [Board 49-26] cannot add Board Part xilinx.com:vcu110:part0:1.4 available at F:/Xilinx/Vivado/2024.1/data/xhub/boards/XilinxBoardStore/boards/Xilinx/vcu110/1.4/board.xml as part xcvu190-flgc2104-2-e specified in board_part file is either invalid or not available
WARNING: [Board 49-26] cannot add Board Part xilinx.com:vcu118:part0:2.0 available at F:/Xilinx/Vivado/2024.1/data/xhub/boards/XilinxBoardStore/boards/Xilinx/vcu118/2.0/board.xml as part xcvu9p-flga2104-2l-e specified in board_part file is either invalid or not available
WARNING: [Board 49-26] cannot add Board Part xilinx.com:vcu118:part0:2.3 available at F:/Xilinx/Vivado/2024.1/data/xhub/boards/XilinxBoardStore/boards/Xilinx/vcu118/2.3/board.xml as part xcvu9p-flga2104-2l-e specified in board_part file is either invalid or not available
WARNING: [Board 49-26] cannot add Board Part xilinx.com:vcu118:part0:2.4 available at F:/Xilinx/Vivado/2024.1/data/xhub/boards/XilinxBoardStore/boards/Xilinx/vcu118/2.4/board.xml as part xcvu9p-flga2104-2l-e specified in board_part file is either invalid or not available
WARNING: [Board 49-26] cannot add Board Part xilinx.com:vcu129:part0:1.0 available at F:/Xilinx/Vivado/2024.1/data/xhub/boards/XilinxBoardStore/boards/Xilinx/vcu129/production/1.0/board.xml as part xcvu29p-fsga2577-2l-e specified in board_part file is either invalid or not available
WARNING: [Board 49-26] cannot add Board Part xilinx.com:vcu1525:part0:1.3 available at F:/Xilinx/Vivado/2024.1/data/xhub/boards/XilinxBoardStore/boards/Xilinx/vcu1525/1.3/board.xml as part xcvu9p-fsgd2104-2l-e specified in board_part file is either invalid or not available
WARNING: [Board 49-26] cannot add Board Part xilinx.com:vek280:part0:1.0 available at F:/Xilinx/Vivado/2024.1/data/xhub/boards/XilinxBoardStore/boards/Xilinx/vek280/production/1.0/board.xml as part xcve2802-vsvh1760-2mp-e-s specified in board_part file is either invalid or not available
WARNING: [Board 49-26] cannot add Board Part xilinx.com:vek280:part0:1.1 available at F:/Xilinx/Vivado/2024.1/data/xhub/boards/XilinxBoardStore/boards/Xilinx/vek280/production/1.1/board.xml as part xcve2802-vsvh1760-2mp-e-s specified in board_part file is either invalid or not available
WARNING: [Board 49-26] cannot add Board Part xilinx.com:vek280:part0:1.2 available at F:/Xilinx/Vivado/2024.1/data/xhub/boards/XilinxBoardStore/boards/Xilinx/vek280/production/1.2/board.xml as part xcve2802-vsvh1760-2mp-e-s specified in board_part file is either invalid or not available
WARNING: [Board 49-26] cannot add Board Part xilinx.com:vek280_es:part0:1.0 available at F:/Xilinx/Vivado/2024.1/data/xhub/boards/XilinxBoardStore/boards/Xilinx/vek280/es/rev_a/1.0/board.xml as part xcve2802-vsvh1760-2lp-e-s-es1 specified in board_part file is either invalid or not available
WARNING: [Board 49-26] cannot add Board Part xilinx.com:vek280_es:part0:1.1 available at F:/Xilinx/Vivado/2024.1/data/xhub/boards/XilinxBoardStore/boards/Xilinx/vek280/es/rev_a/1.1/board.xml as part xcve2802-vsvh1760-2lp-e-s-es1 specified in board_part file is either invalid or not available
WARNING: [Board 49-26] cannot add Board Part xilinx.com:vek280_es_revb:part0:1.0 available at F:/Xilinx/Vivado/2024.1/data/xhub/boards/XilinxBoardStore/boards/Xilinx/vek280/es/rev_b/1.0/board.xml as part xcve2802-vsvh1760-2mp-e-s-es1 specified in board_part file is either invalid or not available
WARNING: [Board 49-26] cannot add Board Part xilinx.com:vek280_es_revb:part0:1.1 available at F:/Xilinx/Vivado/2024.1/data/xhub/boards/XilinxBoardStore/boards/Xilinx/vek280/es/rev_b/1.1/board.xml as part xcve2802-vsvh1760-2mp-e-s-es1 specified in board_part file is either invalid or not available
WARNING: [Board 49-26] cannot add Board Part xilinx.com:vermeo_t1_mpsoc:part0:1.0 available at F:/Xilinx/Vivado/2024.1/data/xhub/boards/XilinxBoardStore/boards/Xilinx/vermeo_t1_mpsoc/1.0/board.xml as part xczu19eg-ffvd1760-2l-e specified in board_part file is either invalid or not available
WARNING: [Board 49-26] cannot add Board Part xilinx.com:vermeo_t1_rfsoc:part0:1.0 available at F:/Xilinx/Vivado/2024.1/data/xhub/boards/XilinxBoardStore/boards/Xilinx/vermeo_t1_rfsoc/1.0/board.xml as part xczu21dr-ffvd1156-2l-e specified in board_part file is either invalid or not available
WARNING: [Board 49-26] cannot add Board Part xilinx.com:vhk158:part0:1.0 available at F:/Xilinx/Vivado/2024.1/data/xhub/boards/XilinxBoardStore/boards/Xilinx/vhk158/production/1.0/board.xml as part xcvh1582-vsva3697-2mp-e-s specified in board_part file is either invalid or not available
WARNING: [Board 49-26] cannot add Board Part xilinx.com:vhk158:part0:1.1 available at F:/Xilinx/Vivado/2024.1/data/xhub/boards/XilinxBoardStore/boards/Xilinx/vhk158/production/1.1/board.xml as part xcvh1582-vsva3697-2mp-e-s specified in board_part file is either invalid or not available
WARNING: [Board 49-26] cannot add Board Part xilinx.com:vhk158_es:part0:1.0 available at F:/Xilinx/Vivado/2024.1/data/xhub/boards/XilinxBoardStore/boards/Xilinx/vhk158/es/1.0/board.xml as part xcvh1582-vsva3697-2mp-e-s-es1 specified in board_part file is either invalid or not available
WARNING: [Board 49-26] cannot add Board Part xilinx.com:vhk158_es:part0:1.1 available at F:/Xilinx/Vivado/2024.1/data/xhub/boards/XilinxBoardStore/boards/Xilinx/vhk158/es/1.1/board.xml as part xcvh1582-vsva3697-2mp-e-s-es1 specified in board_part file is either invalid or not available
WARNING: [Board 49-26] cannot add Board Part xilinx.com:vmk180:part0:2.2 available at F:/Xilinx/Vivado/2024.1/data/xhub/boards/XilinxBoardStore/boards/Xilinx/vmk180/production/2.2/board.xml as part xcvm1802-vsva2197-2mp-e-s specified in board_part file is either invalid or not available
WARNING: [Board 49-26] cannot add Board Part xilinx.com:vmk180:part0:3.0 available at F:/Xilinx/Vivado/2024.1/data/xhub/boards/XilinxBoardStore/boards/Xilinx/vmk180/production/3.0/board.xml as part xcvm1802-vsva2197-2mp-e-s specified in board_part file is either invalid or not available
WARNING: [Board 49-26] cannot add Board Part xilinx.com:vmk180:part0:3.1 available at F:/Xilinx/Vivado/2024.1/data/xhub/boards/XilinxBoardStore/boards/Xilinx/vmk180/production/3.1/board.xml as part xcvm1802-vsva2197-2mp-e-s specified in board_part file is either invalid or not available
WARNING: [Board 49-26] cannot add Board Part xilinx.com:vmk180:part0:3.2 available at F:/Xilinx/Vivado/2024.1/data/xhub/boards/XilinxBoardStore/boards/Xilinx/vmk180/production/3.2/board.xml as part xcvm1802-vsva2197-2mp-e-s specified in board_part file is either invalid or not available
WARNING: [Board 49-26] cannot add Board Part xilinx.com:vmk180_newl:part0:1.0 available at F:/Xilinx/Vivado/2024.1/data/xhub/boards/XilinxBoardStore/boards/Xilinx/vmk180_newl/production/1.0/board.xml as part xcvm1802-vsva2197-2mp-e-s specified in board_part file is either invalid or not available
WARNING: [Board 49-26] cannot add Board Part xilinx.com:vmk180_newl:part0:1.1 available at F:/Xilinx/Vivado/2024.1/data/xhub/boards/XilinxBoardStore/boards/Xilinx/vmk180_newl/production/1.1/board.xml as part xcvm1802-vsva2197-2mp-e-s specified in board_part file is either invalid or not available
WARNING: [Board 49-26] cannot add Board Part xilinx.com:vpk120:part0:1.0 available at F:/Xilinx/Vivado/2024.1/data/xhub/boards/XilinxBoardStore/boards/Xilinx/vpk120/production/1.0/board.xml as part xcvp1202-vsva2785-2mp-e-s specified in board_part file is either invalid or not available
WARNING: [Board 49-26] cannot add Board Part xilinx.com:vpk120:part0:1.1 available at F:/Xilinx/Vivado/2024.1/data/xhub/boards/XilinxBoardStore/boards/Xilinx/vpk120/production/1.1/board.xml as part xcvp1202-vsva2785-2mp-e-s specified in board_part file is either invalid or not available
WARNING: [Board 49-26] cannot add Board Part xilinx.com:vpk120:part0:1.2 available at F:/Xilinx/Vivado/2024.1/data/xhub/boards/XilinxBoardStore/boards/Xilinx/vpk120/production/1.2/board.xml as part xcvp1202-vsva2785-2mp-e-s specified in board_part file is either invalid or not available
WARNING: [Board 49-26] cannot add Board Part xilinx.com:vpk180:part0:1.0 available at F:/Xilinx/Vivado/2024.1/data/xhub/boards/XilinxBoardStore/boards/Xilinx/vpk180/production/1.0/board.xml as part xcvp1802-lsvc4072-2mp-e-s specified in board_part file is either invalid or not available
WARNING: [Board 49-26] cannot add Board Part xilinx.com:vpk180:part0:1.1 available at F:/Xilinx/Vivado/2024.1/data/xhub/boards/XilinxBoardStore/boards/Xilinx/vpk180/production/1.1/board.xml as part xcvp1802-lsvc4072-2mp-e-s specified in board_part file is either invalid or not available
WARNING: [Board 49-26] cannot add Board Part xilinx.com:vpk180:part0:1.2 available at F:/Xilinx/Vivado/2024.1/data/xhub/boards/XilinxBoardStore/boards/Xilinx/vpk180/production/1.2/board.xml as part xcvp1802-lsvc4072-2mp-e-s specified in board_part file is either invalid or not available
WARNING: [Board 49-26] cannot add Board Part xilinx.com:zc706:part0:1.4 available at F:/Xilinx/Vivado/2024.1/data/xhub/boards/XilinxBoardStore/boards/Xilinx/zc706/1.4/board.xml as part xc7z045ffg900-2 specified in board_part file is either invalid or not available
WARNING: [Board 49-26] cannot add Board Part xilinx.com:zcu102:part0:3.3 available at F:/Xilinx/Vivado/2024.1/data/xhub/boards/XilinxBoardStore/boards/Xilinx/zcu102/3.3/board.xml as part xczu9eg-ffvb1156-2-e specified in board_part file is either invalid or not available
WARNING: [Board 49-26] cannot add Board Part xilinx.com:zcu102:part0:3.4 available at F:/Xilinx/Vivado/2024.1/data/xhub/boards/XilinxBoardStore/boards/Xilinx/zcu102/3.4/board.xml as part xczu9eg-ffvb1156-2-e specified in board_part file is either invalid or not available
WARNING: [Board 49-26] cannot add Board Part xilinx.com:zcu111:part0:1.2 available at F:/Xilinx/Vivado/2024.1/data/xhub/boards/XilinxBoardStore/boards/Xilinx/zcu111/1.2/board.xml as part xczu28dr-ffvg1517-2-e specified in board_part file is either invalid or not available
WARNING: [Board 49-26] cannot add Board Part xilinx.com:zcu111:part0:1.3 available at F:/Xilinx/Vivado/2024.1/data/xhub/boards/XilinxBoardStore/boards/Xilinx/zcu111/1.3/board.xml as part xczu28dr-ffvg1517-2-e specified in board_part file is either invalid or not available
WARNING: [Board 49-26] cannot add Board Part xilinx.com:zcu111:part0:1.4 available at F:/Xilinx/Vivado/2024.1/data/xhub/boards/XilinxBoardStore/boards/Xilinx/zcu111/1.4/board.xml as part xczu28dr-ffvg1517-2-e specified in board_part file is either invalid or not available
WARNING: [Board 49-26] cannot add Board Part xilinx.com:zcu1275:part0:1.0 available at F:/Xilinx/Vivado/2024.1/data/xhub/boards/XilinxBoardStore/boards/Xilinx/zcu1275/1.0/board.xml as part xczu29dr-ffvf1760-2-e specified in board_part file is either invalid or not available
WARNING: [Board 49-26] cannot add Board Part xilinx.com:zcu1285:part0:1.0 available at F:/Xilinx/Vivado/2024.1/data/xhub/boards/XilinxBoardStore/boards/Xilinx/zcu1285/1.0/board.xml as part xczu39dr-ffvf1760-2-i specified in board_part file is either invalid or not available
WARNING: [Board 49-26] cannot add Board Part xilinx.com:zcu208:part0:2.0 available at F:/Xilinx/Vivado/2024.1/data/xhub/boards/XilinxBoardStore/boards/Xilinx/zcu208/production/2.0/board.xml as part xczu48dr-fsvg1517-2-e specified in board_part file is either invalid or not available
WARNING: [Board 49-26] cannot add Board Part xilinx.com:zcu208ld:part0:2.0 available at F:/Xilinx/Vivado/2024.1/data/xhub/boards/XilinxBoardStore/boards/Xilinx/zcu208ld/production/2.0/board.xml as part xczu58dr-fsvg1517-2-i specified in board_part file is either invalid or not available
WARNING: [Board 49-26] cannot add Board Part xilinx.com:zcu216:part0:2.0 available at F:/Xilinx/Vivado/2024.1/data/xhub/boards/XilinxBoardStore/boards/Xilinx/zcu216/production/2.0/board.xml as part xczu49dr-ffvf1760-2-e specified in board_part file is either invalid or not available
WARNING: [Board 49-26] cannot add Board Part xilinx.com:zcu216ld:part0:2.0 available at F:/Xilinx/Vivado/2024.1/data/xhub/boards/XilinxBoardStore/boards/Xilinx/zcu216ld/production/2.0/board.xml as part xczu59dr-ffvf1760-2-i specified in board_part file is either invalid or not available
WARNING: [Board 49-26] cannot add Board Part xilinx.com:zcu670:part0:2.0 available at F:/Xilinx/Vivado/2024.1/data/xhub/boards/XilinxBoardStore/boards/Xilinx/zcu670/2.0/board.xml as part xczu67dr-fsve1156-2-i specified in board_part file is either invalid or not available
WARNING: [Board 49-26] cannot add Board Part xilinx.com:zcu670ld:part0:1.0 available at F:/Xilinx/Vivado/2024.1/data/xhub/boards/XilinxBoardStore/boards/Xilinx/zcu670ld/1.0/board.xml as part xczu57dr-fsve1156-2-i specified in board_part file is either invalid or not available
INFO: [filemgmt 56-3] Default IP Output Path : Could not find the directory 'F:/RISC/TKLL_NHOM11/doan/project_ANH_NGHI.gen/sources_1'.
CRITICAL WARNING: [Project 1-19] Could not find the file 'F:/RISC/TKLL_NHOM11/digilent-xdc-master/Arty-Z7-20-Master.xdc'.
Scanning sources...
Finished scanning sources
INFO: [IP_Flow 19-234] Refreshing IP repositories
INFO: [IP_Flow 19-1704] No user IP repositories specified
INFO: [IP_Flow 19-2313] Loaded Vivado IP repository 'F:/Xilinx/Vivado/2024.1/data/ip'.
open_project: Time (s): cpu = 00:00:14 ; elapsed = 00:00:14 . Memory (MB): peak = 1548.227 ; gain = 473.773
update_compile_order -fileset sources_1
launch_simulation
Command: launch_simulation 
INFO: [Vivado 12-12493] Simulation top is 'RISC_CPU_tb'
WARNING: [Vivado 12-13340] Unable to auto find GCC executables from simulator install path! (path not set)
INFO: [Vivado 12-5682] Launching behavioral simulation in 'F:/RISC/TKLL_NHOM11/doan/project_ANH_NGHI.sim/sim_1/behav/xsim'
INFO: [SIM-utils-51] Simulation object is 'sim_1'
INFO: [SIM-utils-72] Using boost library from 'F:/Xilinx/Vivado/2024.1/tps/boost_1_72_0'
INFO: [SIM-utils-54] Inspecting design source files for 'RISC_CPU_tb' in fileset 'sim_1'...
INFO: [SIM-utils-43] Exported 'F:/RISC/TKLL_NHOM11/doan/project_ANH_NGHI.sim/sim_1/behav/xsim/data_init.mem'
INFO: [SIM-utils-43] Exported 'F:/RISC/TKLL_NHOM11/doan/project_ANH_NGHI.sim/sim_1/behav/xsim/instruction_file.mem'
INFO: [USF-XSim-97] Finding global include files...
INFO: [USF-XSim-98] Fetching design files from 'sim_1'...
INFO: [USF-XSim-2] XSim::Compile design
INFO: [USF-XSim-61] Executing 'COMPILE and ANALYZE' step in 'F:/RISC/TKLL_NHOM11/doan/project_ANH_NGHI.sim/sim_1/behav/xsim'
"xvlog --incr --relax -prj RISC_CPU_tb_vlog.prj"
INFO: [VRFC 10-2263] Analyzing Verilog file "F:/RISC/TKLL_NHOM11/doan/project_ANH_NGHI.srcs/sources_1/new/ALU.v" into library xil_defaultlib
INFO: [VRFC 10-311] analyzing module ALU
INFO: [VRFC 10-2263] Analyzing Verilog file "F:/RISC/TKLL_NHOM11/doan/project_ANH_NGHI.srcs/sources_1/new/Accumulator_Register.v" into library xil_defaultlib
INFO: [VRFC 10-311] analyzing module Accumulator_Register
INFO: [VRFC 10-2263] Analyzing Verilog file "F:/RISC/TKLL_NHOM11/doan/project_ANH_NGHI.srcs/sources_1/new/Controller.v" into library xil_defaultlib
INFO: [VRFC 10-311] analyzing module Controller
INFO: [VRFC 10-2263] Analyzing Verilog file "F:/RISC/TKLL_NHOM11/doan/project_ANH_NGHI.srcs/sources_1/new/Instruction_Register.v" into library xil_defaultlib
INFO: [VRFC 10-311] analyzing module Instruction_Register
INFO: [VRFC 10-2263] Analyzing Verilog file "F:/RISC/TKLL_NHOM11/doan/project_ANH_NGHI.srcs/sources_1/new/Program_Counter.v" into library xil_defaultlib
INFO: [VRFC 10-311] analyzing module Program_Counter
INFO: [VRFC 10-2263] Analyzing Verilog file "F:/RISC/TKLL_NHOM11/doan/project_ANH_NGHI.srcs/sources_1/new/RISC_CPU.v" into library xil_defaultlib
INFO: [VRFC 10-311] analyzing module RISC_CPU
INFO: [VRFC 10-2263] Analyzing Verilog file "F:/RISC/TKLL_NHOM11/doan/project_ANH_NGHI.srcs/sources_1/new/addr_mux.v" into library xil_defaultlib
INFO: [VRFC 10-311] analyzing module addr_mux
INFO: [VRFC 10-2263] Analyzing Verilog file "F:/RISC/TKLL_NHOM11/doan/project_ANH_NGHI.srcs/sources_1/new/dataMemory.v" into library xil_defaultlib
INFO: [VRFC 10-311] analyzing module dataMemory
INFO: [VRFC 10-2263] Analyzing Verilog file "F:/RISC/TKLL_NHOM11/doan/project_ANH_NGHI.srcs/sources_1/new/instructionMemory.v" into library xil_defaultlib
INFO: [VRFC 10-311] analyzing module instructionMemory
INFO: [VRFC 10-2263] Analyzing Verilog file "F:/RISC/TKLL_NHOM11/doan/project_ANH_NGHI.srcs/sim_1/new/RISC_CPU_tb.v" into library xil_defaultlib
INFO: [VRFC 10-311] analyzing module RISC_CPU_tb
INFO: [USF-XSim-69] 'compile' step finished in '2' seconds
INFO: [USF-XSim-3] XSim::Elaborate design
INFO: [USF-XSim-61] Executing 'ELABORATE' step in 'F:/RISC/TKLL_NHOM11/doan/project_ANH_NGHI.sim/sim_1/behav/xsim'
"xelab --incr --debug typical --relax --mt 2 -L xil_defaultlib -L unisims_ver -L unimacro_ver -L secureip --snapshot RISC_CPU_tb_behav xil_defaultlib.RISC_CPU_tb xil_defaultlib.glbl -log elaborate.log"
Vivado Simulator v2024.1
Copyright 1986-2022 Xilinx, Inc. All Rights Reserved.
Copyright 2022-2024 Advanced Micro Devices, Inc. All Rights Reserved.
Running: F:/Xilinx/Vivado/2024.1/bin/unwrapped/win64.o/xelab.exe --incr --debug typical --relax --mt 2 -L xil_defaultlib -L unisims_ver -L unimacro_ver -L secureip --snapshot RISC_CPU_tb_behav xil_defaultlib.RISC_CPU_tb xil_defaultlib.glbl -log elaborate.log 
Using 2 slave threads.
Starting static elaboration
Pass Through NonSizing Optimizer
ERROR: [VRFC 10-2991] 'signal' is not declared under prefix 'uut' [F:/RISC/TKLL_NHOM11/doan/project_ANH_NGHI.srcs/sim_1/new/RISC_CPU_tb.v:45]
ERROR: [XSIM 43-3322] Static elaboration of top level Verilog design unit(s) in library work failed.
INFO: [USF-XSim-69] 'elaborate' step finished in '2' seconds
INFO: [USF-XSim-99] Step results log file:'F:/RISC/TKLL_NHOM11/doan/project_ANH_NGHI.sim/sim_1/behav/xsim/elaborate.log'
ERROR: [USF-XSim-62] 'elaborate' step failed with error(s). Please check the Tcl console output or 'F:/RISC/TKLL_NHOM11/doan/project_ANH_NGHI.sim/sim_1/behav/xsim/elaborate.log' file for more information.
ERROR: [Vivado 12-4473] Detected error while running simulation. Please correct the issue and retry this operation.
ERROR: [Common 17-39] 'launch_simulation' failed due to earlier errors.
WARNING: [filemgmt 56-199] Attempt to get parsing info during refresh. "On-the-fly" syntax checking information may be incorrect. [F:\RISC\TKLL_NHOM11\doan\project_ANH_NGHI.srcs\sim_1\new\RISC_CPU_tb.v:]
WARNING: [filemgmt 56-199] Attempt to get parsing info during refresh. "On-the-fly" syntax checking information may be incorrect. [F:\RISC\TKLL_NHOM11\doan\project_ANH_NGHI.srcs\sources_1\new\RISC_CPU.v:]
WARNING: [filemgmt 56-199] Attempt to get parsing info during refresh. "On-the-fly" syntax checking information may be incorrect. [F:\RISC\TKLL_NHOM11\doan\project_ANH_NGHI.srcs\sim_1\new\RISC_CPU_tb.v:]
WARNING: [filemgmt 56-199] Attempt to get parsing info during refresh. "On-the-fly" syntax checking information may be incorrect. [F:\RISC\TKLL_NHOM11\doan\project_ANH_NGHI.srcs\sim_1\new\RISC_CPU_tb.v:]
ERROR: [Common 17-180] Spawn failed: No error
launch_simulation
Command: launch_simulation 
INFO: [Vivado 12-12493] Simulation top is 'RISC_CPU_tb'
WARNING: [Vivado 12-13340] Unable to auto find GCC executables from simulator install path! (path not set)
INFO: [Vivado 12-5682] Launching behavioral simulation in 'F:/RISC/TKLL_NHOM11/doan/project_ANH_NGHI.sim/sim_1/behav/xsim'
INFO: [SIM-utils-51] Simulation object is 'sim_1'
INFO: [SIM-utils-72] Using boost library from 'F:/Xilinx/Vivado/2024.1/tps/boost_1_72_0'
INFO: [SIM-utils-54] Inspecting design source files for 'RISC_CPU_tb' in fileset 'sim_1'...
INFO: [SIM-utils-43] Exported 'F:/RISC/TKLL_NHOM11/doan/project_ANH_NGHI.sim/sim_1/behav/xsim/data_init.mem'
INFO: [SIM-utils-43] Exported 'F:/RISC/TKLL_NHOM11/doan/project_ANH_NGHI.sim/sim_1/behav/xsim/instruction_file.mem'
INFO: [USF-XSim-97] Finding global include files...
INFO: [USF-XSim-98] Fetching design files from 'sim_1'...
INFO: [USF-XSim-2] XSim::Compile design
INFO: [USF-XSim-61] Executing 'COMPILE and ANALYZE' step in 'F:/RISC/TKLL_NHOM11/doan/project_ANH_NGHI.sim/sim_1/behav/xsim'
"xvlog --incr --relax -prj RISC_CPU_tb_vlog.prj"
INFO: [VRFC 10-2263] Analyzing Verilog file "F:/RISC/TKLL_NHOM11/doan/project_ANH_NGHI.srcs/sources_1/new/ALU.v" into library xil_defaultlib
INFO: [VRFC 10-311] analyzing module ALU
INFO: [VRFC 10-2263] Analyzing Verilog file "F:/RISC/TKLL_NHOM11/doan/project_ANH_NGHI.srcs/sources_1/new/Accumulator_Register.v" into library xil_defaultlib
INFO: [VRFC 10-311] analyzing module Accumulator_Register
INFO: [VRFC 10-2263] Analyzing Verilog file "F:/RISC/TKLL_NHOM11/doan/project_ANH_NGHI.srcs/sources_1/new/Controller.v" into library xil_defaultlib
INFO: [VRFC 10-311] analyzing module Controller
INFO: [VRFC 10-2263] Analyzing Verilog file "F:/RISC/TKLL_NHOM11/doan/project_ANH_NGHI.srcs/sources_1/new/Instruction_Register.v" into library xil_defaultlib
INFO: [VRFC 10-311] analyzing module Instruction_Register
INFO: [VRFC 10-2263] Analyzing Verilog file "F:/RISC/TKLL_NHOM11/doan/project_ANH_NGHI.srcs/sources_1/new/Program_Counter.v" into library xil_defaultlib
INFO: [VRFC 10-311] analyzing module Program_Counter
INFO: [VRFC 10-2263] Analyzing Verilog file "F:/RISC/TKLL_NHOM11/doan/project_ANH_NGHI.srcs/sources_1/new/RISC_CPU.v" into library xil_defaultlib
INFO: [VRFC 10-311] analyzing module RISC_CPU
INFO: [VRFC 10-2263] Analyzing Verilog file "F:/RISC/TKLL_NHOM11/doan/project_ANH_NGHI.srcs/sources_1/new/addr_mux.v" into library xil_defaultlib
INFO: [VRFC 10-311] analyzing module addr_mux
INFO: [VRFC 10-2263] Analyzing Verilog file "F:/RISC/TKLL_NHOM11/doan/project_ANH_NGHI.srcs/sources_1/new/dataMemory.v" into library xil_defaultlib
INFO: [VRFC 10-311] analyzing module dataMemory
INFO: [VRFC 10-2263] Analyzing Verilog file "F:/RISC/TKLL_NHOM11/doan/project_ANH_NGHI.srcs/sources_1/new/instructionMemory.v" into library xil_defaultlib
INFO: [VRFC 10-311] analyzing module instructionMemory
INFO: [VRFC 10-2263] Analyzing Verilog file "F:/RISC/TKLL_NHOM11/doan/project_ANH_NGHI.srcs/sim_1/new/RISC_CPU_tb.v" into library xil_defaultlib
INFO: [VRFC 10-311] analyzing module RISC_CPU_tb
INFO: [USF-XSim-69] 'compile' step finished in '2' seconds
INFO: [USF-XSim-3] XSim::Elaborate design
INFO: [USF-XSim-61] Executing 'ELABORATE' step in 'F:/RISC/TKLL_NHOM11/doan/project_ANH_NGHI.sim/sim_1/behav/xsim'
"xelab --incr --debug typical --relax --mt 2 -L xil_defaultlib -L unisims_ver -L unimacro_ver -L secureip --snapshot RISC_CPU_tb_behav xil_defaultlib.RISC_CPU_tb xil_defaultlib.glbl -log elaborate.log"
Vivado Simulator v2024.1
Copyright 1986-2022 Xilinx, Inc. All Rights Reserved.
Copyright 2022-2024 Advanced Micro Devices, Inc. All Rights Reserved.
Running: F:/Xilinx/Vivado/2024.1/bin/unwrapped/win64.o/xelab.exe --incr --debug typical --relax --mt 2 -L xil_defaultlib -L unisims_ver -L unimacro_ver -L secureip --snapshot RISC_CPU_tb_behav xil_defaultlib.RISC_CPU_tb xil_defaultlib.glbl -log elaborate.log 
Using 2 slave threads.
Starting static elaboration
Pass Through NonSizing Optimizer
Completed static elaboration
Starting simulation data flow analysis
WARNING: [XSIM 43-4099] "F:/RISC/TKLL_NHOM11/doan/project_ANH_NGHI.srcs/sources_1/new/ALU.v" Line 1. Module ALU doesn't have a timescale but at least one module in design has a timescale.
WARNING: [XSIM 43-4099] "F:/RISC/TKLL_NHOM11/doan/project_ANH_NGHI.srcs/sources_1/new/ALU.v" Line 1. Module ALU doesn't have a timescale but at least one module in design has a timescale.
Completed simulation data flow analysis
Time Resolution for simulation is 1ps
Compiling module xil_defaultlib.Program_Counter
Compiling module xil_defaultlib.addr_mux
Compiling module xil_defaultlib.instructionMemory
Compiling module xil_defaultlib.Instruction_Register
Compiling module xil_defaultlib.dataMemory
Compiling module xil_defaultlib.Accumulator_Register
Compiling module xil_defaultlib.ALU
Compiling module xil_defaultlib.Controller
Compiling module xil_defaultlib.RISC_CPU
Compiling module xil_defaultlib.RISC_CPU_tb
Compiling module xil_defaultlib.glbl
Built simulation snapshot RISC_CPU_tb_behav
INFO: [USF-XSim-69] 'elaborate' step finished in '3' seconds
INFO: [USF-XSim-4] XSim::Simulate design
INFO: [USF-XSim-61] Executing 'SIMULATE' step in 'F:/RISC/TKLL_NHOM11/doan/project_ANH_NGHI.sim/sim_1/behav/xsim'
INFO: [USF-XSim-98] *** Running xsim
   with args "RISC_CPU_tb_behav -key {Behavioral:sim_1:Functional:RISC_CPU_tb} -tclbatch {RISC_CPU_tb.tcl} -log {simulate.log}"
INFO: [USF-XSim-8] Loading simulator feature
Time resolution is 1 ps
source RISC_CPU_tb.tcl
# set curr_wave [current_wave_config]
# if { [string length $curr_wave] == 0 } {
#   if { [llength [get_objects]] > 0} {
#     add_wave /
#     set_property needs_save false [current_wave_config]
#   } else {
#      send_msg_id Add_Wave-1 WARNING "No top level signals found. Simulator will start without a wave window. If you want to open a wave window go to 'File->New Waveform Configuration' or type 'create_wave_config' in the TCL console."
#   }
# }
# run 1000ns
Đọc file thành công!
Time: 0 | PC_out: 0 | Opcode: 000 | Operand: 00000 | Accumulator: 0 | ALU_Result: x | instruc: xx | data: xx | wr_en: x |operand_address:  0 | operand_address_out:  x | mux_select: x | pc_enable: x 
Time: 5000 | PC_out: 0 | Opcode: 000 | Operand: 00000 | Accumulator: 0 | ALU_Result: z | instruc: xx | data: xx | wr_en: 0 |operand_address:  0 | operand_address_out:  x | mux_select: 0 | pc_enable: 0 
Time: 15000 | PC_out: 0 | Opcode: 000 | Operand: 00000 | Accumulator: 0 | ALU_Result: z | instruc: 45 | data: xx | wr_en: 0 |operand_address:  0 | operand_address_out:  0 | mux_select: 1 | pc_enable: 0 
Time: 25000 | PC_out: 0 | Opcode: 000 | Operand: 00000 | Accumulator: 0 | ALU_Result: z | instruc: 45 | data: 01 | wr_en: 0 |operand_address:  0 | operand_address_out:  0 | mux_select: 1 | pc_enable: 0 
Time: 55000 | PC_out: 0 | Opcode: 000 | Operand: 00000 | Accumulator: 0 | ALU_Result: z | instruc: 45 | data: 01 | wr_en: 0 |operand_address:  0 | operand_address_out:  0 | mux_select: 0 | pc_enable: 0 
Time: 65000 | PC_out: 0 | Opcode: 010 | Operand: 00101 | Accumulator: 0 | ALU_Result: z | instruc: 45 | data: 01 | wr_en: 0 |operand_address:  5 | operand_address_out:  0 | mux_select: 0 | pc_enable: 0 
Time: 75000 | PC_out: 0 | Opcode: 010 | Operand: 00101 | Accumulator: 0 | ALU_Result: 1 | instruc: 45 | data: 01 | wr_en: 0 |operand_address:  5 | operand_address_out:  5 | mux_select: 0 | pc_enable: 0 
Time: 85000 | PC_out: 0 | Opcode: 010 | Operand: 00101 | Accumulator: 0 | ALU_Result: 1 | instruc: 45 | data: 0a | wr_en: 0 |operand_address:  5 | operand_address_out:  5 | mux_select: 0 | pc_enable: 0 
Time: 95000 | PC_out: 0 | Opcode: 010 | Operand: 00101 | Accumulator: 0 | ALU_Result: 10 | instruc: 45 | data: 0a | wr_en: 0 |operand_address:  5 | operand_address_out:  5 | mux_select: 0 | pc_enable: 0 
INFO: [USF-XSim-96] XSim completed. Design snapshot 'RISC_CPU_tb_behav' loaded.
INFO: [USF-XSim-97] XSim simulation ran for 1000ns
launch_simulation: Time (s): cpu = 00:00:02 ; elapsed = 00:00:08 . Memory (MB): peak = 1594.348 ; gain = 5.500
WARNING: [filemgmt 56-199] Attempt to get parsing info during refresh. "On-the-fly" syntax checking information may be incorrect. [F:\RISC\TKLL_NHOM11\doan\project_ANH_NGHI.srcs\sim_1\new\RISC_CPU_tb.v:]
WARNING: [filemgmt 56-199] Attempt to get parsing info during refresh. "On-the-fly" syntax checking information may be incorrect. [F:\RISC\TKLL_NHOM11\doan\project_ANH_NGHI.srcs\sources_1\new\RISC_CPU.v:]
WARNING: [filemgmt 56-199] Attempt to get parsing info during refresh. "On-the-fly" syntax checking information may be incorrect. [F:\RISC\TKLL_NHOM11\doan\project_ANH_NGHI.srcs\sources_1\new\Controller.v:]
WARNING: [filemgmt 56-199] Attempt to get parsing info during refresh. "On-the-fly" syntax checking information may be incorrect. [F:\RISC\TKLL_NHOM11\doan\project_ANH_NGHI.srcs\sources_1\new\RISC_CPU.v:]
WARNING: [filemgmt 56-199] Attempt to get parsing info during refresh. "On-the-fly" syntax checking information may be incorrect. [F:\RISC\TKLL_NHOM11\doan\project_ANH_NGHI.srcs\sources_1\new\RISC_CPU.v:]
WARNING: [filemgmt 56-199] Attempt to get parsing info during refresh. "On-the-fly" syntax checking information may be incorrect. [F:\RISC\TKLL_NHOM11\doan\project_ANH_NGHI.srcs\sim_1\new\RISC_CPU_tb.v:]
WARNING: [filemgmt 56-199] Attempt to get parsing info during refresh. "On-the-fly" syntax checking information may be incorrect. [F:\RISC\TKLL_NHOM11\doan\project_ANH_NGHI.srcs\sources_1\new\RISC_CPU.v:]
WARNING: [filemgmt 56-199] Attempt to get parsing info during refresh. "On-the-fly" syntax checking information may be incorrect. [F:\RISC\TKLL_NHOM11\doan\project_ANH_NGHI.srcs\sources_1\new\Controller.v:]
WARNING: [filemgmt 56-199] Attempt to get parsing info during refresh. "On-the-fly" syntax checking information may be incorrect. [F:\RISC\TKLL_NHOM11\doan\project_ANH_NGHI.srcs\sim_1\new\RISC_CPU_tb.v:]
WARNING: [filemgmt 56-199] Attempt to get parsing info during refresh. "On-the-fly" syntax checking information may be incorrect. [F:\RISC\TKLL_NHOM11\doan\project_ANH_NGHI.srcs\sim_1\new\RISC_CPU_tb.v:]
close_sim
INFO: [Simtcl 6-16] Simulation closed
launch_simulation
Command: launch_simulation 
INFO: [Vivado 12-12493] Simulation top is 'RISC_CPU_tb'
WARNING: [Vivado 12-13340] Unable to auto find GCC executables from simulator install path! (path not set)
INFO: [Vivado 12-5682] Launching behavioral simulation in 'F:/RISC/TKLL_NHOM11/doan/project_ANH_NGHI.sim/sim_1/behav/xsim'
INFO: [SIM-utils-51] Simulation object is 'sim_1'
INFO: [SIM-utils-72] Using boost library from 'F:/Xilinx/Vivado/2024.1/tps/boost_1_72_0'
INFO: [SIM-utils-54] Inspecting design source files for 'RISC_CPU_tb' in fileset 'sim_1'...
INFO: [SIM-utils-43] Exported 'F:/RISC/TKLL_NHOM11/doan/project_ANH_NGHI.sim/sim_1/behav/xsim/data_init.mem'
INFO: [SIM-utils-43] Exported 'F:/RISC/TKLL_NHOM11/doan/project_ANH_NGHI.sim/sim_1/behav/xsim/instruction_file.mem'
INFO: [USF-XSim-97] Finding global include files...
INFO: [USF-XSim-98] Fetching design files from 'sim_1'...
INFO: [USF-XSim-2] XSim::Compile design
INFO: [USF-XSim-61] Executing 'COMPILE and ANALYZE' step in 'F:/RISC/TKLL_NHOM11/doan/project_ANH_NGHI.sim/sim_1/behav/xsim'
"xvlog --incr --relax -prj RISC_CPU_tb_vlog.prj"
INFO: [VRFC 10-2263] Analyzing Verilog file "F:/RISC/TKLL_NHOM11/doan/project_ANH_NGHI.srcs/sources_1/new/ALU.v" into library xil_defaultlib
INFO: [VRFC 10-311] analyzing module ALU
INFO: [VRFC 10-2263] Analyzing Verilog file "F:/RISC/TKLL_NHOM11/doan/project_ANH_NGHI.srcs/sources_1/new/Accumulator_Register.v" into library xil_defaultlib
INFO: [VRFC 10-311] analyzing module Accumulator_Register
INFO: [VRFC 10-2263] Analyzing Verilog file "F:/RISC/TKLL_NHOM11/doan/project_ANH_NGHI.srcs/sources_1/new/Controller.v" into library xil_defaultlib
INFO: [VRFC 10-311] analyzing module Controller
INFO: [VRFC 10-2263] Analyzing Verilog file "F:/RISC/TKLL_NHOM11/doan/project_ANH_NGHI.srcs/sources_1/new/Instruction_Register.v" into library xil_defaultlib
INFO: [VRFC 10-311] analyzing module Instruction_Register
INFO: [VRFC 10-2263] Analyzing Verilog file "F:/RISC/TKLL_NHOM11/doan/project_ANH_NGHI.srcs/sources_1/new/Program_Counter.v" into library xil_defaultlib
INFO: [VRFC 10-311] analyzing module Program_Counter
INFO: [VRFC 10-2263] Analyzing Verilog file "F:/RISC/TKLL_NHOM11/doan/project_ANH_NGHI.srcs/sources_1/new/RISC_CPU.v" into library xil_defaultlib
INFO: [VRFC 10-311] analyzing module RISC_CPU
INFO: [VRFC 10-2263] Analyzing Verilog file "F:/RISC/TKLL_NHOM11/doan/project_ANH_NGHI.srcs/sources_1/new/addr_mux.v" into library xil_defaultlib
INFO: [VRFC 10-311] analyzing module addr_mux
INFO: [VRFC 10-2263] Analyzing Verilog file "F:/RISC/TKLL_NHOM11/doan/project_ANH_NGHI.srcs/sources_1/new/dataMemory.v" into library xil_defaultlib
INFO: [VRFC 10-311] analyzing module dataMemory
INFO: [VRFC 10-2263] Analyzing Verilog file "F:/RISC/TKLL_NHOM11/doan/project_ANH_NGHI.srcs/sources_1/new/instructionMemory.v" into library xil_defaultlib
INFO: [VRFC 10-311] analyzing module instructionMemory
INFO: [VRFC 10-2263] Analyzing Verilog file "F:/RISC/TKLL_NHOM11/doan/project_ANH_NGHI.srcs/sim_1/new/RISC_CPU_tb.v" into library xil_defaultlib
INFO: [VRFC 10-311] analyzing module RISC_CPU_tb
INFO: [USF-XSim-69] 'compile' step finished in '2' seconds
INFO: [USF-XSim-3] XSim::Elaborate design
INFO: [USF-XSim-61] Executing 'ELABORATE' step in 'F:/RISC/TKLL_NHOM11/doan/project_ANH_NGHI.sim/sim_1/behav/xsim'
"xelab --incr --debug typical --relax --mt 2 -L xil_defaultlib -L unisims_ver -L unimacro_ver -L secureip --snapshot RISC_CPU_tb_behav xil_defaultlib.RISC_CPU_tb xil_defaultlib.glbl -log elaborate.log"
Vivado Simulator v2024.1
Copyright 1986-2022 Xilinx, Inc. All Rights Reserved.
Copyright 2022-2024 Advanced Micro Devices, Inc. All Rights Reserved.
Running: F:/Xilinx/Vivado/2024.1/bin/unwrapped/win64.o/xelab.exe --incr --debug typical --relax --mt 2 -L xil_defaultlib -L unisims_ver -L unimacro_ver -L secureip --snapshot RISC_CPU_tb_behav xil_defaultlib.RISC_CPU_tb xil_defaultlib.glbl -log elaborate.log 
Using 2 slave threads.
Starting static elaboration
Pass Through NonSizing Optimizer
Completed static elaboration
Starting simulation data flow analysis
WARNING: [XSIM 43-4099] "F:/RISC/TKLL_NHOM11/doan/project_ANH_NGHI.srcs/sources_1/new/ALU.v" Line 1. Module ALU doesn't have a timescale but at least one module in design has a timescale.
WARNING: [XSIM 43-4099] "F:/RISC/TKLL_NHOM11/doan/project_ANH_NGHI.srcs/sources_1/new/ALU.v" Line 1. Module ALU doesn't have a timescale but at least one module in design has a timescale.
Completed simulation data flow analysis
Time Resolution for simulation is 1ps
Compiling module xil_defaultlib.Program_Counter
Compiling module xil_defaultlib.addr_mux
Compiling module xil_defaultlib.instructionMemory
Compiling module xil_defaultlib.Instruction_Register
Compiling module xil_defaultlib.dataMemory
Compiling module xil_defaultlib.Accumulator_Register
Compiling module xil_defaultlib.ALU
Compiling module xil_defaultlib.Controller
Compiling module xil_defaultlib.RISC_CPU
Compiling module xil_defaultlib.RISC_CPU_tb
Compiling module xil_defaultlib.glbl
Built simulation snapshot RISC_CPU_tb_behav
INFO: [USF-XSim-69] 'elaborate' step finished in '2' seconds
INFO: [USF-XSim-4] XSim::Simulate design
INFO: [USF-XSim-61] Executing 'SIMULATE' step in 'F:/RISC/TKLL_NHOM11/doan/project_ANH_NGHI.sim/sim_1/behav/xsim'
INFO: [USF-XSim-98] *** Running xsim
   with args "RISC_CPU_tb_behav -key {Behavioral:sim_1:Functional:RISC_CPU_tb} -tclbatch {RISC_CPU_tb.tcl} -log {simulate.log}"
INFO: [USF-XSim-8] Loading simulator feature
Time resolution is 1 ps
source RISC_CPU_tb.tcl
# set curr_wave [current_wave_config]
# if { [string length $curr_wave] == 0 } {
#   if { [llength [get_objects]] > 0} {
#     add_wave /
#     set_property needs_save false [current_wave_config]
#   } else {
#      send_msg_id Add_Wave-1 WARNING "No top level signals found. Simulator will start without a wave window. If you want to open a wave window go to 'File->New Waveform Configuration' or type 'create_wave_config' in the TCL console."
#   }
# }
# run 1000ns
Đọc file thành công!
Time: 0 | PC_out: 0 | Opcode: 000 | Operand: 00000 | Accumulator: 0 | ALU_Result: x | instruc: xx | data: xx | wr_en: x |operand_address:  0 | operand_address_out:  x | mux_select: x | pc_enable: x 
Time: 5000 | PC_out: 0 | Opcode: 000 | Operand: 00000 | Accumulator: 0 | ALU_Result: z | instruc: xx | data: xx | wr_en: 0 |operand_address:  0 | operand_address_out:  x | mux_select: 0 | pc_enable: 0 
Time: 15000 | PC_out: 0 | Opcode: 000 | Operand: 00000 | Accumulator: 0 | ALU_Result: z | instruc: 45 | data: xx | wr_en: 0 |operand_address:  0 | operand_address_out:  0 | mux_select: 1 | pc_enable: 0 
Time: 25000 | PC_out: 0 | Opcode: 000 | Operand: 00000 | Accumulator: 0 | ALU_Result: z | instruc: 45 | data: 01 | wr_en: 0 |operand_address:  0 | operand_address_out:  0 | mux_select: 1 | pc_enable: 0 
Time: 55000 | PC_out: 0 | Opcode: 000 | Operand: 00000 | Accumulator: 0 | ALU_Result: z | instruc: 45 | data: 01 | wr_en: 0 |operand_address:  0 | operand_address_out:  0 | mux_select: 0 | pc_enable: 0 
Time: 65000 | PC_out: 0 | Opcode: 010 | Operand: 00101 | Accumulator: 0 | ALU_Result: z | instruc: 45 | data: 01 | wr_en: 0 |operand_address:  5 | operand_address_out:  0 | mux_select: 0 | pc_enable: 0 
Time: 75000 | PC_out: 0 | Opcode: 010 | Operand: 00101 | Accumulator: 0 | ALU_Result: 1 | instruc: 45 | data: 01 | wr_en: 0 |operand_address:  5 | operand_address_out:  5 | mux_select: 0 | pc_enable: 0 
Time: 85000 | PC_out: 0 | Opcode: 010 | Operand: 00101 | Accumulator: 0 | ALU_Result: 1 | instruc: 45 | data: 0a | wr_en: 0 |operand_address:  5 | operand_address_out:  5 | mux_select: 0 | pc_enable: 0 
Time: 95000 | PC_out: 0 | Opcode: 010 | Operand: 00101 | Accumulator: 0 | ALU_Result: 10 | instruc: 45 | data: 0a | wr_en: 0 |operand_address:  5 | operand_address_out:  5 | mux_select: 0 | pc_enable: 0 
INFO: [USF-XSim-96] XSim completed. Design snapshot 'RISC_CPU_tb_behav' loaded.
INFO: [USF-XSim-97] XSim simulation ran for 1000ns
launch_simulation: Time (s): cpu = 00:00:00 ; elapsed = 00:00:06 . Memory (MB): peak = 1599.754 ; gain = 4.281
WARNING: [filemgmt 56-199] Attempt to get parsing info during refresh. "On-the-fly" syntax checking information may be incorrect. [F:\RISC\TKLL_NHOM11\doan\project_ANH_NGHI.srcs\sim_1\new\RISC_CPU_tb.v:]
WARNING: [filemgmt 56-199] Attempt to get parsing info during refresh. "On-the-fly" syntax checking information may be incorrect. [F:\RISC\TKLL_NHOM11\doan\project_ANH_NGHI.srcs\sources_1\new\RISC_CPU.v:]
WARNING: [filemgmt 56-199] Attempt to get parsing info during refresh. "On-the-fly" syntax checking information may be incorrect. [F:\RISC\TKLL_NHOM11\doan\project_ANH_NGHI.srcs\sources_1\new\Controller.v:]
WARNING: [filemgmt 56-199] Attempt to get parsing info during refresh. "On-the-fly" syntax checking information may be incorrect. [F:\RISC\TKLL_NHOM11\doan\project_ANH_NGHI.srcs\sim_1\new\RISC_CPU_tb.v:]
WARNING: [filemgmt 56-199] Attempt to get parsing info during refresh. "On-the-fly" syntax checking information may be incorrect. [F:\RISC\TKLL_NHOM11\doan\project_ANH_NGHI.srcs\sim_1\new\RISC_CPU_tb.v:]
WARNING: [filemgmt 56-199] Attempt to get parsing info during refresh. "On-the-fly" syntax checking information may be incorrect. [F:\RISC\TKLL_NHOM11\doan\project_ANH_NGHI.srcs\sim_1\new\RISC_CPU_tb.v:]
WARNING: [filemgmt 56-199] Attempt to get parsing info during refresh. "On-the-fly" syntax checking information may be incorrect. [F:\RISC\TKLL_NHOM11\doan\project_ANH_NGHI.srcs\sources_1\new\RISC_CPU.v:]
WARNING: [filemgmt 56-199] Attempt to get parsing info during refresh. "On-the-fly" syntax checking information may be incorrect. [F:\RISC\TKLL_NHOM11\doan\project_ANH_NGHI.srcs\sources_1\new\Controller.v:]
WARNING: [filemgmt 56-199] Attempt to get parsing info during refresh. "On-the-fly" syntax checking information may be incorrect. [F:\RISC\TKLL_NHOM11\doan\project_ANH_NGHI.srcs\sources_1\new\Controller.v:]
WARNING: [filemgmt 56-199] Attempt to get parsing info during refresh. "On-the-fly" syntax checking information may be incorrect. [F:\RISC\TKLL_NHOM11\doan\project_ANH_NGHI.srcs\sources_1\new\Controller.v:]
close_sim
INFO: [Simtcl 6-16] Simulation closed
launch_simulation
Command: launch_simulation 
INFO: [Vivado 12-12493] Simulation top is 'RISC_CPU_tb'
WARNING: [Vivado 12-13340] Unable to auto find GCC executables from simulator install path! (path not set)
INFO: [Vivado 12-5682] Launching behavioral simulation in 'F:/RISC/TKLL_NHOM11/doan/project_ANH_NGHI.sim/sim_1/behav/xsim'
INFO: [SIM-utils-51] Simulation object is 'sim_1'
INFO: [SIM-utils-72] Using boost library from 'F:/Xilinx/Vivado/2024.1/tps/boost_1_72_0'
INFO: [SIM-utils-54] Inspecting design source files for 'RISC_CPU_tb' in fileset 'sim_1'...
INFO: [SIM-utils-43] Exported 'F:/RISC/TKLL_NHOM11/doan/project_ANH_NGHI.sim/sim_1/behav/xsim/data_init.mem'
INFO: [SIM-utils-43] Exported 'F:/RISC/TKLL_NHOM11/doan/project_ANH_NGHI.sim/sim_1/behav/xsim/instruction_file.mem'
INFO: [USF-XSim-97] Finding global include files...
INFO: [USF-XSim-98] Fetching design files from 'sim_1'...
INFO: [USF-XSim-2] XSim::Compile design
INFO: [USF-XSim-61] Executing 'COMPILE and ANALYZE' step in 'F:/RISC/TKLL_NHOM11/doan/project_ANH_NGHI.sim/sim_1/behav/xsim'
"xvlog --incr --relax -prj RISC_CPU_tb_vlog.prj"
INFO: [VRFC 10-2263] Analyzing Verilog file "F:/RISC/TKLL_NHOM11/doan/project_ANH_NGHI.srcs/sources_1/new/ALU.v" into library xil_defaultlib
INFO: [VRFC 10-311] analyzing module ALU
INFO: [VRFC 10-2263] Analyzing Verilog file "F:/RISC/TKLL_NHOM11/doan/project_ANH_NGHI.srcs/sources_1/new/Accumulator_Register.v" into library xil_defaultlib
INFO: [VRFC 10-311] analyzing module Accumulator_Register
INFO: [VRFC 10-2263] Analyzing Verilog file "F:/RISC/TKLL_NHOM11/doan/project_ANH_NGHI.srcs/sources_1/new/Controller.v" into library xil_defaultlib
INFO: [VRFC 10-311] analyzing module Controller
INFO: [VRFC 10-2263] Analyzing Verilog file "F:/RISC/TKLL_NHOM11/doan/project_ANH_NGHI.srcs/sources_1/new/Instruction_Register.v" into library xil_defaultlib
INFO: [VRFC 10-311] analyzing module Instruction_Register
INFO: [VRFC 10-2263] Analyzing Verilog file "F:/RISC/TKLL_NHOM11/doan/project_ANH_NGHI.srcs/sources_1/new/Program_Counter.v" into library xil_defaultlib
INFO: [VRFC 10-311] analyzing module Program_Counter
INFO: [VRFC 10-2263] Analyzing Verilog file "F:/RISC/TKLL_NHOM11/doan/project_ANH_NGHI.srcs/sources_1/new/RISC_CPU.v" into library xil_defaultlib
INFO: [VRFC 10-311] analyzing module RISC_CPU
INFO: [VRFC 10-2263] Analyzing Verilog file "F:/RISC/TKLL_NHOM11/doan/project_ANH_NGHI.srcs/sources_1/new/addr_mux.v" into library xil_defaultlib
INFO: [VRFC 10-311] analyzing module addr_mux
INFO: [VRFC 10-2263] Analyzing Verilog file "F:/RISC/TKLL_NHOM11/doan/project_ANH_NGHI.srcs/sources_1/new/dataMemory.v" into library xil_defaultlib
INFO: [VRFC 10-311] analyzing module dataMemory
INFO: [VRFC 10-2263] Analyzing Verilog file "F:/RISC/TKLL_NHOM11/doan/project_ANH_NGHI.srcs/sources_1/new/instructionMemory.v" into library xil_defaultlib
INFO: [VRFC 10-311] analyzing module instructionMemory
INFO: [VRFC 10-2263] Analyzing Verilog file "F:/RISC/TKLL_NHOM11/doan/project_ANH_NGHI.srcs/sim_1/new/RISC_CPU_tb.v" into library xil_defaultlib
INFO: [VRFC 10-311] analyzing module RISC_CPU_tb
INFO: [USF-XSim-69] 'compile' step finished in '1' seconds
INFO: [USF-XSim-3] XSim::Elaborate design
INFO: [USF-XSim-61] Executing 'ELABORATE' step in 'F:/RISC/TKLL_NHOM11/doan/project_ANH_NGHI.sim/sim_1/behav/xsim'
"xelab --incr --debug typical --relax --mt 2 -L xil_defaultlib -L unisims_ver -L unimacro_ver -L secureip --snapshot RISC_CPU_tb_behav xil_defaultlib.RISC_CPU_tb xil_defaultlib.glbl -log elaborate.log"
Vivado Simulator v2024.1
Copyright 1986-2022 Xilinx, Inc. All Rights Reserved.
Copyright 2022-2024 Advanced Micro Devices, Inc. All Rights Reserved.
Running: F:/Xilinx/Vivado/2024.1/bin/unwrapped/win64.o/xelab.exe --incr --debug typical --relax --mt 2 -L xil_defaultlib -L unisims_ver -L unimacro_ver -L secureip --snapshot RISC_CPU_tb_behav xil_defaultlib.RISC_CPU_tb xil_defaultlib.glbl -log elaborate.log 
Using 2 slave threads.
Starting static elaboration
Pass Through NonSizing Optimizer
Completed static elaboration
Starting simulation data flow analysis
WARNING: [XSIM 43-4099] "F:/RISC/TKLL_NHOM11/doan/project_ANH_NGHI.srcs/sources_1/new/ALU.v" Line 1. Module ALU doesn't have a timescale but at least one module in design has a timescale.
WARNING: [XSIM 43-4099] "F:/RISC/TKLL_NHOM11/doan/project_ANH_NGHI.srcs/sources_1/new/ALU.v" Line 1. Module ALU doesn't have a timescale but at least one module in design has a timescale.
Completed simulation data flow analysis
Time Resolution for simulation is 1ps
Compiling module xil_defaultlib.Program_Counter
Compiling module xil_defaultlib.addr_mux
Compiling module xil_defaultlib.instructionMemory
Compiling module xil_defaultlib.Instruction_Register
Compiling module xil_defaultlib.dataMemory
Compiling module xil_defaultlib.Accumulator_Register
Compiling module xil_defaultlib.ALU
Compiling module xil_defaultlib.Controller
Compiling module xil_defaultlib.RISC_CPU
Compiling module xil_defaultlib.RISC_CPU_tb
Compiling module xil_defaultlib.glbl
Built simulation snapshot RISC_CPU_tb_behav
INFO: [USF-XSim-69] 'elaborate' step finished in '2' seconds
INFO: [USF-XSim-4] XSim::Simulate design
INFO: [USF-XSim-61] Executing 'SIMULATE' step in 'F:/RISC/TKLL_NHOM11/doan/project_ANH_NGHI.sim/sim_1/behav/xsim'
INFO: [USF-XSim-98] *** Running xsim
   with args "RISC_CPU_tb_behav -key {Behavioral:sim_1:Functional:RISC_CPU_tb} -tclbatch {RISC_CPU_tb.tcl} -log {simulate.log}"
INFO: [USF-XSim-8] Loading simulator feature
Time resolution is 1 ps
source RISC_CPU_tb.tcl
# set curr_wave [current_wave_config]
# if { [string length $curr_wave] == 0 } {
#   if { [llength [get_objects]] > 0} {
#     add_wave /
#     set_property needs_save false [current_wave_config]
#   } else {
#      send_msg_id Add_Wave-1 WARNING "No top level signals found. Simulator will start without a wave window. If you want to open a wave window go to 'File->New Waveform Configuration' or type 'create_wave_config' in the TCL console."
#   }
# }
# run 1000ns
Đọc file thành công!
Time: 0 | PC_out: 0 | Opcode: 000 | Operand: 00000 | Accumulator: 0 | ALU_Result: x | instruc: xx | data: xx | wr_en: x |operand_address:  0 | operand_address_out:  x | mux_select: x | pc_enable: x 
Time: 5000 | PC_out: 0 | Opcode: 000 | Operand: 00000 | Accumulator: 0 | ALU_Result: z | instruc: xx | data: xx | wr_en: 0 |operand_address:  0 | operand_address_out:  x | mux_select: 0 | pc_enable: 0 
Time: 15000 | PC_out: 0 | Opcode: 000 | Operand: 00000 | Accumulator: 0 | ALU_Result: z | instruc: 45 | data: xx | wr_en: 0 |operand_address:  0 | operand_address_out:  0 | mux_select: 1 | pc_enable: 0 
Time: 25000 | PC_out: 0 | Opcode: 000 | Operand: 00000 | Accumulator: 0 | ALU_Result: z | instruc: 45 | data: 01 | wr_en: 0 |operand_address:  0 | operand_address_out:  0 | mux_select: 1 | pc_enable: 0 
Time: 45000 | PC_out: 0 | Opcode: 010 | Operand: 00101 | Accumulator: 0 | ALU_Result: z | instruc: 45 | data: 01 | wr_en: 0 |operand_address:  5 | operand_address_out:  0 | mux_select: 1 | pc_enable: 0 
Time: 55000 | PC_out: 0 | Opcode: 010 | Operand: 00101 | Accumulator: 0 | ALU_Result: 1 | instruc: 45 | data: 01 | wr_en: 0 |operand_address:  5 | operand_address_out:  0 | mux_select: 0 | pc_enable: 0 
Time: 65000 | PC_out: 0 | Opcode: 010 | Operand: 00101 | Accumulator: 0 | ALU_Result: 1 | instruc: 45 | data: 01 | wr_en: 0 |operand_address:  5 | operand_address_out:  5 | mux_select: 0 | pc_enable: 0 
Time: 75000 | PC_out: 0 | Opcode: 010 | Operand: 00101 | Accumulator: 0 | ALU_Result: 1 | instruc: 45 | data: 0a | wr_en: 0 |operand_address:  5 | operand_address_out:  5 | mux_select: 0 | pc_enable: 0 
Time: 85000 | PC_out: 0 | Opcode: 010 | Operand: 00101 | Accumulator: 0 | ALU_Result: 10 | instruc: 45 | data: 0a | wr_en: 0 |operand_address:  5 | operand_address_out:  5 | mux_select: 0 | pc_enable: 0 
Time: 95000 | PC_out: 0 | Opcode: 010 | Operand: 00101 | Accumulator: 0 | ALU_Result: 10 | instruc: 45 | data: 0a | wr_en: 0 |operand_address:  5 | operand_address_out:  5 | mux_select: 0 | pc_enable: 1 
Time: 105000 | PC_out: 1 | Opcode: 010 | Operand: 00101 | Accumulator: 10 | ALU_Result: 10 | instruc: 45 | data: 0a | wr_en: 0 |operand_address:  5 | operand_address_out:  5 | mux_select: 0 | pc_enable: 1 
Time: 115000 | PC_out: 2 | Opcode: 010 | Operand: 00101 | Accumulator: 10 | ALU_Result: 20 | instruc: 45 | data: 0a | wr_en: 0 |operand_address:  5 | operand_address_out:  5 | mux_select: 1 | pc_enable: 0 
Time: 135000 | PC_out: 2 | Opcode: 010 | Operand: 00101 | Accumulator: 10 | ALU_Result: 20 | instruc: 87 | data: 0a | wr_en: 0 |operand_address:  5 | operand_address_out:  5 | mux_select: 0 | pc_enable: 0 
Time: 165000 | PC_out: 2 | Opcode: 100 | Operand: 00111 | Accumulator: 10 | ALU_Result: 20 | instruc: 87 | data: 0a | wr_en: 0 |operand_address:  7 | operand_address_out:  5 | mux_select: 0 | pc_enable: 0 
Time: 175000 | PC_out: 2 | Opcode: 100 | Operand: 00111 | Accumulator: 10 | ALU_Result: 0 | instruc: 87 | data: 0a | wr_en: 0 |operand_address:  7 | operand_address_out:  7 | mux_select: 0 | pc_enable: 1 
Time: 185000 | PC_out: 3 | Opcode: 100 | Operand: 00111 | Accumulator: 0 | ALU_Result: 0 | instruc: 87 | data: 0f | wr_en: 0 |operand_address:  7 | operand_address_out:  7 | mux_select: 0 | pc_enable: 1 
Time: 195000 | PC_out: 4 | Opcode: 100 | Operand: 00111 | Accumulator: 0 | ALU_Result: 15 | instruc: 87 | data: 0f | wr_en: 0 |operand_address:  7 | operand_address_out:  7 | mux_select: 1 | pc_enable: 0 
Time: 215000 | PC_out: 4 | Opcode: 100 | Operand: 00111 | Accumulator: 0 | ALU_Result: 15 | instruc: xx | data: 0f | wr_en: 0 |operand_address:  7 | operand_address_out:  7 | mux_select: 0 | pc_enable: 0 
Time: 245000 | PC_out: 4 | Opcode: xxx | Operand: xxxxx | Accumulator: 0 | ALU_Result: 15 | instruc: xx | data: 0f | wr_en: 0 |operand_address:  x | operand_address_out:  7 | mux_select: 0 | pc_enable: 0 
Time: 255000 | PC_out: 4 | Opcode: xxx | Operand: xxxxx | Accumulator: 0 | ALU_Result: z | instruc: xx | data: 0f | wr_en: 0 |operand_address:  x | operand_address_out:  x | mux_select: 0 | pc_enable: 1 
Time: 265000 | PC_out: 5 | Opcode: xxx | Operand: xxxxx | Accumulator: z | ALU_Result: z | instruc: xx | data: xx | wr_en: 0 |operand_address:  x | operand_address_out:  x | mux_select: 0 | pc_enable: 1 
Time: 275000 | PC_out: 6 | Opcode: xxx | Operand: xxxxx | Accumulator: z | ALU_Result: z | instruc: xx | data: xx | wr_en: 0 |operand_address:  x | operand_address_out:  x | mux_select: 1 | pc_enable: 0 
Time: 295000 | PC_out: 6 | Opcode: xxx | Operand: xxxxx | Accumulator: z | ALU_Result: z | instruc: xx | data: xx | wr_en: 0 |operand_address:  x | operand_address_out:  x | mux_select: 0 | pc_enable: 0 
Time: 315000 | PC_out: 6 | Opcode: xxx | Operand: xxxxx | Accumulator: z | ALU_Result: z | instruc: xx | data: xx | wr_en: 0 |operand_address:  x | operand_address_out:  x | mux_select: 1 | pc_enable: 0 
Time: 355000 | PC_out: 6 | Opcode: xxx | Operand: xxxxx | Accumulator: z | ALU_Result: z | instruc: xx | data: xx | wr_en: 0 |operand_address:  x | operand_address_out:  x | mux_select: 0 | pc_enable: 0 
Time: 375000 | PC_out: 6 | Opcode: xxx | Operand: xxxxx | Accumulator: z | ALU_Result: z | instruc: xx | data: xx | wr_en: 0 |operand_address:  x | operand_address_out:  x | mux_select: 1 | pc_enable: 0 
Time: 415000 | PC_out: 6 | Opcode: xxx | Operand: xxxxx | Accumulator: z | ALU_Result: z | instruc: xx | data: xx | wr_en: 0 |operand_address:  x | operand_address_out:  x | mux_select: 0 | pc_enable: 0 
Time: 435000 | PC_out: 6 | Opcode: xxx | Operand: xxxxx | Accumulator: z | ALU_Result: z | instruc: xx | data: xx | wr_en: 0 |operand_address:  x | operand_address_out:  x | mux_select: 1 | pc_enable: 0 
Time: 475000 | PC_out: 6 | Opcode: xxx | Operand: xxxxx | Accumulator: z | ALU_Result: z | instruc: xx | data: xx | wr_en: 0 |operand_address:  x | operand_address_out:  x | mux_select: 0 | pc_enable: 0 
Time: 495000 | PC_out: 6 | Opcode: xxx | Operand: xxxxx | Accumulator: z | ALU_Result: z | instruc: xx | data: xx | wr_en: 0 |operand_address:  x | operand_address_out:  x | mux_select: 1 | pc_enable: 0 
Time: 535000 | PC_out: 6 | Opcode: xxx | Operand: xxxxx | Accumulator: z | ALU_Result: z | instruc: xx | data: xx | wr_en: 0 |operand_address:  x | operand_address_out:  x | mux_select: 0 | pc_enable: 0 
Time: 555000 | PC_out: 6 | Opcode: xxx | Operand: xxxxx | Accumulator: z | ALU_Result: z | instruc: xx | data: xx | wr_en: 0 |operand_address:  x | operand_address_out:  x | mux_select: 1 | pc_enable: 0 
Time: 595000 | PC_out: 6 | Opcode: xxx | Operand: xxxxx | Accumulator: z | ALU_Result: z | instruc: xx | data: xx | wr_en: 0 |operand_address:  x | operand_address_out:  x | mux_select: 0 | pc_enable: 0 
Time: 615000 | PC_out: 6 | Opcode: xxx | Operand: xxxxx | Accumulator: z | ALU_Result: z | instruc: xx | data: xx | wr_en: 0 |operand_address:  x | operand_address_out:  x | mux_select: 1 | pc_enable: 0 
Time: 655000 | PC_out: 6 | Opcode: xxx | Operand: xxxxx | Accumulator: z | ALU_Result: z | instruc: xx | data: xx | wr_en: 0 |operand_address:  x | operand_address_out:  x | mux_select: 0 | pc_enable: 0 
Time: 675000 | PC_out: 6 | Opcode: xxx | Operand: xxxxx | Accumulator: z | ALU_Result: z | instruc: xx | data: xx | wr_en: 0 |operand_address:  x | operand_address_out:  x | mux_select: 1 | pc_enable: 0 
Time: 715000 | PC_out: 6 | Opcode: xxx | Operand: xxxxx | Accumulator: z | ALU_Result: z | instruc: xx | data: xx | wr_en: 0 |operand_address:  x | operand_address_out:  x | mux_select: 0 | pc_enable: 0 
Time: 735000 | PC_out: 6 | Opcode: xxx | Operand: xxxxx | Accumulator: z | ALU_Result: z | instruc: xx | data: xx | wr_en: 0 |operand_address:  x | operand_address_out:  x | mux_select: 1 | pc_enable: 0 
Time: 775000 | PC_out: 6 | Opcode: xxx | Operand: xxxxx | Accumulator: z | ALU_Result: z | instruc: xx | data: xx | wr_en: 0 |operand_address:  x | operand_address_out:  x | mux_select: 0 | pc_enable: 0 
Time: 795000 | PC_out: 6 | Opcode: xxx | Operand: xxxxx | Accumulator: z | ALU_Result: z | instruc: xx | data: xx | wr_en: 0 |operand_address:  x | operand_address_out:  x | mux_select: 1 | pc_enable: 0 
Time: 835000 | PC_out: 6 | Opcode: xxx | Operand: xxxxx | Accumulator: z | ALU_Result: z | instruc: xx | data: xx | wr_en: 0 |operand_address:  x | operand_address_out:  x | mux_select: 0 | pc_enable: 0 
Time: 855000 | PC_out: 6 | Opcode: xxx | Operand: xxxxx | Accumulator: z | ALU_Result: z | instruc: xx | data: xx | wr_en: 0 |operand_address:  x | operand_address_out:  x | mux_select: 1 | pc_enable: 0 
Time: 895000 | PC_out: 6 | Opcode: xxx | Operand: xxxxx | Accumulator: z | ALU_Result: z | instruc: xx | data: xx | wr_en: 0 |operand_address:  x | operand_address_out:  x | mux_select: 0 | pc_enable: 0 
Time: 915000 | PC_out: 6 | Opcode: xxx | Operand: xxxxx | Accumulator: z | ALU_Result: z | instruc: xx | data: xx | wr_en: 0 |operand_address:  x | operand_address_out:  x | mux_select: 1 | pc_enable: 0 
Time: 955000 | PC_out: 6 | Opcode: xxx | Operand: xxxxx | Accumulator: z | ALU_Result: z | instruc: xx | data: xx | wr_en: 0 |operand_address:  x | operand_address_out:  x | mux_select: 0 | pc_enable: 0 
Time: 975000 | PC_out: 6 | Opcode: xxx | Operand: xxxxx | Accumulator: z | ALU_Result: z | instruc: xx | data: xx | wr_en: 0 |operand_address:  x | operand_address_out:  x | mux_select: 1 | pc_enable: 0 
INFO: [USF-XSim-96] XSim completed. Design snapshot 'RISC_CPU_tb_behav' loaded.
INFO: [USF-XSim-97] XSim simulation ran for 1000ns
launch_simulation: Time (s): cpu = 00:00:01 ; elapsed = 00:00:06 . Memory (MB): peak = 1606.805 ; gain = 7.051
WARNING: [filemgmt 56-199] Attempt to get parsing info during refresh. "On-the-fly" syntax checking information may be incorrect. [F:\RISC\TKLL_NHOM11\doan\project_ANH_NGHI.srcs\sim_1\new\RISC_CPU_tb.v:]
WARNING: [filemgmt 56-199] Attempt to get parsing info during refresh. "On-the-fly" syntax checking information may be incorrect. [F:\RISC\TKLL_NHOM11\doan\project_ANH_NGHI.srcs\sources_1\new\Accumulator_Register.v:]
WARNING: [filemgmt 56-199] Attempt to get parsing info during refresh. "On-the-fly" syntax checking information may be incorrect. [F:\RISC\TKLL_NHOM11\doan\project_ANH_NGHI.srcs\sources_1\new\RISC_CPU.v:]
WARNING: [filemgmt 56-199] Attempt to get parsing info during refresh. "On-the-fly" syntax checking information may be incorrect. [F:\RISC\TKLL_NHOM11\doan\project_ANH_NGHI.srcs\sources_1\new\Controller.v:]
WARNING: [filemgmt 56-199] Attempt to get parsing info during refresh. "On-the-fly" syntax checking information may be incorrect. [F:\RISC\TKLL_NHOM11\doan\project_ANH_NGHI.srcs\sim_1\new\RISC_CPU_tb.v:]
WARNING: [filemgmt 56-199] Attempt to get parsing info during refresh. "On-the-fly" syntax checking information may be incorrect. [F:\RISC\TKLL_NHOM11\doan\project_ANH_NGHI.srcs\sim_1\new\RISC_CPU_tb.v:]
WARNING: [filemgmt 56-199] Attempt to get parsing info during refresh. "On-the-fly" syntax checking information may be incorrect. [F:\RISC\TKLL_NHOM11\doan\project_ANH_NGHI.srcs\sim_1\new\RISC_CPU_tb.v:]
WARNING: [filemgmt 56-199] Attempt to get parsing info during refresh. "On-the-fly" syntax checking information may be incorrect. [F:\RISC\TKLL_NHOM11\doan\project_ANH_NGHI.srcs\sources_1\new\Accumulator_Register.v:]
WARNING: [filemgmt 56-199] Attempt to get parsing info during refresh. "On-the-fly" syntax checking information may be incorrect. [F:\RISC\TKLL_NHOM11\doan\project_ANH_NGHI.srcs\sources_1\new\RISC_CPU.v:]
WARNING: [filemgmt 56-199] Attempt to get parsing info during refresh. "On-the-fly" syntax checking information may be incorrect. [F:\RISC\TKLL_NHOM11\doan\project_ANH_NGHI.srcs\sources_1\new\Controller.v:]
WARNING: [filemgmt 56-199] Attempt to get parsing info during refresh. "On-the-fly" syntax checking information may be incorrect. [F:\RISC\TKLL_NHOM11\doan\project_ANH_NGHI.srcs\sources_1\new\Accumulator_Register.v:]
WARNING: [filemgmt 56-199] Attempt to get parsing info during refresh. "On-the-fly" syntax checking information may be incorrect. [F:\RISC\TKLL_NHOM11\doan\project_ANH_NGHI.srcs\sources_1\new\Accumulator_Register.v:]
ERROR: [Common 17-180] Spawn failed: No error
WARNING: [filemgmt 56-199] Attempt to get parsing info during refresh. "On-the-fly" syntax checking information may be incorrect. [F:\RISC\TKLL_NHOM11\doan\project_ANH_NGHI.srcs\sim_1\new\RISC_CPU_tb.v:]
WARNING: [filemgmt 56-199] Attempt to get parsing info during refresh. "On-the-fly" syntax checking information may be incorrect. [F:\RISC\TKLL_NHOM11\doan\project_ANH_NGHI.srcs\sources_1\new\Accumulator_Register.v:]
WARNING: [filemgmt 56-199] Attempt to get parsing info during refresh. "On-the-fly" syntax checking information may be incorrect. [F:\RISC\TKLL_NHOM11\doan\project_ANH_NGHI.srcs\sources_1\new\RISC_CPU.v:]
WARNING: [filemgmt 56-199] Attempt to get parsing info during refresh. "On-the-fly" syntax checking information may be incorrect. [F:\RISC\TKLL_NHOM11\doan\project_ANH_NGHI.srcs\sources_1\new\Controller.v:]
WARNING: [filemgmt 56-199] Attempt to get parsing info during refresh. "On-the-fly" syntax checking information may be incorrect. [F:\RISC\TKLL_NHOM11\doan\project_ANH_NGHI.srcs\sources_1\new\RISC_CPU.v:]
WARNING: [filemgmt 56-199] Attempt to get parsing info during refresh. "On-the-fly" syntax checking information may be incorrect. [F:\RISC\TKLL_NHOM11\doan\project_ANH_NGHI.srcs\sources_1\new\RISC_CPU.v:]
ERROR: [Common 17-180] Spawn failed: No error
WARNING: [filemgmt 56-199] Attempt to get parsing info during refresh. "On-the-fly" syntax checking information may be incorrect. [F:\RISC\TKLL_NHOM11\doan\project_ANH_NGHI.srcs\sim_1\new\RISC_CPU_tb.v:]
WARNING: [filemgmt 56-199] Attempt to get parsing info during refresh. "On-the-fly" syntax checking information may be incorrect. [F:\RISC\TKLL_NHOM11\doan\project_ANH_NGHI.srcs\sources_1\new\Accumulator_Register.v:]
WARNING: [filemgmt 56-199] Attempt to get parsing info during refresh. "On-the-fly" syntax checking information may be incorrect. [F:\RISC\TKLL_NHOM11\doan\project_ANH_NGHI.srcs\sources_1\new\RISC_CPU.v:]
WARNING: [filemgmt 56-199] Attempt to get parsing info during refresh. "On-the-fly" syntax checking information may be incorrect. [F:\RISC\TKLL_NHOM11\doan\project_ANH_NGHI.srcs\sources_1\new\Controller.v:]
WARNING: [filemgmt 56-199] Attempt to get parsing info during refresh. "On-the-fly" syntax checking information may be incorrect. [F:\RISC\TKLL_NHOM11\doan\project_ANH_NGHI.srcs\sources_1\new\RISC_CPU.v:]
WARNING: [filemgmt 56-199] Attempt to get parsing info during refresh. "On-the-fly" syntax checking information may be incorrect. [F:\RISC\TKLL_NHOM11\doan\project_ANH_NGHI.srcs\sources_1\new\RISC_CPU.v:]
WARNING: [filemgmt 56-199] Attempt to get parsing info during refresh. "On-the-fly" syntax checking information may be incorrect. [F:\RISC\TKLL_NHOM11\doan\project_ANH_NGHI.srcs\sim_1\new\RISC_CPU_tb.v:]
WARNING: [filemgmt 56-199] Attempt to get parsing info during refresh. "On-the-fly" syntax checking information may be incorrect. [F:\RISC\TKLL_NHOM11\doan\project_ANH_NGHI.srcs\sources_1\new\Accumulator_Register.v:]
WARNING: [filemgmt 56-199] Attempt to get parsing info during refresh. "On-the-fly" syntax checking information may be incorrect. [F:\RISC\TKLL_NHOM11\doan\project_ANH_NGHI.srcs\sources_1\new\RISC_CPU.v:]
WARNING: [filemgmt 56-199] Attempt to get parsing info during refresh. "On-the-fly" syntax checking information may be incorrect. [F:\RISC\TKLL_NHOM11\doan\project_ANH_NGHI.srcs\sources_1\new\Controller.v:]
WARNING: [filemgmt 56-199] Attempt to get parsing info during refresh. "On-the-fly" syntax checking information may be incorrect. [F:\RISC\TKLL_NHOM11\doan\project_ANH_NGHI.srcs\sources_1\new\Accumulator_Register.v:]
WARNING: [filemgmt 56-199] Attempt to get parsing info during refresh. "On-the-fly" syntax checking information may be incorrect. [F:\RISC\TKLL_NHOM11\doan\project_ANH_NGHI.srcs\sources_1\new\Accumulator_Register.v:]
ERROR: [Common 17-180] Spawn failed: No error
ERROR: [Common 17-180] Spawn failed: No error
close_sim
INFO: [Simtcl 6-16] Simulation closed
launch_simulation
Command: launch_simulation 
INFO: [Vivado 12-12493] Simulation top is 'RISC_CPU_tb'
WARNING: [Vivado 12-13340] Unable to auto find GCC executables from simulator install path! (path not set)
INFO: [Vivado 12-5682] Launching behavioral simulation in 'F:/RISC/TKLL_NHOM11/doan/project_ANH_NGHI.sim/sim_1/behav/xsim'
INFO: [SIM-utils-51] Simulation object is 'sim_1'
INFO: [SIM-utils-72] Using boost library from 'F:/Xilinx/Vivado/2024.1/tps/boost_1_72_0'
INFO: [SIM-utils-54] Inspecting design source files for 'RISC_CPU_tb' in fileset 'sim_1'...
INFO: [SIM-utils-43] Exported 'F:/RISC/TKLL_NHOM11/doan/project_ANH_NGHI.sim/sim_1/behav/xsim/data_init.mem'
INFO: [SIM-utils-43] Exported 'F:/RISC/TKLL_NHOM11/doan/project_ANH_NGHI.sim/sim_1/behav/xsim/instruction_file.mem'
INFO: [USF-XSim-97] Finding global include files...
INFO: [USF-XSim-98] Fetching design files from 'sim_1'...
INFO: [USF-XSim-2] XSim::Compile design
INFO: [USF-XSim-61] Executing 'COMPILE and ANALYZE' step in 'F:/RISC/TKLL_NHOM11/doan/project_ANH_NGHI.sim/sim_1/behav/xsim'
"xvlog --incr --relax -prj RISC_CPU_tb_vlog.prj"
INFO: [VRFC 10-2263] Analyzing Verilog file "F:/RISC/TKLL_NHOM11/doan/project_ANH_NGHI.srcs/sources_1/new/ALU.v" into library xil_defaultlib
INFO: [VRFC 10-311] analyzing module ALU
INFO: [VRFC 10-2263] Analyzing Verilog file "F:/RISC/TKLL_NHOM11/doan/project_ANH_NGHI.srcs/sources_1/new/Accumulator_Register.v" into library xil_defaultlib
INFO: [VRFC 10-311] analyzing module Accumulator_Register
INFO: [VRFC 10-2263] Analyzing Verilog file "F:/RISC/TKLL_NHOM11/doan/project_ANH_NGHI.srcs/sources_1/new/Controller.v" into library xil_defaultlib
INFO: [VRFC 10-311] analyzing module Controller
INFO: [VRFC 10-2263] Analyzing Verilog file "F:/RISC/TKLL_NHOM11/doan/project_ANH_NGHI.srcs/sources_1/new/Instruction_Register.v" into library xil_defaultlib
INFO: [VRFC 10-311] analyzing module Instruction_Register
INFO: [VRFC 10-2263] Analyzing Verilog file "F:/RISC/TKLL_NHOM11/doan/project_ANH_NGHI.srcs/sources_1/new/Program_Counter.v" into library xil_defaultlib
INFO: [VRFC 10-311] analyzing module Program_Counter
INFO: [VRFC 10-2263] Analyzing Verilog file "F:/RISC/TKLL_NHOM11/doan/project_ANH_NGHI.srcs/sources_1/new/RISC_CPU.v" into library xil_defaultlib
INFO: [VRFC 10-311] analyzing module RISC_CPU
INFO: [VRFC 10-2263] Analyzing Verilog file "F:/RISC/TKLL_NHOM11/doan/project_ANH_NGHI.srcs/sources_1/new/addr_mux.v" into library xil_defaultlib
INFO: [VRFC 10-311] analyzing module addr_mux
INFO: [VRFC 10-2263] Analyzing Verilog file "F:/RISC/TKLL_NHOM11/doan/project_ANH_NGHI.srcs/sources_1/new/dataMemory.v" into library xil_defaultlib
INFO: [VRFC 10-311] analyzing module dataMemory
INFO: [VRFC 10-2263] Analyzing Verilog file "F:/RISC/TKLL_NHOM11/doan/project_ANH_NGHI.srcs/sources_1/new/instructionMemory.v" into library xil_defaultlib
INFO: [VRFC 10-311] analyzing module instructionMemory
INFO: [VRFC 10-2263] Analyzing Verilog file "F:/RISC/TKLL_NHOM11/doan/project_ANH_NGHI.srcs/sim_1/new/RISC_CPU_tb.v" into library xil_defaultlib
INFO: [VRFC 10-311] analyzing module RISC_CPU_tb
INFO: [USF-XSim-69] 'compile' step finished in '1' seconds
INFO: [USF-XSim-3] XSim::Elaborate design
INFO: [USF-XSim-61] Executing 'ELABORATE' step in 'F:/RISC/TKLL_NHOM11/doan/project_ANH_NGHI.sim/sim_1/behav/xsim'
"xelab --incr --debug typical --relax --mt 2 -L xil_defaultlib -L unisims_ver -L unimacro_ver -L secureip --snapshot RISC_CPU_tb_behav xil_defaultlib.RISC_CPU_tb xil_defaultlib.glbl -log elaborate.log"
Vivado Simulator v2024.1
Copyright 1986-2022 Xilinx, Inc. All Rights Reserved.
Copyright 2022-2024 Advanced Micro Devices, Inc. All Rights Reserved.
Running: F:/Xilinx/Vivado/2024.1/bin/unwrapped/win64.o/xelab.exe --incr --debug typical --relax --mt 2 -L xil_defaultlib -L unisims_ver -L unimacro_ver -L secureip --snapshot RISC_CPU_tb_behav xil_defaultlib.RISC_CPU_tb xil_defaultlib.glbl -log elaborate.log 
Using 2 slave threads.
Starting static elaboration
Pass Through NonSizing Optimizer
Completed static elaboration
Starting simulation data flow analysis
WARNING: [XSIM 43-4099] "F:/RISC/TKLL_NHOM11/doan/project_ANH_NGHI.srcs/sources_1/new/ALU.v" Line 1. Module ALU doesn't have a timescale but at least one module in design has a timescale.
WARNING: [XSIM 43-4099] "F:/RISC/TKLL_NHOM11/doan/project_ANH_NGHI.srcs/sources_1/new/ALU.v" Line 1. Module ALU doesn't have a timescale but at least one module in design has a timescale.
Completed simulation data flow analysis
Time Resolution for simulation is 1ps
Compiling module xil_defaultlib.Program_Counter
Compiling module xil_defaultlib.addr_mux
Compiling module xil_defaultlib.instructionMemory
Compiling module xil_defaultlib.Instruction_Register
Compiling module xil_defaultlib.dataMemory
Compiling module xil_defaultlib.Accumulator_Register
Compiling module xil_defaultlib.ALU
Compiling module xil_defaultlib.Controller
Compiling module xil_defaultlib.RISC_CPU
Compiling module xil_defaultlib.RISC_CPU_tb
Compiling module xil_defaultlib.glbl
Built simulation snapshot RISC_CPU_tb_behav
INFO: [USF-XSim-69] 'elaborate' step finished in '2' seconds
INFO: [USF-XSim-4] XSim::Simulate design
INFO: [USF-XSim-61] Executing 'SIMULATE' step in 'F:/RISC/TKLL_NHOM11/doan/project_ANH_NGHI.sim/sim_1/behav/xsim'
INFO: [USF-XSim-98] *** Running xsim
   with args "RISC_CPU_tb_behav -key {Behavioral:sim_1:Functional:RISC_CPU_tb} -tclbatch {RISC_CPU_tb.tcl} -log {simulate.log}"
INFO: [USF-XSim-8] Loading simulator feature
Time resolution is 1 ps
source RISC_CPU_tb.tcl
# set curr_wave [current_wave_config]
# if { [string length $curr_wave] == 0 } {
#   if { [llength [get_objects]] > 0} {
#     add_wave /
#     set_property needs_save false [current_wave_config]
#   } else {
#      send_msg_id Add_Wave-1 WARNING "No top level signals found. Simulator will start without a wave window. If you want to open a wave window go to 'File->New Waveform Configuration' or type 'create_wave_config' in the TCL console."
#   }
# }
# run 1000ns
Đọc file thành công!
Time: 0 | PC_out: 0 | Opcode: 000 | Operand: 00000 | Accumulator: 0 | ALU_Result: x | instruc: xx | data: xx | wr_en: x |operand_address:  0 | operand_address_out:  x | mux_select: x | pc_enable: x 
Time: 5000 | PC_out: 0 | Opcode: 000 | Operand: 00000 | Accumulator: 0 | ALU_Result: z | instruc: xx | data: xx | wr_en: 0 |operand_address:  0 | operand_address_out:  x | mux_select: 0 | pc_enable: 0 
Time: 15000 | PC_out: 0 | Opcode: 000 | Operand: 00000 | Accumulator: 0 | ALU_Result: z | instruc: 45 | data: xx | wr_en: 0 |operand_address:  0 | operand_address_out:  0 | mux_select: 1 | pc_enable: 0 
Time: 25000 | PC_out: 0 | Opcode: 000 | Operand: 00000 | Accumulator: 0 | ALU_Result: z | instruc: 45 | data: 01 | wr_en: 0 |operand_address:  0 | operand_address_out:  0 | mux_select: 1 | pc_enable: 0 
Time: 45000 | PC_out: 0 | Opcode: 010 | Operand: 00101 | Accumulator: 0 | ALU_Result: z | instruc: 45 | data: 01 | wr_en: 0 |operand_address:  5 | operand_address_out:  0 | mux_select: 1 | pc_enable: 0 
Time: 55000 | PC_out: 0 | Opcode: 010 | Operand: 00101 | Accumulator: 0 | ALU_Result: 1 | instruc: 45 | data: 01 | wr_en: 0 |operand_address:  5 | operand_address_out:  0 | mux_select: 0 | pc_enable: 0 
Time: 65000 | PC_out: 0 | Opcode: 010 | Operand: 00101 | Accumulator: 0 | ALU_Result: 1 | instruc: 45 | data: 01 | wr_en: 0 |operand_address:  5 | operand_address_out:  5 | mux_select: 0 | pc_enable: 0 
Time: 75000 | PC_out: 0 | Opcode: 010 | Operand: 00101 | Accumulator: 0 | ALU_Result: 1 | instruc: 45 | data: 0a | wr_en: 0 |operand_address:  5 | operand_address_out:  5 | mux_select: 0 | pc_enable: 0 
Time: 85000 | PC_out: 0 | Opcode: 010 | Operand: 00101 | Accumulator: 0 | ALU_Result: 10 | instruc: 45 | data: 0a | wr_en: 0 |operand_address:  5 | operand_address_out:  5 | mux_select: 0 | pc_enable: 0 
Time: 95000 | PC_out: 0 | Opcode: 010 | Operand: 00101 | Accumulator: 0 | ALU_Result: 10 | instruc: 45 | data: 0a | wr_en: 0 |operand_address:  5 | operand_address_out:  5 | mux_select: 0 | pc_enable: 1 
Time: 105000 | PC_out: 1 | Opcode: 010 | Operand: 00101 | Accumulator: 10 | ALU_Result: 10 | instruc: 45 | data: 0a | wr_en: 0 |operand_address:  5 | operand_address_out:  5 | mux_select: 0 | pc_enable: 1 
Time: 115000 | PC_out: 2 | Opcode: 010 | Operand: 00101 | Accumulator: 10 | ALU_Result: 20 | instruc: 45 | data: 0a | wr_en: 0 |operand_address:  5 | operand_address_out:  5 | mux_select: 1 | pc_enable: 0 
Time: 135000 | PC_out: 2 | Opcode: 010 | Operand: 00101 | Accumulator: 10 | ALU_Result: 20 | instruc: 87 | data: 0a | wr_en: 0 |operand_address:  5 | operand_address_out:  5 | mux_select: 0 | pc_enable: 0 
Time: 175000 | PC_out: 2 | Opcode: 010 | Operand: 00101 | Accumulator: 10 | ALU_Result: 20 | instruc: 87 | data: 0a | wr_en: 0 |operand_address:  5 | operand_address_out:  5 | mux_select: 0 | pc_enable: 1 
Time: 185000 | PC_out: 3 | Opcode: 010 | Operand: 00101 | Accumulator: 20 | ALU_Result: 20 | instruc: 87 | data: 0a | wr_en: 0 |operand_address:  5 | operand_address_out:  5 | mux_select: 0 | pc_enable: 1 
Time: 195000 | PC_out: 4 | Opcode: 010 | Operand: 00101 | Accumulator: 20 | ALU_Result: 30 | instruc: 87 | data: 0a | wr_en: 0 |operand_address:  5 | operand_address_out:  5 | mux_select: 1 | pc_enable: 0 
Time: 205000 | PC_out: 4 | Opcode: 100 | Operand: 00111 | Accumulator: 20 | ALU_Result: 30 | instruc: 87 | data: 0a | wr_en: 0 |operand_address:  7 | operand_address_out:  5 | mux_select: 1 | pc_enable: 0 
Time: 215000 | PC_out: 4 | Opcode: 100 | Operand: 00111 | Accumulator: 20 | ALU_Result: 30 | instruc: xx | data: 0a | wr_en: 0 |operand_address:  7 | operand_address_out:  5 | mux_select: 0 | pc_enable: 0 
Time: 225000 | PC_out: 4 | Opcode: 100 | Operand: 00111 | Accumulator: 20 | ALU_Result: 30 | instruc: xx | data: 0a | wr_en: 0 |operand_address:  7 | operand_address_out:  7 | mux_select: 0 | pc_enable: 0 
Time: 235000 | PC_out: 4 | Opcode: 100 | Operand: 00111 | Accumulator: 20 | ALU_Result: 30 | instruc: xx | data: 0f | wr_en: 0 |operand_address:  7 | operand_address_out:  7 | mux_select: 0 | pc_enable: 0 
Time: 245000 | PC_out: 4 | Opcode: 100 | Operand: 00111 | Accumulator: 20 | ALU_Result: 27 | instruc: xx | data: 0f | wr_en: 0 |operand_address:  7 | operand_address_out:  7 | mux_select: 0 | pc_enable: 0 
Time: 255000 | PC_out: 4 | Opcode: 100 | Operand: 00111 | Accumulator: 20 | ALU_Result: 27 | instruc: xx | data: 0f | wr_en: 0 |operand_address:  7 | operand_address_out:  7 | mux_select: 0 | pc_enable: 1 
Time: 265000 | PC_out: 5 | Opcode: 100 | Operand: 00111 | Accumulator: 27 | ALU_Result: 27 | instruc: xx | data: 0f | wr_en: 0 |operand_address:  7 | operand_address_out:  7 | mux_select: 0 | pc_enable: 1 
Time: 275000 | PC_out: 6 | Opcode: 100 | Operand: 00111 | Accumulator: 27 | ALU_Result: 20 | instruc: xx | data: 0f | wr_en: 0 |operand_address:  7 | operand_address_out:  7 | mux_select: 1 | pc_enable: 0 
Time: 285000 | PC_out: 6 | Opcode: xxx | Operand: xxxxx | Accumulator: 27 | ALU_Result: 20 | instruc: xx | data: 0f | wr_en: 0 |operand_address:  x | operand_address_out:  7 | mux_select: 1 | pc_enable: 0 
Time: 295000 | PC_out: 6 | Opcode: xxx | Operand: xxxxx | Accumulator: 27 | ALU_Result: z | instruc: xx | data: 0f | wr_en: 0 |operand_address:  x | operand_address_out:  7 | mux_select: 0 | pc_enable: 0 
Time: 305000 | PC_out: 6 | Opcode: xxx | Operand: xxxxx | Accumulator: 27 | ALU_Result: z | instruc: xx | data: 0f | wr_en: 0 |operand_address:  x | operand_address_out:  x | mux_select: 0 | pc_enable: 0 
Time: 315000 | PC_out: 6 | Opcode: xxx | Operand: xxxxx | Accumulator: 27 | ALU_Result: z | instruc: xx | data: xx | wr_en: 0 |operand_address:  x | operand_address_out:  x | mux_select: 1 | pc_enable: 0 
Time: 355000 | PC_out: 6 | Opcode: xxx | Operand: xxxxx | Accumulator: 27 | ALU_Result: z | instruc: xx | data: xx | wr_en: 0 |operand_address:  x | operand_address_out:  x | mux_select: 0 | pc_enable: 0 
Time: 375000 | PC_out: 6 | Opcode: xxx | Operand: xxxxx | Accumulator: 27 | ALU_Result: z | instruc: xx | data: xx | wr_en: 0 |operand_address:  x | operand_address_out:  x | mux_select: 1 | pc_enable: 0 
Time: 415000 | PC_out: 6 | Opcode: xxx | Operand: xxxxx | Accumulator: 27 | ALU_Result: z | instruc: xx | data: xx | wr_en: 0 |operand_address:  x | operand_address_out:  x | mux_select: 0 | pc_enable: 0 
Time: 435000 | PC_out: 6 | Opcode: xxx | Operand: xxxxx | Accumulator: 27 | ALU_Result: z | instruc: xx | data: xx | wr_en: 0 |operand_address:  x | operand_address_out:  x | mux_select: 1 | pc_enable: 0 
Time: 475000 | PC_out: 6 | Opcode: xxx | Operand: xxxxx | Accumulator: 27 | ALU_Result: z | instruc: xx | data: xx | wr_en: 0 |operand_address:  x | operand_address_out:  x | mux_select: 0 | pc_enable: 0 
Time: 495000 | PC_out: 6 | Opcode: xxx | Operand: xxxxx | Accumulator: 27 | ALU_Result: z | instruc: xx | data: xx | wr_en: 0 |operand_address:  x | operand_address_out:  x | mux_select: 1 | pc_enable: 0 
Time: 535000 | PC_out: 6 | Opcode: xxx | Operand: xxxxx | Accumulator: 27 | ALU_Result: z | instruc: xx | data: xx | wr_en: 0 |operand_address:  x | operand_address_out:  x | mux_select: 0 | pc_enable: 0 
Time: 555000 | PC_out: 6 | Opcode: xxx | Operand: xxxxx | Accumulator: 27 | ALU_Result: z | instruc: xx | data: xx | wr_en: 0 |operand_address:  x | operand_address_out:  x | mux_select: 1 | pc_enable: 0 
Time: 595000 | PC_out: 6 | Opcode: xxx | Operand: xxxxx | Accumulator: 27 | ALU_Result: z | instruc: xx | data: xx | wr_en: 0 |operand_address:  x | operand_address_out:  x | mux_select: 0 | pc_enable: 0 
Time: 615000 | PC_out: 6 | Opcode: xxx | Operand: xxxxx | Accumulator: 27 | ALU_Result: z | instruc: xx | data: xx | wr_en: 0 |operand_address:  x | operand_address_out:  x | mux_select: 1 | pc_enable: 0 
Time: 655000 | PC_out: 6 | Opcode: xxx | Operand: xxxxx | Accumulator: 27 | ALU_Result: z | instruc: xx | data: xx | wr_en: 0 |operand_address:  x | operand_address_out:  x | mux_select: 0 | pc_enable: 0 
Time: 675000 | PC_out: 6 | Opcode: xxx | Operand: xxxxx | Accumulator: 27 | ALU_Result: z | instruc: xx | data: xx | wr_en: 0 |operand_address:  x | operand_address_out:  x | mux_select: 1 | pc_enable: 0 
Time: 715000 | PC_out: 6 | Opcode: xxx | Operand: xxxxx | Accumulator: 27 | ALU_Result: z | instruc: xx | data: xx | wr_en: 0 |operand_address:  x | operand_address_out:  x | mux_select: 0 | pc_enable: 0 
Time: 735000 | PC_out: 6 | Opcode: xxx | Operand: xxxxx | Accumulator: 27 | ALU_Result: z | instruc: xx | data: xx | wr_en: 0 |operand_address:  x | operand_address_out:  x | mux_select: 1 | pc_enable: 0 
Time: 775000 | PC_out: 6 | Opcode: xxx | Operand: xxxxx | Accumulator: 27 | ALU_Result: z | instruc: xx | data: xx | wr_en: 0 |operand_address:  x | operand_address_out:  x | mux_select: 0 | pc_enable: 0 
Time: 795000 | PC_out: 6 | Opcode: xxx | Operand: xxxxx | Accumulator: 27 | ALU_Result: z | instruc: xx | data: xx | wr_en: 0 |operand_address:  x | operand_address_out:  x | mux_select: 1 | pc_enable: 0 
Time: 835000 | PC_out: 6 | Opcode: xxx | Operand: xxxxx | Accumulator: 27 | ALU_Result: z | instruc: xx | data: xx | wr_en: 0 |operand_address:  x | operand_address_out:  x | mux_select: 0 | pc_enable: 0 
Time: 855000 | PC_out: 6 | Opcode: xxx | Operand: xxxxx | Accumulator: 27 | ALU_Result: z | instruc: xx | data: xx | wr_en: 0 |operand_address:  x | operand_address_out:  x | mux_select: 1 | pc_enable: 0 
Time: 895000 | PC_out: 6 | Opcode: xxx | Operand: xxxxx | Accumulator: 27 | ALU_Result: z | instruc: xx | data: xx | wr_en: 0 |operand_address:  x | operand_address_out:  x | mux_select: 0 | pc_enable: 0 
Time: 915000 | PC_out: 6 | Opcode: xxx | Operand: xxxxx | Accumulator: 27 | ALU_Result: z | instruc: xx | data: xx | wr_en: 0 |operand_address:  x | operand_address_out:  x | mux_select: 1 | pc_enable: 0 
Time: 955000 | PC_out: 6 | Opcode: xxx | Operand: xxxxx | Accumulator: 27 | ALU_Result: z | instruc: xx | data: xx | wr_en: 0 |operand_address:  x | operand_address_out:  x | mux_select: 0 | pc_enable: 0 
Time: 975000 | PC_out: 6 | Opcode: xxx | Operand: xxxxx | Accumulator: 27 | ALU_Result: z | instruc: xx | data: xx | wr_en: 0 |operand_address:  x | operand_address_out:  x | mux_select: 1 | pc_enable: 0 
INFO: [USF-XSim-96] XSim completed. Design snapshot 'RISC_CPU_tb_behav' loaded.
INFO: [USF-XSim-97] XSim simulation ran for 1000ns
launch_simulation: Time (s): cpu = 00:00:01 ; elapsed = 00:00:06 . Memory (MB): peak = 1608.793 ; gain = 0.938
