#-----------------------------------------------------------
# Vivado v2024.2 (64-bit)
# SW Build 5239630 on Fri Nov 08 22:35:27 MST 2024
# IP Build 5239520 on Sun Nov 10 16:12:51 MST 2024
# SharedData Build 5239561 on Fri Nov 08 14:39:27 MST 2024
# Start of session at: Fri Dec 13 10:55:56 2024
# Process ID         : 21040
# Current directory  : C:/Users/Admin/Downloads/TKLL_NHOM11-sunsik/TKLL_NHOM11-sunsik/TKLL_NHOM11-sunsik_every_except_STO/doan
# Command line       : vivado.exe -gui_launcher_event rodinguilauncherevent18936 C:\Users\Admin\Downloads\TKLL_NHOM11-sunsik\TKLL_NHOM11-sunsik\TKLL_NHOM11-sunsik_every_except_STO\doan\project_ANH_NGHI.xpr
# Log file           : C:/Users/Admin/Downloads/TKLL_NHOM11-sunsik/TKLL_NHOM11-sunsik/TKLL_NHOM11-sunsik_every_except_STO/doan/vivado.log
# Journal file       : C:/Users/Admin/Downloads/TKLL_NHOM11-sunsik/TKLL_NHOM11-sunsik/TKLL_NHOM11-sunsik_every_except_STO/doan\vivado.jou
# Running On         : LAPTOP-T5UI490L
# Platform           : Windows Server 2016 or Windows 10
# Operating System   : 22631
# Processor Detail   : 11th Gen Intel(R) Core(TM) i5-11320H @ 3.20GHz
# CPU Frequency      : 3187 MHz
# CPU Physical cores : 4
# CPU Logical cores  : 8
# Host memory        : 16952 MB
# Swap memory        : 5905 MB
# Total Virtual      : 22858 MB
# Available Virtual  : 6976 MB
#-----------------------------------------------------------
start_gui
open_project C:/Users/Admin/Downloads/TKLL_NHOM11-sunsik/TKLL_NHOM11-sunsik/TKLL_NHOM11-sunsik_every_except_STO/doan/project_ANH_NGHI.xpr
INFO: [ProjectBase 1-489] The host OS only allows 260 characters in a normal path. The project is stored in a path with more than 80 characters. If you experience issues with IP, Block Designs, or files not being found, please consider moving the project to a location with a shorter path. Alternately consider using the OS subst command to map part of the path to a drive letter.
Current project path is 'C:/Users/Admin/Downloads/TKLL_NHOM11-sunsik/TKLL_NHOM11-sunsik/TKLL_NHOM11-sunsik_every_except_STO/doan'
INFO: [filemgmt 56-3] Default IP Output Path : Could not find the directory 'C:/Users/Admin/Downloads/TKLL_NHOM11-sunsik/TKLL_NHOM11-sunsik/TKLL_NHOM11-sunsik_every_except_STO/doan/project_ANH_NGHI.gen/sources_1'.
CRITICAL WARNING: [Project 1-19] Could not find the file 'C:/Users/Admin/Downloads/TKLL_NHOM11-sunsik/TKLL_NHOM11-sunsik/TKLL_NHOM11-sunsik_every_except_STO/digilent-xdc-master/Arty-Z7-20-Master.xdc'.
Scanning sources...
Finished scanning sources
INFO: [IP_Flow 19-234] Refreshing IP repositories
INFO: [IP_Flow 19-1704] No user IP repositories specified
INFO: [IP_Flow 19-2313] Loaded Vivado IP repository 'E:/TKLL/Vivado/2024.2/data/ip'.
update_compile_order -fileset sources_1
WARNING: [filemgmt 56-199] Attempt to get parsing info during refresh. "On-the-fly" syntax checking information may be incorrect. [C:\Users\Admin\Downloads\TKLL_NHOM11-sunsik\TKLL_NHOM11-sunsik\TKLL_NHOM11-sunsik_every_except_STO\doan\project_ANH_NGHI.srcs\sources_1\new\addr_mux.v:]
WARNING: [filemgmt 56-199] Attempt to get parsing info during refresh. "On-the-fly" syntax checking information may be incorrect. [C:\Users\Admin\Downloads\TKLL_NHOM11-sunsik\TKLL_NHOM11-sunsik\TKLL_NHOM11-sunsik_every_except_STO\doan\project_ANH_NGHI.srcs\sim_1\new\RISC_CPU_tb.v:]
WARNING: [filemgmt 56-199] Attempt to get parsing info during refresh. "On-the-fly" syntax checking information may be incorrect. [C:\Users\Admin\Downloads\TKLL_NHOM11-sunsik\TKLL_NHOM11-sunsik\TKLL_NHOM11-sunsik_every_except_STO\doan\project_ANH_NGHI.srcs\sources_1\new\addr_mux.v:]
WARNING: [filemgmt 56-199] Attempt to get parsing info during refresh. "On-the-fly" syntax checking information may be incorrect. [C:\Users\Admin\Downloads\TKLL_NHOM11-sunsik\TKLL_NHOM11-sunsik\TKLL_NHOM11-sunsik_every_except_STO\doan\project_ANH_NGHI.srcs\sources_1\new\addr_mux.v:]
ERROR: [Common 17-180] Spawn failed: No error
launch_simulation
Command: launch_simulation 
INFO: [Vivado 12-12493] Simulation top is 'RISC_CPU_tb'
WARNING: [Vivado 12-13340] Unable to auto find GCC executables from simulator install path! (path not set)
INFO: [Vivado 12-5682] Launching behavioral simulation in 'C:/Users/Admin/Downloads/TKLL_NHOM11-sunsik/TKLL_NHOM11-sunsik/TKLL_NHOM11-sunsik_every_except_STO/doan/project_ANH_NGHI.sim/sim_1/behav/xsim'
INFO: [SIM-utils-51] Simulation object is 'sim_1'
INFO: [SIM-utils-72] Using boost library from 'E:/TKLL/Vivado/2024.2/tps/boost_1_72_0'
INFO: [SIM-utils-54] Inspecting design source files for 'RISC_CPU_tb' in fileset 'sim_1'...
INFO: [SIM-utils-43] Exported 'C:/Users/Admin/Downloads/TKLL_NHOM11-sunsik/TKLL_NHOM11-sunsik/TKLL_NHOM11-sunsik_every_except_STO/doan/project_ANH_NGHI.sim/sim_1/behav/xsim/data_init.mem'
INFO: [SIM-utils-43] Exported 'C:/Users/Admin/Downloads/TKLL_NHOM11-sunsik/TKLL_NHOM11-sunsik/TKLL_NHOM11-sunsik_every_except_STO/doan/project_ANH_NGHI.sim/sim_1/behav/xsim/instruction_file.mem'
INFO: [USF-XSim-97] Finding global include files...
INFO: [USF-XSim-98] Fetching design files from 'sim_1'...
INFO: [USF-XSim-2] XSim::Compile design
INFO: [USF-XSim-61] Executing 'COMPILE and ANALYZE' step in 'C:/Users/Admin/Downloads/TKLL_NHOM11-sunsik/TKLL_NHOM11-sunsik/TKLL_NHOM11-sunsik_every_except_STO/doan/project_ANH_NGHI.sim/sim_1/behav/xsim'
"xvlog --incr --relax -prj RISC_CPU_tb_vlog.prj"
INFO: [VRFC 10-2263] Analyzing Verilog file "C:/Users/Admin/Downloads/TKLL_NHOM11-sunsik/TKLL_NHOM11-sunsik/TKLL_NHOM11-sunsik_every_except_STO/doan/project_ANH_NGHI.srcs/sources_1/new/ALU.v" into library xil_defaultlib
INFO: [VRFC 10-311] analyzing module ALU
INFO: [VRFC 10-2263] Analyzing Verilog file "C:/Users/Admin/Downloads/TKLL_NHOM11-sunsik/TKLL_NHOM11-sunsik/TKLL_NHOM11-sunsik_every_except_STO/doan/project_ANH_NGHI.srcs/sources_1/new/Accumulator_Register.v" into library xil_defaultlib
INFO: [VRFC 10-311] analyzing module Accumulator_Register
INFO: [VRFC 10-2263] Analyzing Verilog file "C:/Users/Admin/Downloads/TKLL_NHOM11-sunsik/TKLL_NHOM11-sunsik/TKLL_NHOM11-sunsik_every_except_STO/doan/project_ANH_NGHI.srcs/sources_1/new/Controller.v" into library xil_defaultlib
INFO: [VRFC 10-311] analyzing module Controller
INFO: [VRFC 10-2263] Analyzing Verilog file "C:/Users/Admin/Downloads/TKLL_NHOM11-sunsik/TKLL_NHOM11-sunsik/TKLL_NHOM11-sunsik_every_except_STO/doan/project_ANH_NGHI.srcs/sources_1/new/Instruction_Register.v" into library xil_defaultlib
INFO: [VRFC 10-311] analyzing module Instruction_Register
INFO: [VRFC 10-2263] Analyzing Verilog file "C:/Users/Admin/Downloads/TKLL_NHOM11-sunsik/TKLL_NHOM11-sunsik/TKLL_NHOM11-sunsik_every_except_STO/doan/project_ANH_NGHI.srcs/sources_1/new/Program_Counter.v" into library xil_defaultlib
INFO: [VRFC 10-311] analyzing module Program_Counter
INFO: [VRFC 10-2263] Analyzing Verilog file "C:/Users/Admin/Downloads/TKLL_NHOM11-sunsik/TKLL_NHOM11-sunsik/TKLL_NHOM11-sunsik_every_except_STO/doan/project_ANH_NGHI.srcs/sources_1/new/RISC_CPU.v" into library xil_defaultlib
INFO: [VRFC 10-311] analyzing module RISC_CPU
WARNING: [VRFC 10-9336] redeclaration of ANSI port 'alu_enable' is not allowed [C:/Users/Admin/Downloads/TKLL_NHOM11-sunsik/TKLL_NHOM11-sunsik/TKLL_NHOM11-sunsik_every_except_STO/doan/project_ANH_NGHI.srcs/sources_1/new/RISC_CPU.v:35]
WARNING: [VRFC 10-9336] redeclaration of ANSI port 'acc_enable' is not allowed [C:/Users/Admin/Downloads/TKLL_NHOM11-sunsik/TKLL_NHOM11-sunsik/TKLL_NHOM11-sunsik_every_except_STO/doan/project_ANH_NGHI.srcs/sources_1/new/RISC_CPU.v:36]
INFO: [VRFC 10-2263] Analyzing Verilog file "C:/Users/Admin/Downloads/TKLL_NHOM11-sunsik/TKLL_NHOM11-sunsik/TKLL_NHOM11-sunsik_every_except_STO/doan/project_ANH_NGHI.srcs/sources_1/new/addr_mux.v" into library xil_defaultlib
INFO: [VRFC 10-311] analyzing module addr_mux
INFO: [VRFC 10-2263] Analyzing Verilog file "C:/Users/Admin/Downloads/TKLL_NHOM11-sunsik/TKLL_NHOM11-sunsik/TKLL_NHOM11-sunsik_every_except_STO/doan/project_ANH_NGHI.srcs/sources_1/new/dataMemory.v" into library xil_defaultlib
INFO: [VRFC 10-311] analyzing module dataMemory
INFO: [VRFC 10-2263] Analyzing Verilog file "C:/Users/Admin/Downloads/TKLL_NHOM11-sunsik/TKLL_NHOM11-sunsik/TKLL_NHOM11-sunsik_every_except_STO/doan/project_ANH_NGHI.srcs/sources_1/new/instructionMemory.v" into library xil_defaultlib
INFO: [VRFC 10-311] analyzing module instructionMemory
INFO: [VRFC 10-2263] Analyzing Verilog file "C:/Users/Admin/Downloads/TKLL_NHOM11-sunsik/TKLL_NHOM11-sunsik/TKLL_NHOM11-sunsik_every_except_STO/doan/project_ANH_NGHI.srcs/sim_1/new/RISC_CPU_tb.v" into library xil_defaultlib
INFO: [VRFC 10-311] analyzing module RISC_CPU_tb
INFO: [USF-XSim-69] 'compile' step finished in '1' seconds
INFO: [USF-XSim-3] XSim::Elaborate design
INFO: [USF-XSim-61] Executing 'ELABORATE' step in 'C:/Users/Admin/Downloads/TKLL_NHOM11-sunsik/TKLL_NHOM11-sunsik/TKLL_NHOM11-sunsik_every_except_STO/doan/project_ANH_NGHI.sim/sim_1/behav/xsim'
"xelab --incr --debug typical --relax --mt 2 -L xil_defaultlib -L unisims_ver -L unimacro_ver -L secureip --snapshot RISC_CPU_tb_behav xil_defaultlib.RISC_CPU_tb xil_defaultlib.glbl -log elaborate.log"
Vivado Simulator v2024.2.0
Copyright 1986-2022 Xilinx, Inc. All Rights Reserved.
Copyright 2022-2024 Advanced Micro Devices, Inc. All Rights Reserved.
Running: E:/TKLL/Vivado/2024.2/bin/unwrapped/win64.o/xelab.exe --incr --debug typical --relax --mt 2 -L xil_defaultlib -L unisims_ver -L unimacro_ver -L secureip --snapshot RISC_CPU_tb_behav xil_defaultlib.RISC_CPU_tb xil_defaultlib.glbl -log elaborate.log 
Using 2 slave threads.
Starting static elaboration
Pass Through NonSizing Optimizer
WARNING: [VRFC 10-5021] port 'is_zero' is not connected on this instance [C:/Users/Admin/Downloads/TKLL_NHOM11-sunsik/TKLL_NHOM11-sunsik/TKLL_NHOM11-sunsik_every_except_STO/doan/project_ANH_NGHI.srcs/sources_1/new/RISC_CPU.v:42]
Completed static elaboration
Starting simulation data flow analysis
WARNING: [XSIM 43-4099] "C:/Users/Admin/Downloads/TKLL_NHOM11-sunsik/TKLL_NHOM11-sunsik/TKLL_NHOM11-sunsik_every_except_STO/doan/project_ANH_NGHI.srcs/sources_1/new/ALU.v" Line 1. Module ALU doesn't have a timescale but at least one module in design has a timescale.
WARNING: [XSIM 43-4099] "C:/Users/Admin/Downloads/TKLL_NHOM11-sunsik/TKLL_NHOM11-sunsik/TKLL_NHOM11-sunsik_every_except_STO/doan/project_ANH_NGHI.srcs/sources_1/new/ALU.v" Line 1. Module ALU doesn't have a timescale but at least one module in design has a timescale.
Completed simulation data flow analysis
Time Resolution for simulation is 1ps
Compiling module xil_defaultlib.Controller
Compiling module xil_defaultlib.Program_Counter
Compiling module xil_defaultlib.addr_mux
Compiling module xil_defaultlib.instructionMemory
Compiling module xil_defaultlib.Instruction_Register
Compiling module xil_defaultlib.dataMemory
Compiling module xil_defaultlib.ALU
Compiling module xil_defaultlib.Accumulator_Register
Compiling module xil_defaultlib.RISC_CPU
Compiling module xil_defaultlib.RISC_CPU_tb
Compiling module xil_defaultlib.glbl
Built simulation snapshot RISC_CPU_tb_behav
INFO: [USF-XSim-69] 'elaborate' step finished in '2' seconds
INFO: [USF-XSim-4] XSim::Simulate design
INFO: [USF-XSim-61] Executing 'SIMULATE' step in 'C:/Users/Admin/Downloads/TKLL_NHOM11-sunsik/TKLL_NHOM11-sunsik/TKLL_NHOM11-sunsik_every_except_STO/doan/project_ANH_NGHI.sim/sim_1/behav/xsim'
INFO: [USF-XSim-98] *** Running xsim
   with args "RISC_CPU_tb_behav -key {Behavioral:sim_1:Functional:RISC_CPU_tb} -tclbatch {RISC_CPU_tb.tcl} -log {simulate.log}"
INFO: [USF-XSim-8] Loading simulator feature
Time resolution is 1 ps
source RISC_CPU_tb.tcl
# set curr_wave [current_wave_config]
# if { [string length $curr_wave] == 0 } {
#   if { [llength [get_objects]] > 0} {
#     add_wave /
#     set_property needs_save false [current_wave_config]
#   } else {
#      send_msg_id Add_Wave-1 WARNING "No top level signals found. Simulator will start without a wave window. If you want to open a wave window go to 'File->New Waveform Configuration' or type 'create_wave_config' in the TCL console."
#   }
# }
# run 1000ns
Memory initialized.
State: INIT (Reset)
run_PC
IR
ACCRES_PC
Time: 0 | PC_out: 0 | Opcode: zzz | Operand: zzzzz | Accumulator: 0 | ALU_Result: x | Instr: xx | Data_Mem: xx | Wr_En: 0 | Mux_Sel: 0 | PC_En: 0 | SKZ: 0 | JUMP: 0
State: INIT (Reset)
run_PC
run_MUX
IR
IM_PC
run_DATA
State: INIT
run_PC
run_MUX
IR
IM_PC
run_DATA
Time: 15000 | PC_out: 0 | Opcode: zzz | Operand: zzzzz | Accumulator: 0 | ALU_Result: x | Instr: xx | Data_Mem: xx | Wr_En: 0 | Mux_Sel: 1 | PC_En: 0 | SKZ: 0 | JUMP: 0
State: FETCH
run_PC
run_MUX
IR
IM_PC
run_DATA
Time: 25000 | PC_out: 0 | Opcode: xxx | Operand: xxxxx | Accumulator: 0 | ALU_Result: x | Instr: fe | Data_Mem: xx | Wr_En: 0 | Mux_Sel: 0 | PC_En: 0 | SKZ: 0 | JUMP: 0
State: LOAD_IR_DECODE
run_PC
run_MUX
IR
IM_PC
run_DATA
Time: 35000 | PC_out: 0 | Opcode: 111 | Operand: 11110 | Accumulator: 0 | ALU_Result: x | Instr: fe | Data_Mem: xx | Wr_En: 0 | Mux_Sel: 0 | PC_En: 0 | SKZ: 0 | JUMP: 0
MEM_READ
run_PC
run_MUX
IR
IM_PC
run_DATA
Time: 45000 | PC_out: 0 | Opcode: 111 | Operand: 11110 | Accumulator: 0 | ALU_Result: x | Instr: fe | Data_Mem: xx | Wr_En: 0 | Mux_Sel: 0 | PC_En: 1 | SKZ: 0 | JUMP: 1
State: JUMP
run_PC
PC.v: pc_enable = 1, PC_out = 00000
run_MUX
IR
IM_PC
run_DATA
Time: 55000 | PC_out: 30 | Opcode: 111 | Operand: 11110 | Accumulator: 0 | ALU_Result: x | Instr: fe | Data_Mem: xx | Wr_En: 0 | Mux_Sel: 1 | PC_En: 0 | SKZ: 0 | JUMP: 0
State: FETCH
run_PC
run_MUX
IR
IM_PC
run_DATA
Time: 65000 | PC_out: 30 | Opcode: 111 | Operand: 11110 | Accumulator: 0 | ALU_Result: x | Instr: e3 | Data_Mem: xx | Wr_En: 0 | Mux_Sel: 0 | PC_En: 0 | SKZ: 0 | JUMP: 0
State: LOAD_IR_DECODE
run_PC
run_MUX
IR
IM_PC
run_DATA
Time: 75000 | PC_out: 30 | Opcode: 111 | Operand: 00011 | Accumulator: 0 | ALU_Result: x | Instr: e3 | Data_Mem: xx | Wr_En: 0 | Mux_Sel: 0 | PC_En: 0 | SKZ: 0 | JUMP: 0
MEM_READ
run_PC
run_MUX
IR
IM_PC
run_DATA
Time: 85000 | PC_out: 30 | Opcode: 111 | Operand: 00011 | Accumulator: 0 | ALU_Result: x | Instr: e3 | Data_Mem: 00 | Wr_En: 0 | Mux_Sel: 0 | PC_En: 1 | SKZ: 0 | JUMP: 1
State: JUMP
run_PC
PC.v: pc_enable = 1, PC_out = 11110
run_MUX
IR
IM_PC
run_DATA
Time: 95000 | PC_out: 3 | Opcode: 111 | Operand: 00011 | Accumulator: 0 | ALU_Result: x | Instr: e3 | Data_Mem: 00 | Wr_En: 0 | Mux_Sel: 1 | PC_En: 0 | SKZ: 0 | JUMP: 0
State: FETCH
run_PC
run_MUX
IR
IM_PC
run_DATA
Time: 105000 | PC_out: 3 | Opcode: 111 | Operand: 00011 | Accumulator: 0 | ALU_Result: x | Instr: ba | Data_Mem: 00 | Wr_En: 0 | Mux_Sel: 0 | PC_En: 0 | SKZ: 0 | JUMP: 0
State: LOAD_IR_DECODE
run_PC
run_MUX
IR
IM_PC
run_DATA
Time: 115000 | PC_out: 3 | Opcode: 101 | Operand: 11010 | Accumulator: 0 | ALU_Result: x | Instr: ba | Data_Mem: 00 | Wr_En: 0 | Mux_Sel: 0 | PC_En: 0 | SKZ: 0 | JUMP: 0
MEM_READ
run_PC
run_MUX
IR
IM_PC
run_DATA
Time: 125000 | PC_out: 3 | Opcode: 101 | Operand: 11010 | Accumulator: 0 | ALU_Result: x | Instr: ba | Data_Mem: ff | Wr_En: 0 | Mux_Sel: 0 | PC_En: 0 | SKZ: 0 | JUMP: 0
State: LOAD_ACC
run_PC
run_MUX
IR
IM_PC
run_DATA
ACCRES_PC
Time: 135000 | PC_out: 3 | Opcode: 101 | Operand: 11010 | Accumulator: 255 | ALU_Result: x | Instr: ba | Data_Mem: ff | Wr_En: 0 | Mux_Sel: 1 | PC_En: 1 | SKZ: 0 | JUMP: 0
State: FETCH
run_PC
PC.v: pc_enable = 1, PC_out = 00011
run_MUX
IR
run_DATA
ACCRES_PC
IM_PC
Time: 145000 | PC_out: 4 | Opcode: 101 | Operand: 11010 | Accumulator: 255 | ALU_Result: x | Instr: 20 | Data_Mem: ff | Wr_En: 0 | Mux_Sel: 0 | PC_En: 0 | SKZ: 0 | JUMP: 0
State: LOAD_IR_DECODE
run_PC
run_MUX
IR
IM_PC
run_DATA
Time: 155000 | PC_out: 4 | Opcode: 001 | Operand: 00000 | Accumulator: 255 | ALU_Result: x | Instr: 20 | Data_Mem: ff | Wr_En: 0 | Mux_Sel: 0 | PC_En: 0 | SKZ: 0 | JUMP: 0
Opcode: SKZ (Skip if zero)
MEM_READ
run_PC
run_MUX
IR
IM_PC
run_DATA
Time: 165000 | PC_out: 4 | Opcode: 001 | Operand: 00000 | Accumulator: 255 | ALU_Result: x | Instr: 20 | Data_Mem: 00 | Wr_En: 0 | Mux_Sel: 1 | PC_En: 1 | SKZ: 1 | JUMP: 0
State: SKZ
run_PC
PC.v: pc_enable = 1, PC_out = 00100
run_MUX
IR
IM_PC
run_DATA
Time: 175000 | PC_out: 5 | Opcode: 001 | Operand: 00000 | Accumulator: 255 | ALU_Result: x | Instr: 00 | Data_Mem: 00 | Wr_En: 0 | Mux_Sel: 1 | PC_En: 0 | SKZ: 0 | JUMP: 0
State: FETCH
run_PC
run_MUX
IR
IM_PC
run_DATA
Time: 185000 | PC_out: 5 | Opcode: 000 | Operand: 00000 | Accumulator: 255 | ALU_Result: x | Instr: 00 | Data_Mem: 00 | Wr_En: 0 | Mux_Sel: 0 | PC_En: 0 | SKZ: 0 | JUMP: 0
State: LOAD_IR_DECODE
$finish called at time : 195 ns : File "C:/Users/Admin/Downloads/TKLL_NHOM11-sunsik/TKLL_NHOM11-sunsik/TKLL_NHOM11-sunsik_every_except_STO/doan/project_ANH_NGHI.srcs/sources_1/new/Controller.v" Line 91
INFO: [USF-XSim-96] XSim completed. Design snapshot 'RISC_CPU_tb_behav' loaded.
INFO: [USF-XSim-97] XSim simulation ran for 1000ns
launch_simulation: Time (s): cpu = 00:00:01 ; elapsed = 00:00:06 . Memory (MB): peak = 1202.738 ; gain = 18.746
