Vivado Simulator v2024.1
Copyright 1986-2022 Xilinx, Inc. All Rights Reserved.
Copyright 2022-2024 Advanced Micro Devices, Inc. All Rights Reserved.
Running: D:/Vivado/2024.1/bin/unwrapped/win64.o/xelab.exe --incr --debug typical --relax --mt 2 -L xil_defaultlib -L unisims_ver -L secureip --snapshot RISC_CPU_tb_func_impl xil_defaultlib.RISC_CPU_tb xil_defaultlib.glbl -log elaborate.log 
Using 2 slave threads.
Starting static elaboration
Pass Through NonSizing Optimizer
Completed static elaboration
Starting simulation data flow analysis
Completed simulation data flow analysis
Time Resolution for simulation is 1ps
Compiling module unisims_ver.x_lut2_mux4
Compiling module unisims_ver.LUT2
Compiling module unisims_ver.LUT5
Compiling module unisims_ver.FDCE_default
Compiling module xil_defaultlib.Accumulator_Register
Compiling module unisims_ver.CARRY4
Compiling module unisims_ver.FDRE_default
Compiling module unisims_ver.LUT4
Compiling module unisims_ver.LUT6
Compiling module xil_defaultlib.ALU
Compiling module xil_defaultlib.addr_mux
Compiling module unisims_ver.FDPE_default
Compiling module unisims_ver.x_lut3_mux8
Compiling module unisims_ver.LUT3
Compiling module unisims_ver.x_lut1_mux2
Compiling module unisims_ver.LUT1
Compiling module xil_defaultlib.Controller
Compiling module unisims_ver.RAM32X1S
Compiling module xil_defaultlib.dataMemory
Compiling module xil_defaultlib.instructionMemory
Compiling module xil_defaultlib.Instruction_Register
Compiling module xil_defaultlib.Program_Counter
Compiling module unisims_ver.BUFG
Compiling module unisims_ver.IBUF
Compiling module unisims_ver.OBUF
Compiling module unisims_ver.OBUFT
Compiling module xil_defaultlib.RISC_CPU
Compiling module xil_defaultlib.RISC_CPU_tb
Compiling module xil_defaultlib.glbl
Built simulation snapshot RISC_CPU_tb_func_impl
