Copyright 1986-2022 Xilinx, Inc. All Rights Reserved. Copyright 2022-2024 Advanced Micro Devices, Inc. All Rights Reserved.
---------------------------------------------------------------------------------------------------------------------------------------------
| Tool Version : Vivado v.2024.1 (win64) Build 5076996 Wed May 22 18:37:14 MDT 2024
| Date         : Mon Dec  9 18:31:00 2024
| Host         : DuyKhiem running 64-bit major release  (build 9200)
| Command      : report_control_sets -verbose -file RISC_CPU_control_sets_placed.rpt
| Design       : RISC_CPU
| Device       : xc7z020
---------------------------------------------------------------------------------------------------------------------------------------------

Control Set Information

Table of Contents
-----------------
1. Summary
2. Histogram
3. Flip-Flop Distribution
4. Detailed Control Set Information

1. Summary
----------

+----------------------------------------------------------+-------+
|                          Status                          | Count |
+----------------------------------------------------------+-------+
| Total control sets                                       |    10 |
|    Minimum number of control sets                        |    10 |
|    Addition due to synthesis replication                 |     0 |
|    Addition due to physical synthesis replication        |     0 |
| Unused register locations in slices containing registers |    32 |
+----------------------------------------------------------+-------+
* Control sets can be merged at opt_design using control_set_merge or merge_equivalent_drivers
** Run report_qor_suggestions for automated merging and remapping suggestions


2. Histogram
------------

+--------------------+-------+
|       Fanout       | Count |
+--------------------+-------+
| Total control sets |    10 |
| >= 0 to < 4        |     2 |
| >= 4 to < 6        |     0 |
| >= 6 to < 8        |     2 |
| >= 8 to < 10       |     4 |
| >= 10 to < 12      |     2 |
| >= 12 to < 14      |     0 |
| >= 14 to < 16      |     0 |
| >= 16              |     0 |
+--------------------+-------+
* Control sets can be remapped at either synth_design or opt_design


3. Flip-Flop Distribution
-------------------------

+--------------+-----------------------+------------------------+-----------------+--------------+
| Clock Enable | Synchronous Set/Reset | Asynchronous Set/Reset | Total Registers | Total Slices |
+--------------+-----------------------+------------------------+-----------------+--------------+
| No           | No                    | No                     |              18 |            6 |
| No           | No                    | Yes                    |              10 |            5 |
| No           | Yes                   | No                     |               0 |            0 |
| Yes          | No                    | No                     |              17 |            6 |
| Yes          | No                    | Yes                    |              19 |            7 |
| Yes          | Yes                   | No                     |               0 |            0 |
+--------------+-----------------------+------------------------+-----------------+--------------+


4. Detailed Control Set Information
-----------------------------------

+-------------------------+--------------------------------------+------------------+------------------+----------------+--------------+
|       Clock Signal      |             Enable Signal            | Set/Reset Signal | Slice Load Count | Bel Load Count | Bels / Slice |
+-------------------------+--------------------------------------+------------------+------------------+----------------+--------------+
|  clk_IBUF_BUFG          |                                      |                  |                1 |              3 |         3.00 |
|  clk_IBUF_BUFG          | CTRL/mux_select_reg_inv_0[0]         |                  |                2 |              3 |         1.50 |
|  clk_IBUF_BUFG          | CTRL/E[0]                            |                  |                2 |              6 |         3.00 |
|  CTRL/imem_enable_reg_0 |                                      |                  |                1 |              6 |         6.00 |
|  CTRL/CLK               | CTRL/load_register_reg_0[0]          | rst_IBUF         |                2 |              8 |         4.00 |
|  CTRL/clk0              | CTRL/wr_en                           |                  |                2 |              8 |         4.00 |
|  CTRL/clk0              | CTRL/wr_en_reg_0                     |                  |                2 |              8 |         4.00 |
|  CTRL/clk00_out         |                                      |                  |                4 |              9 |         2.25 |
|  clk_IBUF_BUFG          |                                      | rst_IBUF         |                5 |             10 |         2.00 |
|  clk_IBUF_BUFG          | CTRL/FSM_sequential_state[3]_i_1_n_0 | rst_IBUF         |                5 |             11 |         2.20 |
+-------------------------+--------------------------------------+------------------+------------------+----------------+--------------+


