Copyright 1986-2022 Xilinx, Inc. All Rights Reserved. Copyright 2022-2024 Advanced Micro Devices, Inc. All Rights Reserved.
---------------------------------------------------------------------------------------------------------------------------------------------------------------------------------------------------------------------
| Tool Version : Vivado v.2024.1 (win64) Build 5076996 Wed May 22 18:37:14 MDT 2024
| Date         : Mon Dec  9 18:31:30 2024
| Host         : DuyKhiem running 64-bit major release  (build 9200)
| Command      : report_timing_summary -max_paths 10 -report_unconstrained -file RISC_CPU_timing_summary_routed.rpt -pb RISC_CPU_timing_summary_routed.pb -rpx RISC_CPU_timing_summary_routed.rpx -warn_on_violation
| Design       : RISC_CPU
| Device       : 7z020-clg400
| Speed File   : -1  PRODUCTION 1.12 2019-11-22
| Design State : Routed
---------------------------------------------------------------------------------------------------------------------------------------------------------------------------------------------------------------------

Timing Summary Report

------------------------------------------------------------------------------------------------
| Timer Settings
| --------------
------------------------------------------------------------------------------------------------

  Enable Multi Corner Analysis               :  Yes
  Enable Pessimism Removal                   :  Yes
  Pessimism Removal Resolution               :  Nearest Common Node
  Enable Input Delay Default Clock           :  No
  Enable Preset / Clear Arcs                 :  No
  Disable Flight Delays                      :  No
  Ignore I/O Paths                           :  No
  Timing Early Launch at Borrowing Latches   :  No
  Borrow Time for Max Delay Exceptions       :  Yes
  Merge Timing Exceptions                    :  Yes
  Inter-SLR Compensation                     :  Conservative

  Corner  Analyze    Analyze    
  Name    Max Paths  Min Paths  
  ------  ---------  ---------  
  Slow    Yes        Yes        
  Fast    Yes        Yes        


------------------------------------------------------------------------------------------------
| Report Methodology
| ------------------
------------------------------------------------------------------------------------------------

Rule       Severity          Description                  Violations  
---------  ----------------  ---------------------------  ----------  
TIMING-17  Critical Warning  Non-clocked sequential cell  72          

Note: This report is based on the most recent report_methodology run and may not be up-to-date. Run report_methodology on the current design for the latest report.



check_timing report

Table of Contents
-----------------
1. checking no_clock (111)
2. checking constant_clock (0)
3. checking pulse_width_clock (0)
4. checking unconstrained_internal_endpoints (169)
5. checking no_input_delay (1)
6. checking no_output_delay (9)
7. checking multiple_clock (0)
8. checking generated_clocks (0)
9. checking loops (0)
10. checking partial_input_delay (0)
11. checking partial_output_delay (0)
12. checking latch_loops (0)

1. checking no_clock (111)
--------------------------
 There are 72 register/latch pins with no clock driven by root clock pin: clk (HIGH)

 There are 8 register/latch pins with no clock driven by root clock pin: CTRL/acc_enable_reg/Q (HIGH)

 There are 9 register/latch pins with no clock driven by root clock pin: CTRL/alu_enable_reg/Q (HIGH)

 There are 16 register/latch pins with no clock driven by root clock pin: CTRL/dmem_enable_reg/Q (HIGH)

 There are 6 register/latch pins with no clock driven by root clock pin: CTRL/imem_enable_reg/Q (HIGH)


2. checking constant_clock (0)
------------------------------
 There are 0 register/latch pins with constant_clock.


3. checking pulse_width_clock (0)
---------------------------------
 There are 0 register/latch pins which need pulse_width check


4. checking unconstrained_internal_endpoints (169)
--------------------------------------------------
 There are 169 pins that are not constrained for maximum delay. (HIGH)

 There are 0 pins that are not constrained for maximum delay due to constant clock.


5. checking no_input_delay (1)
------------------------------
 There is 1 input port with no input delay specified. (HIGH)

 There are 0 input ports with no input delay but user has a false path constraint.


6. checking no_output_delay (9)
-------------------------------
 There are 9 ports with no output delay specified. (HIGH)

 There are 0 ports with no output delay but user has a false path constraint

 There are 0 ports with no output delay but with a timing clock defined on it or propagating through it


7. checking multiple_clock (0)
------------------------------
 There are 0 register/latch pins with multiple clocks.


8. checking generated_clocks (0)
--------------------------------
 There are 0 generated clocks that are not connected to a clock source.


9. checking loops (0)
---------------------
 There are 0 combinational loops in the design.


10. checking partial_input_delay (0)
------------------------------------
 There are 0 input ports with partial input delay specified.


11. checking partial_output_delay (0)
-------------------------------------
 There are 0 ports with partial output delay specified.


12. checking latch_loops (0)
----------------------------
 There are 0 combinational latch loops in the design through latch input



------------------------------------------------------------------------------------------------
| Design Timing Summary
| ---------------------
------------------------------------------------------------------------------------------------

    WNS(ns)      TNS(ns)  TNS Failing Endpoints  TNS Total Endpoints      WHS(ns)      THS(ns)  THS Failing Endpoints  THS Total Endpoints     WPWS(ns)     TPWS(ns)  TPWS Failing Endpoints  TPWS Total Endpoints  
    -------      -------  ---------------------  -------------------      -------      -------  ---------------------  -------------------     --------     --------  ----------------------  --------------------  
        inf        0.000                      0                  178          inf        0.000                      0                  178           NA           NA                      NA                    NA  


There are no user specified timing constraints.


------------------------------------------------------------------------------------------------
| Clock Summary
| -------------
------------------------------------------------------------------------------------------------


------------------------------------------------------------------------------------------------
| Intra Clock Table
| -----------------
------------------------------------------------------------------------------------------------

Clock             WNS(ns)      TNS(ns)  TNS Failing Endpoints  TNS Total Endpoints      WHS(ns)      THS(ns)  THS Failing Endpoints  THS Total Endpoints     WPWS(ns)     TPWS(ns)  TPWS Failing Endpoints  TPWS Total Endpoints  
-----             -------      -------  ---------------------  -------------------      -------      -------  ---------------------  -------------------     --------     --------  ----------------------  --------------------  


------------------------------------------------------------------------------------------------
| Inter Clock Table
| -----------------
------------------------------------------------------------------------------------------------

From Clock    To Clock          WNS(ns)      TNS(ns)  TNS Failing Endpoints  TNS Total Endpoints      WHS(ns)      THS(ns)  THS Failing Endpoints  THS Total Endpoints  
----------    --------          -------      -------  ---------------------  -------------------      -------      -------  ---------------------  -------------------  


------------------------------------------------------------------------------------------------
| Other Path Groups Table
| -----------------------
------------------------------------------------------------------------------------------------

Path Group    From Clock    To Clock          WNS(ns)      TNS(ns)  TNS Failing Endpoints  TNS Total Endpoints      WHS(ns)      THS(ns)  THS Failing Endpoints  THS Total Endpoints  
----------    ----------    --------          -------      -------  ---------------------  -------------------      -------      -------  ---------------------  -------------------  


------------------------------------------------------------------------------------------------
| User Ignored Path Table
| -----------------------
------------------------------------------------------------------------------------------------

Path Group    From Clock    To Clock    
----------    ----------    --------    


------------------------------------------------------------------------------------------------
| Unconstrained Path Table
| ------------------------
------------------------------------------------------------------------------------------------

Path Group    From Clock    To Clock    
----------    ----------    --------    
(none)                                    


------------------------------------------------------------------------------------------------
| Timing Details
| --------------
------------------------------------------------------------------------------------------------


--------------------------------------------------------------------------------------
Path Group:  (none)
From Clock:  
  To Clock:  

Max Delay           178 Endpoints
Min Delay           178 Endpoints
--------------------------------------------------------------------------------------


Max Delay Paths
--------------------------------------------------------------------------------------
Slack:                    inf
  Source:                 ACC/data_out_reg[0]/C
                            (rising edge-triggered cell FDCE)
  Destination:            accumulator_out[0]
                            (output port)
  Path Group:             (none)
  Path Type:              Max at Slow Process Corner
  Data Path Delay:        6.798ns  (logic 4.084ns (60.072%)  route 2.714ns (39.928%))
  Logic Levels:           2  (FDCE=1 OBUF=1)

    Location             Delay type                Incr(ns)  Path(ns)    Netlist Resource(s)
  -------------------------------------------------------------------    -------------------
    SLICE_X112Y87        FDCE                         0.000     0.000 r  ACC/data_out_reg[0]/C
    SLICE_X112Y87        FDCE (Prop_fdce_C_Q)         0.518     0.518 r  ACC/data_out_reg[0]/Q
                         net (fo=5, routed)           2.714     3.232    accumulator_out_OBUF[0]
    V17                  OBUF (Prop_obuf_I_O)         3.566     6.798 r  accumulator_out_OBUF[0]_inst/O
                         net (fo=0)                   0.000     6.798    accumulator_out[0]
    V17                                                               r  accumulator_out[0] (OUT)
  -------------------------------------------------------------------    -------------------

Slack:                    inf
  Source:                 ACC/data_out_reg[3]/C
                            (rising edge-triggered cell FDCE)
  Destination:            accumulator_out[3]
                            (output port)
  Path Group:             (none)
  Path Type:              Max at Slow Process Corner
  Data Path Delay:        6.765ns  (logic 4.046ns (59.813%)  route 2.719ns (40.187%))
  Logic Levels:           2  (FDCE=1 OBUF=1)

    Location             Delay type                Incr(ns)  Path(ns)    Netlist Resource(s)
  -------------------------------------------------------------------    -------------------
    SLICE_X112Y87        FDCE                         0.000     0.000 r  ACC/data_out_reg[3]/C
    SLICE_X112Y87        FDCE (Prop_fdce_C_Q)         0.518     0.518 r  ACC/data_out_reg[3]/Q
                         net (fo=5, routed)           2.719     3.237    accumulator_out_OBUF[3]
    R17                  OBUF (Prop_obuf_I_O)         3.528     6.765 r  accumulator_out_OBUF[3]_inst/O
                         net (fo=0)                   0.000     6.765    accumulator_out[3]
    R17                                                               r  accumulator_out[3] (OUT)
  -------------------------------------------------------------------    -------------------

Slack:                    inf
  Source:                 ACC/data_out_reg[1]/C
                            (rising edge-triggered cell FDCE)
  Destination:            accumulator_out[1]
                            (output port)
  Path Group:             (none)
  Path Type:              Max at Slow Process Corner
  Data Path Delay:        6.691ns  (logic 4.076ns (60.916%)  route 2.615ns (39.084%))
  Logic Levels:           2  (FDCE=1 OBUF=1)

    Location             Delay type                Incr(ns)  Path(ns)    Netlist Resource(s)
  -------------------------------------------------------------------    -------------------
    SLICE_X112Y87        FDCE                         0.000     0.000 r  ACC/data_out_reg[1]/C
    SLICE_X112Y87        FDCE (Prop_fdce_C_Q)         0.518     0.518 r  ACC/data_out_reg[1]/Q
                         net (fo=5, routed)           2.615     3.133    accumulator_out_OBUF[1]
    V18                  OBUF (Prop_obuf_I_O)         3.558     6.691 r  accumulator_out_OBUF[1]_inst/O
                         net (fo=0)                   0.000     6.691    accumulator_out[1]
    V18                                                               r  accumulator_out[1] (OUT)
  -------------------------------------------------------------------    -------------------

Slack:                    inf
  Source:                 ACC/data_out_reg[6]/C
                            (rising edge-triggered cell FDCE)
  Destination:            accumulator_out[6]
                            (output port)
  Path Group:             (none)
  Path Type:              Max at Slow Process Corner
  Data Path Delay:        6.483ns  (logic 4.166ns (64.266%)  route 2.317ns (35.734%))
  Logic Levels:           2  (FDCE=1 OBUF=1)

    Location             Delay type                Incr(ns)  Path(ns)    Netlist Resource(s)
  -------------------------------------------------------------------    -------------------
    SLICE_X113Y88        FDCE                         0.000     0.000 r  ACC/data_out_reg[6]/C
    SLICE_X113Y88        FDCE (Prop_fdce_C_Q)         0.419     0.419 r  ACC/data_out_reg[6]/Q
                         net (fo=5, routed)           2.317     2.736    accumulator_out_OBUF[6]
    N16                  OBUF (Prop_obuf_I_O)         3.747     6.483 r  accumulator_out_OBUF[6]_inst/O
                         net (fo=0)                   0.000     6.483    accumulator_out[6]
    N16                                                               r  accumulator_out[6] (OUT)
  -------------------------------------------------------------------    -------------------

Slack:                    inf
  Source:                 ACC/data_out_reg[7]/C
                            (rising edge-triggered cell FDCE)
  Destination:            accumulator_out[7]
                            (output port)
  Path Group:             (none)
  Path Type:              Max at Slow Process Corner
  Data Path Delay:        6.332ns  (logic 4.037ns (63.751%)  route 2.295ns (36.249%))
  Logic Levels:           2  (FDCE=1 OBUF=1)

    Location             Delay type                Incr(ns)  Path(ns)    Netlist Resource(s)
  -------------------------------------------------------------------    -------------------
    SLICE_X113Y88        FDCE                         0.000     0.000 r  ACC/data_out_reg[7]/C
    SLICE_X113Y88        FDCE (Prop_fdce_C_Q)         0.456     0.456 r  ACC/data_out_reg[7]/Q
                         net (fo=4, routed)           2.295     2.751    accumulator_out_OBUF[7]
    M14                  OBUF (Prop_obuf_I_O)         3.581     6.332 r  accumulator_out_OBUF[7]_inst/O
                         net (fo=0)                   0.000     6.332    accumulator_out[7]
    M14                                                               r  accumulator_out[7] (OUT)
  -------------------------------------------------------------------    -------------------

Slack:                    inf
  Source:                 CTRL/alu_enable_reg_lopt_replica/C
                            (rising edge-triggered cell FDCE)
  Destination:            alu_enable
                            (output port)
  Path Group:             (none)
  Path Type:              Max at Slow Process Corner
  Data Path Delay:        6.298ns  (logic 4.028ns (63.956%)  route 2.270ns (36.044%))
  Logic Levels:           2  (FDCE=1 OBUF=1)

    Location             Delay type                Incr(ns)  Path(ns)    Netlist Resource(s)
  -------------------------------------------------------------------    -------------------
    SLICE_X111Y87        FDCE                         0.000     0.000 r  CTRL/alu_enable_reg_lopt_replica/C
    SLICE_X111Y87        FDCE (Prop_fdce_C_Q)         0.456     0.456 r  CTRL/alu_enable_reg_lopt_replica/Q
                         net (fo=1, routed)           2.270     2.726    lopt_1
    L15                  OBUF (Prop_obuf_I_O)         3.572     6.298 r  alu_enable_OBUF_inst/O
                         net (fo=0)                   0.000     6.298    alu_enable
    L15                                                               r  alu_enable (OUT)
  -------------------------------------------------------------------    -------------------

Slack:                    inf
  Source:                 ACC/data_out_reg[2]/C
                            (rising edge-triggered cell FDCE)
  Destination:            accumulator_out[2]
                            (output port)
  Path Group:             (none)
  Path Type:              Max at Slow Process Corner
  Data Path Delay:        6.134ns  (logic 4.240ns (69.117%)  route 1.895ns (30.883%))
  Logic Levels:           2  (FDCE=1 OBUF=1)

    Location             Delay type                Incr(ns)  Path(ns)    Netlist Resource(s)
  -------------------------------------------------------------------    -------------------
    SLICE_X112Y87        FDCE                         0.000     0.000 r  ACC/data_out_reg[2]/C
    SLICE_X112Y87        FDCE (Prop_fdce_C_Q)         0.478     0.478 r  ACC/data_out_reg[2]/Q
                         net (fo=5, routed)           1.895     2.373    accumulator_out_OBUF[2]
    T16                  OBUF (Prop_obuf_I_O)         3.762     6.134 r  accumulator_out_OBUF[2]_inst/O
                         net (fo=0)                   0.000     6.134    accumulator_out[2]
    T16                                                               r  accumulator_out[2] (OUT)
  -------------------------------------------------------------------    -------------------

Slack:                    inf
  Source:                 ACC/data_out_reg[4]/C
                            (rising edge-triggered cell FDCE)
  Destination:            accumulator_out[4]
                            (output port)
  Path Group:             (none)
  Path Type:              Max at Slow Process Corner
  Data Path Delay:        5.892ns  (logic 4.180ns (70.936%)  route 1.713ns (29.064%))
  Logic Levels:           2  (FDCE=1 OBUF=1)

    Location             Delay type                Incr(ns)  Path(ns)    Netlist Resource(s)
  -------------------------------------------------------------------    -------------------
    SLICE_X112Y87        FDCE                         0.000     0.000 r  ACC/data_out_reg[4]/C
    SLICE_X112Y87        FDCE (Prop_fdce_C_Q)         0.478     0.478 r  ACC/data_out_reg[4]/Q
                         net (fo=5, routed)           1.713     2.191    accumulator_out_OBUF[4]
    R14                  OBUF (Prop_obuf_I_O)         3.702     5.892 r  accumulator_out_OBUF[4]_inst/O
                         net (fo=0)                   0.000     5.892    accumulator_out[4]
    R14                                                               r  accumulator_out[4] (OUT)
  -------------------------------------------------------------------    -------------------

Slack:                    inf
  Source:                 ACC/data_out_reg[5]/C
                            (rising edge-triggered cell FDCE)
  Destination:            accumulator_out[5]
                            (output port)
  Path Group:             (none)
  Path Type:              Max at Slow Process Corner
  Data Path Delay:        5.715ns  (logic 4.013ns (70.224%)  route 1.702ns (29.776%))
  Logic Levels:           2  (FDCE=1 OBUF=1)

    Location             Delay type                Incr(ns)  Path(ns)    Netlist Resource(s)
  -------------------------------------------------------------------    -------------------
    SLICE_X113Y88        FDCE                         0.000     0.000 r  ACC/data_out_reg[5]/C
    SLICE_X113Y88        FDCE (Prop_fdce_C_Q)         0.456     0.456 r  ACC/data_out_reg[5]/Q
                         net (fo=5, routed)           1.702     2.158    accumulator_out_OBUF[5]
    P14                  OBUF (Prop_obuf_I_O)         3.557     5.715 r  accumulator_out_OBUF[5]_inst/O
                         net (fo=0)                   0.000     5.715    accumulator_out[5]
    P14                                                               r  accumulator_out[5] (OUT)
  -------------------------------------------------------------------    -------------------

Slack:                    inf
  Source:                 rst
                            (input port)
  Destination:            PC/PC_out_reg[0]/D
  Path Group:             (none)
  Path Type:              Max at Slow Process Corner
  Data Path Delay:        5.320ns  (logic 1.588ns (29.845%)  route 3.733ns (70.155%))
  Logic Levels:           2  (IBUF=1 LUT6=1)

    Location             Delay type                Incr(ns)  Path(ns)    Netlist Resource(s)
  -------------------------------------------------------------------    -------------------
    D20                                               0.000     0.000 r  rst (IN)
                         net (fo=0)                   0.000     0.000    rst
    D20                  IBUF (Prop_ibuf_I_O)         1.464     1.464 r  rst_IBUF_inst/O
                         net (fo=32, routed)          3.733     5.196    PC/rst_IBUF
    SLICE_X110Y86        LUT6 (Prop_lut6_I3_O)        0.124     5.320 r  PC/PC_out[0]_i_1/O
                         net (fo=1, routed)           0.000     5.320    PC/PC_out[0]_i_1_n_0
    SLICE_X110Y86        FDCE                                         r  PC/PC_out_reg[0]/D
  -------------------------------------------------------------------    -------------------





Min Delay Paths
--------------------------------------------------------------------------------------
Slack:                    inf
  Source:                 CTRL/mux_select_reg_inv/C
                            (rising edge-triggered cell FDPE)
  Destination:            AMUX/operand_address_out_reg[0]/CE
  Path Group:             (none)
  Path Type:              Min at Fast Process Corner
  Data Path Delay:        0.281ns  (logic 0.141ns (50.120%)  route 0.140ns (49.880%))
  Logic Levels:           1  (FDPE=1)

    Location             Delay type                Incr(ns)  Path(ns)    Netlist Resource(s)
  -------------------------------------------------------------------    -------------------
    SLICE_X110Y88        FDPE                         0.000     0.000 r  CTRL/mux_select_reg_inv/C
    SLICE_X110Y88        FDPE (Prop_fdpe_C_Q)         0.141     0.141 r  CTRL/mux_select_reg_inv/Q
                         net (fo=6, routed)           0.140     0.281    AMUX/E[0]
    SLICE_X111Y86        FDRE                                         r  AMUX/operand_address_out_reg[0]/CE
  -------------------------------------------------------------------    -------------------

Slack:                    inf
  Source:                 CTRL/wr_en_reg/C
                            (rising edge-triggered cell FDCE)
  Destination:            DMEM/mem_reg_0_31_0_0/SP/WE
  Path Group:             (none)
  Path Type:              Min at Fast Process Corner
  Data Path Delay:        0.290ns  (logic 0.141ns (48.634%)  route 0.149ns (51.366%))
  Logic Levels:           1  (FDCE=1)

    Location             Delay type                Incr(ns)  Path(ns)    Netlist Resource(s)
  -------------------------------------------------------------------    -------------------
    SLICE_X111Y85        FDCE                         0.000     0.000 r  CTRL/wr_en_reg/C
    SLICE_X111Y85        FDCE (Prop_fdce_C_Q)         0.141     0.141 r  CTRL/wr_en_reg/Q
                         net (fo=18, routed)          0.149     0.290    DMEM/mem_reg_0_31_0_0/WE
    SLICE_X112Y86        RAMS32                                       r  DMEM/mem_reg_0_31_0_0/SP/WE
  -------------------------------------------------------------------    -------------------

Slack:                    inf
  Source:                 CTRL/wr_en_reg/C
                            (rising edge-triggered cell FDCE)
  Destination:            DMEM/mem_reg_0_31_1_1/SP/WE
  Path Group:             (none)
  Path Type:              Min at Fast Process Corner
  Data Path Delay:        0.290ns  (logic 0.141ns (48.634%)  route 0.149ns (51.366%))
  Logic Levels:           1  (FDCE=1)

    Location             Delay type                Incr(ns)  Path(ns)    Netlist Resource(s)
  -------------------------------------------------------------------    -------------------
    SLICE_X111Y85        FDCE                         0.000     0.000 r  CTRL/wr_en_reg/C
    SLICE_X111Y85        FDCE (Prop_fdce_C_Q)         0.141     0.141 r  CTRL/wr_en_reg/Q
                         net (fo=18, routed)          0.149     0.290    DMEM/mem_reg_0_31_1_1/WE
    SLICE_X112Y86        RAMS32                                       r  DMEM/mem_reg_0_31_1_1/SP/WE
  -------------------------------------------------------------------    -------------------

Slack:                    inf
  Source:                 CTRL/wr_en_reg/C
                            (rising edge-triggered cell FDCE)
  Destination:            DMEM/mem_reg_0_31_2_2/SP/WE
  Path Group:             (none)
  Path Type:              Min at Fast Process Corner
  Data Path Delay:        0.290ns  (logic 0.141ns (48.634%)  route 0.149ns (51.366%))
  Logic Levels:           1  (FDCE=1)

    Location             Delay type                Incr(ns)  Path(ns)    Netlist Resource(s)
  -------------------------------------------------------------------    -------------------
    SLICE_X111Y85        FDCE                         0.000     0.000 r  CTRL/wr_en_reg/C
    SLICE_X111Y85        FDCE (Prop_fdce_C_Q)         0.141     0.141 r  CTRL/wr_en_reg/Q
                         net (fo=18, routed)          0.149     0.290    DMEM/mem_reg_0_31_2_2/WE
    SLICE_X112Y86        RAMS32                                       r  DMEM/mem_reg_0_31_2_2/SP/WE
  -------------------------------------------------------------------    -------------------

Slack:                    inf
  Source:                 CTRL/wr_en_reg/C
                            (rising edge-triggered cell FDCE)
  Destination:            DMEM/mem_reg_0_31_3_3/SP/WE
  Path Group:             (none)
  Path Type:              Min at Fast Process Corner
  Data Path Delay:        0.290ns  (logic 0.141ns (48.634%)  route 0.149ns (51.366%))
  Logic Levels:           1  (FDCE=1)

    Location             Delay type                Incr(ns)  Path(ns)    Netlist Resource(s)
  -------------------------------------------------------------------    -------------------
    SLICE_X111Y85        FDCE                         0.000     0.000 r  CTRL/wr_en_reg/C
    SLICE_X111Y85        FDCE (Prop_fdce_C_Q)         0.141     0.141 r  CTRL/wr_en_reg/Q
                         net (fo=18, routed)          0.149     0.290    DMEM/mem_reg_0_31_3_3/WE
    SLICE_X112Y86        RAMS32                                       r  DMEM/mem_reg_0_31_3_3/SP/WE
  -------------------------------------------------------------------    -------------------

Slack:                    inf
  Source:                 CTRL/load_ir_reg/C
                            (rising edge-triggered cell FDCE)
  Destination:            IR/operand_address_tristate_oe_reg[1]/CE
  Path Group:             (none)
  Path Type:              Min at Fast Process Corner
  Data Path Delay:        0.292ns  (logic 0.141ns (48.274%)  route 0.151ns (51.726%))
  Logic Levels:           1  (FDCE=1)

    Location             Delay type                Incr(ns)  Path(ns)    Netlist Resource(s)
  -------------------------------------------------------------------    -------------------
    SLICE_X109Y88        FDCE                         0.000     0.000 r  CTRL/load_ir_reg/C
    SLICE_X109Y88        FDCE (Prop_fdce_C_Q)         0.141     0.141 r  CTRL/load_ir_reg/Q
                         net (fo=8, routed)           0.151     0.292    IR/E[0]
    SLICE_X111Y88        FDRE                                         r  IR/operand_address_tristate_oe_reg[1]/CE
  -------------------------------------------------------------------    -------------------

Slack:                    inf
  Source:                 CTRL/load_ir_reg/C
                            (rising edge-triggered cell FDCE)
  Destination:            IR/operand_address_tristate_oe_reg[2]/CE
  Path Group:             (none)
  Path Type:              Min at Fast Process Corner
  Data Path Delay:        0.292ns  (logic 0.141ns (48.274%)  route 0.151ns (51.726%))
  Logic Levels:           1  (FDCE=1)

    Location             Delay type                Incr(ns)  Path(ns)    Netlist Resource(s)
  -------------------------------------------------------------------    -------------------
    SLICE_X109Y88        FDCE                         0.000     0.000 r  CTRL/load_ir_reg/C
    SLICE_X109Y88        FDCE (Prop_fdce_C_Q)         0.141     0.141 r  CTRL/load_ir_reg/Q
                         net (fo=8, routed)           0.151     0.292    IR/E[0]
    SLICE_X111Y88        FDRE                                         r  IR/operand_address_tristate_oe_reg[2]/CE
  -------------------------------------------------------------------    -------------------

Slack:                    inf
  Source:                 AMUX/operand_address_out_reg[0]/C
                            (rising edge-triggered cell FDRE)
  Destination:            PC/PC_out_reg[0]/D
  Path Group:             (none)
  Path Type:              Min at Fast Process Corner
  Data Path Delay:        0.308ns  (logic 0.186ns (60.350%)  route 0.122ns (39.650%))
  Logic Levels:           2  (FDRE=1 LUT6=1)

    Location             Delay type                Incr(ns)  Path(ns)    Netlist Resource(s)
  -------------------------------------------------------------------    -------------------
    SLICE_X111Y86        FDRE                         0.000     0.000 r  AMUX/operand_address_out_reg[0]/C
    SLICE_X111Y86        FDRE (Prop_fdre_C_Q)         0.141     0.141 r  AMUX/operand_address_out_reg[0]/Q
                         net (fo=9, routed)           0.122     0.263    PC/Q[0]
    SLICE_X110Y86        LUT6 (Prop_lut6_I0_O)        0.045     0.308 r  PC/PC_out[0]_i_1/O
                         net (fo=1, routed)           0.000     0.308    PC/PC_out[0]_i_1_n_0
    SLICE_X110Y86        FDCE                                         r  PC/PC_out_reg[0]/D
  -------------------------------------------------------------------    -------------------

Slack:                    inf
  Source:                 CTRL/pc_enable_reg/C
                            (rising edge-triggered cell FDCE)
  Destination:            PC/PC_out_reg[1]/D
  Path Group:             (none)
  Path Type:              Min at Fast Process Corner
  Data Path Delay:        0.312ns  (logic 0.186ns (59.538%)  route 0.126ns (40.462%))
  Logic Levels:           2  (FDCE=1 LUT6=1)

    Location             Delay type                Incr(ns)  Path(ns)    Netlist Resource(s)
  -------------------------------------------------------------------    -------------------
    SLICE_X109Y87        FDCE                         0.000     0.000 r  CTRL/pc_enable_reg/C
    SLICE_X109Y87        FDCE (Prop_fdce_C_Q)         0.141     0.141 r  CTRL/pc_enable_reg/Q
                         net (fo=3, routed)           0.126     0.267    PC/pc_enable
    SLICE_X109Y88        LUT6 (Prop_lut6_I4_O)        0.045     0.312 r  PC/PC_out[1]_i_1/O
                         net (fo=1, routed)           0.000     0.312    PC/PC_out[1]_i_1_n_0
    SLICE_X109Y88        FDCE                                         r  PC/PC_out_reg[1]/D
  -------------------------------------------------------------------    -------------------

Slack:                    inf
  Source:                 AMUX/instruction_address_reg[0]/C
                            (rising edge-triggered cell FDRE)
  Destination:            IMEM/instruct_reg[6]/D
  Path Group:             (none)
  Path Type:              Min at Fast Process Corner
  Data Path Delay:        0.313ns  (logic 0.186ns (59.358%)  route 0.127ns (40.642%))
  Logic Levels:           2  (FDRE=1 LUT2=1)

    Location             Delay type                Incr(ns)  Path(ns)    Netlist Resource(s)
  -------------------------------------------------------------------    -------------------
    SLICE_X107Y86        FDRE                         0.000     0.000 r  AMUX/instruction_address_reg[0]/C
    SLICE_X107Y86        FDRE (Prop_fdre_C_Q)         0.141     0.141 f  AMUX/instruction_address_reg[0]/Q
                         net (fo=7, routed)           0.127     0.268    AMUX/instruction_address[0]
    SLICE_X109Y86        LUT2 (Prop_lut2_I1_O)        0.045     0.313 r  AMUX/instruct[6]_i_1/O
                         net (fo=1, routed)           0.000     0.313    IMEM/D[5]
    SLICE_X109Y86        FDRE                                         r  IMEM/instruct_reg[6]/D
  -------------------------------------------------------------------    -------------------





