
*** Running vivado
    with args -log RISC_CPU.vdi -applog -m64 -product Vivado -messageDb vivado.pb -mode batch -source RISC_CPU.tcl -notrace



****** Vivado v2024.1 (64-bit)
  **** SW Build 5076996 on Wed May 22 18:37:14 MDT 2024
  **** IP Build 5075265 on Wed May 22 21:45:21 MDT 2024
  **** SharedData Build 5076995 on Wed May 22 18:29:18 MDT 2024
  **** Start of session at: Mon Dec  9 18:30:31 2024
    ** Copyright 1986-2022 Xilinx, Inc. All Rights Reserved.
    ** Copyright 2022-2024 Advanced Micro Devices, Inc. All Rights Reserved.

source RISC_CPU.tcl -notrace
create_project: Time (s): cpu = 00:00:06 ; elapsed = 00:00:07 . Memory (MB): peak = 514.645 ; gain = 202.172
Command: link_design -top RISC_CPU -part xc7z020clg400-1
Design is defaulting to srcset: sources_1
Design is defaulting to constrset: constrs_1
INFO: [Device 21-403] Loading part xc7z020clg400-1
INFO: [Device 21-9227] Part: xc7z020clg400-1 does not have CEAM library.
Netlist sorting complete. Time (s): cpu = 00:00:00 ; elapsed = 00:00:00.001 . Memory (MB): peak = 948.445 ; gain = 0.000
INFO: [Netlist 29-17] Analyzing 10 Unisim elements for replacement
INFO: [Netlist 29-28] Unisim Transformation completed in 0 CPU seconds
INFO: [Project 1-479] Netlist was created with Vivado 2024.1
INFO: [Project 1-570] Preparing netlist for logic optimization
Parsing XDC File [F:/DA_TKLL/Arty-Z7-20-Extension-board-Master.xdc]
Finished Parsing XDC File [F:/DA_TKLL/Arty-Z7-20-Extension-board-Master.xdc]
INFO: [Opt 31-138] Pushed 0 inverter(s) to 0 load pin(s).
Netlist sorting complete. Time (s): cpu = 00:00:00 ; elapsed = 00:00:00 . Memory (MB): peak = 1072.613 ; gain = 0.000
INFO: [Project 1-111] Unisim Transformation Summary:
  A total of 8 instances were transformed.
  RAM32X1S => RAM32X1S (RAMS32): 8 instances

8 Infos, 0 Warnings, 0 Critical Warnings and 0 Errors encountered.
link_design completed successfully
link_design: Time (s): cpu = 00:00:05 ; elapsed = 00:00:06 . Memory (MB): peak = 1072.613 ; gain = 557.969
Command: opt_design
Attempting to get a license for feature 'Implementation' and/or device 'xc7z020'
INFO: [Common 17-349] Got license for feature 'Implementation' and/or device 'xc7z020'
Running DRC as a precondition to command opt_design

Starting DRC Task
INFO: [DRC 23-27] Running DRC with 2 threads
INFO: [Project 1-461] DRC finished with 0 Errors
INFO: [Project 1-462] Please refer to the DRC report (report_drc) for more information.

Time (s): cpu = 00:00:01 ; elapsed = 00:00:00.921 . Memory (MB): peak = 1107.141 ; gain = 34.527

Starting Cache Timing Information Task
INFO: [Timing 38-35] Done setting XDC timing constraints.
Ending Cache Timing Information Task | Checksum: 104cd85a2

Time (s): cpu = 00:00:05 ; elapsed = 00:00:07 . Memory (MB): peak = 1654.434 ; gain = 547.293

Starting Logic Optimization Task

Phase 1 Initialization

Phase 1.1 Core Generation And Design Setup
Phase 1.1 Core Generation And Design Setup | Checksum: 104cd85a2

Time (s): cpu = 00:00:00 ; elapsed = 00:00:00 . Memory (MB): peak = 2034.031 ; gain = 0.000

Phase 1.2 Setup Constraints And Sort Netlist
Phase 1.2 Setup Constraints And Sort Netlist | Checksum: 104cd85a2

Time (s): cpu = 00:00:00 ; elapsed = 00:00:00.001 . Memory (MB): peak = 2034.031 ; gain = 0.000
Phase 1 Initialization | Checksum: 104cd85a2

Time (s): cpu = 00:00:00 ; elapsed = 00:00:00.001 . Memory (MB): peak = 2034.031 ; gain = 0.000

Phase 2 Timer Update And Timing Data Collection

Phase 2.1 Timer Update
Phase 2.1 Timer Update | Checksum: 104cd85a2

Time (s): cpu = 00:00:00 ; elapsed = 00:00:00.005 . Memory (MB): peak = 2034.031 ; gain = 0.000

Phase 2.2 Timing Data Collection
Phase 2.2 Timing Data Collection | Checksum: 104cd85a2

Time (s): cpu = 00:00:00 ; elapsed = 00:00:00.015 . Memory (MB): peak = 2034.031 ; gain = 0.000
Phase 2 Timer Update And Timing Data Collection | Checksum: 104cd85a2

Time (s): cpu = 00:00:00 ; elapsed = 00:00:00.016 . Memory (MB): peak = 2034.031 ; gain = 0.000

Phase 3 Retarget
INFO: [Opt 31-1834] Total Chains To Be Transformed Were: 0 AND Number of Transformed insts Created are: 0
INFO: [Opt 31-138] Pushed 1 inverter(s) to 8 load pin(s).
INFO: [Opt 31-49] Retargeted 0 cell(s).
Phase 3 Retarget | Checksum: 13a603574

Time (s): cpu = 00:00:00 ; elapsed = 00:00:00.022 . Memory (MB): peak = 2034.031 ; gain = 0.000
Retarget | Checksum: 13a603574
INFO: [Opt 31-389] Phase Retarget created 0 cells and removed 0 cells

Phase 4 Constant propagation
INFO: [Opt 31-138] Pushed 0 inverter(s) to 0 load pin(s).
Phase 4 Constant propagation | Checksum: 1430db4dc

Time (s): cpu = 00:00:00 ; elapsed = 00:00:00.026 . Memory (MB): peak = 2034.031 ; gain = 0.000
Constant propagation | Checksum: 1430db4dc
INFO: [Opt 31-389] Phase Constant propagation created 8 cells and removed 12 cells

Phase 5 Sweep
Phase 5 Sweep | Checksum: dc830172

Time (s): cpu = 00:00:00 ; elapsed = 00:00:00.028 . Memory (MB): peak = 2034.031 ; gain = 0.000
Sweep | Checksum: dc830172
INFO: [Opt 31-389] Phase Sweep created 1 cells and removed 0 cells

Phase 6 BUFG optimization
Phase 6 BUFG optimization | Checksum: dc830172

Time (s): cpu = 00:00:00 ; elapsed = 00:00:00.057 . Memory (MB): peak = 2034.031 ; gain = 0.000
BUFG optimization | Checksum: dc830172
INFO: [Opt 31-662] Phase BUFG optimization created 0 cells of which 0 are BUFGs and removed 0 cells.

Phase 7 Shift Register Optimization
INFO: [Opt 31-1064] SRL Remap converted 0 SRLs to 0 registers and converted 0 registers of register chains to 0 SRLs
Phase 7 Shift Register Optimization | Checksum: dc830172

Time (s): cpu = 00:00:00 ; elapsed = 00:00:00.058 . Memory (MB): peak = 2034.031 ; gain = 0.000
Shift Register Optimization | Checksum: dc830172
INFO: [Opt 31-389] Phase Shift Register Optimization created 0 cells and removed 0 cells

Phase 8 Post Processing Netlist
Phase 8 Post Processing Netlist | Checksum: 153b27616

Time (s): cpu = 00:00:00 ; elapsed = 00:00:00.059 . Memory (MB): peak = 2034.031 ; gain = 0.000
Post Processing Netlist | Checksum: 153b27616
INFO: [Opt 31-389] Phase Post Processing Netlist created 0 cells and removed 0 cells

Phase 9 Finalization

Phase 9.1 Finalizing Design Cores and Updating Shapes
Phase 9.1 Finalizing Design Cores and Updating Shapes | Checksum: 22593303e

Time (s): cpu = 00:00:00 ; elapsed = 00:00:00.064 . Memory (MB): peak = 2034.031 ; gain = 0.000

Phase 9.2 Verifying Netlist Connectivity

Starting Connectivity Check Task

Time (s): cpu = 00:00:00 ; elapsed = 00:00:00 . Memory (MB): peak = 2034.031 ; gain = 0.000
Phase 9.2 Verifying Netlist Connectivity | Checksum: 22593303e

Time (s): cpu = 00:00:00 ; elapsed = 00:00:00.065 . Memory (MB): peak = 2034.031 ; gain = 0.000
Phase 9 Finalization | Checksum: 22593303e

Time (s): cpu = 00:00:00 ; elapsed = 00:00:00.065 . Memory (MB): peak = 2034.031 ; gain = 0.000
Opt_design Change Summary
=========================


-------------------------------------------------------------------------------------------------------------------------
|  Phase                        |  #Cells created  |  #Cells Removed  |  #Constrained objects preventing optimizations  |
-------------------------------------------------------------------------------------------------------------------------
|  Retarget                     |               0  |               0  |                                              0  |
|  Constant propagation         |               8  |              12  |                                              0  |
|  Sweep                        |               1  |               0  |                                              0  |
|  BUFG optimization            |               0  |               0  |                                              0  |
|  Shift Register Optimization  |               0  |               0  |                                              0  |
|  Post Processing Netlist      |               0  |               0  |                                              0  |
-------------------------------------------------------------------------------------------------------------------------


Ending Logic Optimization Task | Checksum: 22593303e

Time (s): cpu = 00:00:00 ; elapsed = 00:00:00.065 . Memory (MB): peak = 2034.031 ; gain = 0.000

Starting Power Optimization Task
INFO: [Pwropt 34-132] Skipping clock gating for clocks with a period < 2.00 ns.
Ending Power Optimization Task | Checksum: 22593303e

Time (s): cpu = 00:00:00 ; elapsed = 00:00:00.013 . Memory (MB): peak = 2034.031 ; gain = 0.000

Starting Final Cleanup Task
Ending Final Cleanup Task | Checksum: 22593303e

Time (s): cpu = 00:00:00 ; elapsed = 00:00:00 . Memory (MB): peak = 2034.031 ; gain = 0.000

Starting Netlist Obfuscation Task
Netlist sorting complete. Time (s): cpu = 00:00:00 ; elapsed = 00:00:00.001 . Memory (MB): peak = 2034.031 ; gain = 0.000
Ending Netlist Obfuscation Task | Checksum: 22593303e

Time (s): cpu = 00:00:00 ; elapsed = 00:00:00.001 . Memory (MB): peak = 2034.031 ; gain = 0.000
INFO: [Common 17-83] Releasing license: Implementation
26 Infos, 0 Warnings, 0 Critical Warnings and 0 Errors encountered.
opt_design completed successfully
opt_design: Time (s): cpu = 00:00:08 ; elapsed = 00:00:11 . Memory (MB): peak = 2034.031 ; gain = 961.418
INFO: [Vivado 12-24828] Executing command : report_drc -file RISC_CPU_drc_opted.rpt -pb RISC_CPU_drc_opted.pb -rpx RISC_CPU_drc_opted.rpx
Command: report_drc -file RISC_CPU_drc_opted.rpt -pb RISC_CPU_drc_opted.pb -rpx RISC_CPU_drc_opted.rpx
INFO: [IP_Flow 19-234] Refreshing IP repositories
INFO: [IP_Flow 19-1704] No user IP repositories specified
INFO: [IP_Flow 19-2313] Loaded Vivado IP repository 'F:/Xilinx/Vivado/2024.1/data/ip'.
INFO: [DRC 23-27] Running DRC with 2 threads
INFO: [Vivado_Tcl 2-168] The results of DRC are in file C:/Users/GIGABYTE/Downloads/TKLL_NHOM11-sunsik_every_except_STO/TKLL_NHOM11-sunsik_every_except_STO/doan/project_ANH_NGHI.runs/impl_1/RISC_CPU_drc_opted.rpt.
report_drc completed successfully
INFO: [Timing 38-480] Writing timing data to binary archive.
Write ShapeDB Complete: Time (s): cpu = 00:00:00 ; elapsed = 00:00:00.001 . Memory (MB): peak = 2034.031 ; gain = 0.000
Wrote PlaceDB: Time (s): cpu = 00:00:00 ; elapsed = 00:00:00.001 . Memory (MB): peak = 2034.031 ; gain = 0.000
Wrote PulsedLatchDB: Time (s): cpu = 00:00:00 ; elapsed = 00:00:00 . Memory (MB): peak = 2034.031 ; gain = 0.000
Writing XDEF routing.
Writing XDEF routing logical nets.
Writing XDEF routing special nets.
Wrote RouteStorage: Time (s): cpu = 00:00:00 ; elapsed = 00:00:00.049 . Memory (MB): peak = 2034.031 ; gain = 0.000
Wrote Netlist Cache: Time (s): cpu = 00:00:00 ; elapsed = 00:00:00 . Memory (MB): peak = 2034.031 ; gain = 0.000
Wrote Device Cache: Time (s): cpu = 00:00:00 ; elapsed = 00:00:00.008 . Memory (MB): peak = 2034.031 ; gain = 0.000
Write Physdb Complete: Time (s): cpu = 00:00:00 ; elapsed = 00:00:00.065 . Memory (MB): peak = 2034.031 ; gain = 0.000
INFO: [Common 17-1381] The checkpoint 'C:/Users/GIGABYTE/Downloads/TKLL_NHOM11-sunsik_every_except_STO/TKLL_NHOM11-sunsik_every_except_STO/doan/project_ANH_NGHI.runs/impl_1/RISC_CPU_opt.dcp' has been generated.
Command: place_design
Attempting to get a license for feature 'Implementation' and/or device 'xc7z020'
INFO: [Common 17-349] Got license for feature 'Implementation' and/or device 'xc7z020'
INFO: [Common 17-83] Releasing license: Implementation
INFO: [DRC 23-27] Running DRC with 2 threads
INFO: [Vivado_Tcl 4-198] DRC finished with 0 Errors
INFO: [Vivado_Tcl 4-199] Please refer to the DRC report (report_drc) for more information.
Running DRC as a precondition to command place_design
INFO: [DRC 23-27] Running DRC with 2 threads
INFO: [Vivado_Tcl 4-198] DRC finished with 0 Errors
INFO: [Vivado_Tcl 4-199] Please refer to the DRC report (report_drc) for more information.
INFO: [Place 30-611] Multithreading enabled for place_design using a maximum of 2 CPUs

Starting Placer Task

Phase 1 Placer Initialization

Phase 1.1 Placer Initialization Netlist Sorting
Netlist sorting complete. Time (s): cpu = 00:00:00 ; elapsed = 00:00:00 . Memory (MB): peak = 2034.031 ; gain = 0.000
Phase 1.1 Placer Initialization Netlist Sorting | Checksum: 12e931fe9

Time (s): cpu = 00:00:00 ; elapsed = 00:00:00.001 . Memory (MB): peak = 2034.031 ; gain = 0.000
Netlist sorting complete. Time (s): cpu = 00:00:00 ; elapsed = 00:00:00 . Memory (MB): peak = 2034.031 ; gain = 0.000

Phase 1.2 IO Placement/ Clock Placement/ Build Placer Device
INFO: [Timing 38-35] Done setting XDC timing constraints.
WARNING: [Place 30-568] A LUT 'CTRL/ALU_result_tristate_oe[7]_i_2' is driving clock pin of 9 registers. This could lead to large hold time violations. First few involved registers are:
	data_out_reg[7]_i_5 {FDRE}
	ALU/ALU_result_tristate_oe_reg[4] {FDRE}
	ALU/ALU_result_tristate_oe_reg[0] {FDRE}
	ALU/ALU_result_tristate_oe_reg[6] {FDRE}
	ALU/ALU_result_tristate_oe_reg[3] {FDRE}
WARNING: [Place 30-568] A LUT 'CTRL/instruct[6]_i_2' is driving clock pin of 6 registers. This could lead to large hold time violations. First few involved registers are:
	IMEM/instruct_reg[1] {FDRE}
	IMEM/instruct_reg[0] {FDRE}
	IMEM/instruct_reg[4] {FDRE}
	IMEM/instruct_reg[5] {FDRE}
	IMEM/instruct_reg[2] {FDRE}
WARNING: [Place 30-568] A LUT 'CTRL/data_out[7]_i_3' is driving clock pin of 8 registers. This could lead to large hold time violations. First few involved registers are:
	ACC/data_out_reg[1] {FDCE}
	ACC/data_out_reg[5] {FDCE}
	ACC/data_out_reg[4] {FDCE}
	ACC/data_out_reg[6] {FDCE}
	ACC/data_out_reg[7] {FDCE}
WARNING: [Place 30-568] A LUT 'CTRL/data_out[7]_i_2__0' is driving clock pin of 16 registers. This could lead to large hold time violations. First few involved registers are:
	DMEM/mem_reg_0_31_0_0/SP {RAMS32}
	DMEM/mem_reg_0_31_3_3/SP {RAMS32}
	DMEM/mem_reg_0_31_1_1/SP {RAMS32}
	DMEM/mem_reg_0_31_2_2/SP {RAMS32}
	DMEM/mem_reg_0_31_6_6/SP {RAMS32}
WARNING: [Place 30-574] Poor placement for routing between an IO pin and BUFG. This is normally an ERROR but the CLOCK_DEDICATED_ROUTE constraint is set to FALSE allowing your design to continue. The use of this override is highly discouraged as it may lead to very poor timing results. It is recommended that this error condition be corrected in the design.

	clk_IBUF_inst (IBUF.O) is locked to IOB_X1Y142
	clk_IBUF_BUFG_inst (BUFG.I) is provisionally placed by clockplacer on BUFGCTRL_X0Y0
Resolution: Poor placement of an IO pin and a BUFG has resulted in the router using a non-dedicated path between the two.  There are several things that could trigger this DRC, each of which can cause unpredictable clock insertion delays that result in poor timing.  This DRC could be caused by any of the following: (a) a clock port was placed on a pin that is not a CCIO-pin (b)the BUFG has not been placed in the same half of the device or SLR as the CCIO-pin (c) a single ended clock has been placed on the N-Side of a differential pair CCIO-pin.
Phase 1.2 IO Placement/ Clock Placement/ Build Placer Device | Checksum: 12437f8fc

Time (s): cpu = 00:00:00 ; elapsed = 00:00:00.266 . Memory (MB): peak = 2034.031 ; gain = 0.000

Phase 1.3 Build Placer Netlist Model
Phase 1.3 Build Placer Netlist Model | Checksum: 1a9ec11f0

Time (s): cpu = 00:00:00 ; elapsed = 00:00:00.288 . Memory (MB): peak = 2034.031 ; gain = 0.000

Phase 1.4 Constrain Clocks/Macros
Phase 1.4 Constrain Clocks/Macros | Checksum: 1a9ec11f0

Time (s): cpu = 00:00:00 ; elapsed = 00:00:00.289 . Memory (MB): peak = 2034.031 ; gain = 0.000
Phase 1 Placer Initialization | Checksum: 1a9ec11f0

Time (s): cpu = 00:00:00 ; elapsed = 00:00:00.292 . Memory (MB): peak = 2034.031 ; gain = 0.000

Phase 2 Global Placement

Phase 2.1 Floorplanning
Phase 2.1 Floorplanning | Checksum: 1a9ec11f0

Time (s): cpu = 00:00:00 ; elapsed = 00:00:00.294 . Memory (MB): peak = 2034.031 ; gain = 0.000

Phase 2.2 Update Timing before SLR Path Opt
Phase 2.2 Update Timing before SLR Path Opt | Checksum: 1a9ec11f0

Time (s): cpu = 00:00:00 ; elapsed = 00:00:00.294 . Memory (MB): peak = 2034.031 ; gain = 0.000

Phase 2.3 Post-Processing in Floorplanning
Phase 2.3 Post-Processing in Floorplanning | Checksum: 1a9ec11f0

Time (s): cpu = 00:00:00 ; elapsed = 00:00:00.295 . Memory (MB): peak = 2034.031 ; gain = 0.000

Phase 2.4 Global Placement Core
WARNING: [Place 46-29] Timing had been disabled during Placer and, therefore, physical synthesis in Placer will be skipped.
Phase 2.4 Global Placement Core | Checksum: 13abf8eb8

Time (s): cpu = 00:00:01 ; elapsed = 00:00:00.810 . Memory (MB): peak = 2034.031 ; gain = 0.000
Phase 2 Global Placement | Checksum: 13abf8eb8

Time (s): cpu = 00:00:01 ; elapsed = 00:00:00.813 . Memory (MB): peak = 2034.031 ; gain = 0.000

Phase 3 Detail Placement

Phase 3.1 Commit Multi Column Macros
Phase 3.1 Commit Multi Column Macros | Checksum: 13abf8eb8

Time (s): cpu = 00:00:01 ; elapsed = 00:00:00.815 . Memory (MB): peak = 2034.031 ; gain = 0.000

Phase 3.2 Commit Most Macros & LUTRAMs
Phase 3.2 Commit Most Macros & LUTRAMs | Checksum: 1c72317ca

Time (s): cpu = 00:00:01 ; elapsed = 00:00:00.825 . Memory (MB): peak = 2034.031 ; gain = 0.000

Phase 3.3 Area Swap Optimization
Phase 3.3 Area Swap Optimization | Checksum: 163dee4de

Time (s): cpu = 00:00:01 ; elapsed = 00:00:00.835 . Memory (MB): peak = 2034.031 ; gain = 0.000

Phase 3.4 Pipeline Register Optimization
Phase 3.4 Pipeline Register Optimization | Checksum: 163dee4de

Time (s): cpu = 00:00:01 ; elapsed = 00:00:00.836 . Memory (MB): peak = 2034.031 ; gain = 0.000

Phase 3.5 Small Shape Detail Placement
Phase 3.5 Small Shape Detail Placement | Checksum: 186fa7007

Time (s): cpu = 00:00:01 ; elapsed = 00:00:00.991 . Memory (MB): peak = 2034.031 ; gain = 0.000

Phase 3.6 Re-assign LUT pins
Phase 3.6 Re-assign LUT pins | Checksum: 186fa7007

Time (s): cpu = 00:00:01 ; elapsed = 00:00:00.997 . Memory (MB): peak = 2034.031 ; gain = 0.000

Phase 3.7 Pipeline Register Optimization
Phase 3.7 Pipeline Register Optimization | Checksum: 186fa7007

Time (s): cpu = 00:00:01 ; elapsed = 00:00:00.998 . Memory (MB): peak = 2034.031 ; gain = 0.000
Phase 3 Detail Placement | Checksum: 186fa7007

Time (s): cpu = 00:00:01 ; elapsed = 00:00:00.998 . Memory (MB): peak = 2034.031 ; gain = 0.000

Phase 4 Post Placement Optimization and Clean-Up

Phase 4.1 Post Commit Optimization
Phase 4.1 Post Commit Optimization | Checksum: 186fa7007

Time (s): cpu = 00:00:01 ; elapsed = 00:00:01 . Memory (MB): peak = 2034.031 ; gain = 0.000

Phase 4.2 Post Placement Cleanup
Phase 4.2 Post Placement Cleanup | Checksum: 186fa7007

Time (s): cpu = 00:00:01 ; elapsed = 00:00:01 . Memory (MB): peak = 2034.031 ; gain = 0.000

Phase 4.3 Placer Reporting

Phase 4.3.1 Print Estimated Congestion
INFO: [Place 30-612] Post-Placement Estimated Congestion 
 ____________________________________________________
|           | Global Congestion | Short Congestion  |
| Direction | Region Size       | Region Size       |
|___________|___________________|___________________|
|      North|                1x1|                1x1|
|___________|___________________|___________________|
|      South|                1x1|                1x1|
|___________|___________________|___________________|
|       East|                1x1|                1x1|
|___________|___________________|___________________|
|       West|                1x1|                1x1|
|___________|___________________|___________________|

Phase 4.3.1 Print Estimated Congestion | Checksum: 186fa7007

Time (s): cpu = 00:00:01 ; elapsed = 00:00:01 . Memory (MB): peak = 2034.031 ; gain = 0.000
Phase 4.3 Placer Reporting | Checksum: 186fa7007

Time (s): cpu = 00:00:01 ; elapsed = 00:00:01 . Memory (MB): peak = 2034.031 ; gain = 0.000

Phase 4.4 Final Placement Cleanup
Netlist sorting complete. Time (s): cpu = 00:00:00 ; elapsed = 00:00:00 . Memory (MB): peak = 2034.031 ; gain = 0.000

Time (s): cpu = 00:00:01 ; elapsed = 00:00:01 . Memory (MB): peak = 2034.031 ; gain = 0.000
Phase 4 Post Placement Optimization and Clean-Up | Checksum: 18541d871

Time (s): cpu = 00:00:01 ; elapsed = 00:00:01 . Memory (MB): peak = 2034.031 ; gain = 0.000
Ending Placer Task | Checksum: 16ecb35a9

Time (s): cpu = 00:00:01 ; elapsed = 00:00:01 . Memory (MB): peak = 2034.031 ; gain = 0.000
45 Infos, 6 Warnings, 0 Critical Warnings and 0 Errors encountered.
place_design completed successfully
INFO: [Vivado 12-24838] Running report commands "report_control_sets, report_io, report_utilization" in parallel.
Running report generation with 2 threads.
INFO: [Vivado 12-24828] Executing command : report_utilization -file RISC_CPU_utilization_placed.rpt -pb RISC_CPU_utilization_placed.pb
INFO: [Vivado 12-24828] Executing command : report_control_sets -verbose -file RISC_CPU_control_sets_placed.rpt
report_control_sets: Time (s): cpu = 00:00:00 ; elapsed = 00:00:00.002 . Memory (MB): peak = 2034.031 ; gain = 0.000
INFO: [Vivado 12-24828] Executing command : report_io -file RISC_CPU_io_placed.rpt
report_io: Time (s): cpu = 00:00:00 ; elapsed = 00:00:00.047 . Memory (MB): peak = 2034.031 ; gain = 0.000
Write ShapeDB Complete: Time (s): cpu = 00:00:00 ; elapsed = 00:00:00.002 . Memory (MB): peak = 2034.031 ; gain = 0.000
INFO: [Timing 38-480] Writing timing data to binary archive.
Wrote PlaceDB: Time (s): cpu = 00:00:00 ; elapsed = 00:00:00.008 . Memory (MB): peak = 2034.031 ; gain = 0.000
Wrote PulsedLatchDB: Time (s): cpu = 00:00:00 ; elapsed = 00:00:00 . Memory (MB): peak = 2034.031 ; gain = 0.000
Writing XDEF routing.
Writing XDEF routing logical nets.
Writing XDEF routing special nets.
Wrote RouteStorage: Time (s): cpu = 00:00:00 ; elapsed = 00:00:00.022 . Memory (MB): peak = 2034.031 ; gain = 0.000
Wrote Netlist Cache: Time (s): cpu = 00:00:00 ; elapsed = 00:00:00 . Memory (MB): peak = 2034.031 ; gain = 0.000
Wrote Device Cache: Time (s): cpu = 00:00:00 ; elapsed = 00:00:00.008 . Memory (MB): peak = 2034.031 ; gain = 0.000
Write Physdb Complete: Time (s): cpu = 00:00:00 ; elapsed = 00:00:00.046 . Memory (MB): peak = 2034.031 ; gain = 0.000
INFO: [Common 17-1381] The checkpoint 'C:/Users/GIGABYTE/Downloads/TKLL_NHOM11-sunsik_every_except_STO/TKLL_NHOM11-sunsik_every_except_STO/doan/project_ANH_NGHI.runs/impl_1/RISC_CPU_placed.dcp' has been generated.
Command: phys_opt_design
Attempting to get a license for feature 'Implementation' and/or device 'xc7z020'
INFO: [Common 17-349] Got license for feature 'Implementation' and/or device 'xc7z020'

Starting Initial Update Timing Task

Time (s): cpu = 00:00:00 ; elapsed = 00:00:00.018 . Memory (MB): peak = 2036.699 ; gain = 2.668
INFO: [Vivado_Tcl 4-235] No timing constraint found. The netlist was not modified.
INFO: [Common 17-83] Releasing license: Implementation
54 Infos, 6 Warnings, 0 Critical Warnings and 0 Errors encountered.
phys_opt_design completed successfully
INFO: [Timing 38-480] Writing timing data to binary archive.
Write ShapeDB Complete: Time (s): cpu = 00:00:00 ; elapsed = 00:00:00.002 . Memory (MB): peak = 2054.578 ; gain = 0.043
Wrote PlaceDB: Time (s): cpu = 00:00:00 ; elapsed = 00:00:00.009 . Memory (MB): peak = 2054.578 ; gain = 0.000
Wrote PulsedLatchDB: Time (s): cpu = 00:00:00 ; elapsed = 00:00:00 . Memory (MB): peak = 2054.578 ; gain = 0.000
Writing XDEF routing.
Writing XDEF routing logical nets.
Writing XDEF routing special nets.
Wrote RouteStorage: Time (s): cpu = 00:00:00 ; elapsed = 00:00:00.022 . Memory (MB): peak = 2054.578 ; gain = 0.000
Wrote Netlist Cache: Time (s): cpu = 00:00:00 ; elapsed = 00:00:00 . Memory (MB): peak = 2054.578 ; gain = 0.000
Wrote Device Cache: Time (s): cpu = 00:00:00 ; elapsed = 00:00:00.010 . Memory (MB): peak = 2054.578 ; gain = 0.000
Write Physdb Complete: Time (s): cpu = 00:00:00 ; elapsed = 00:00:00.047 . Memory (MB): peak = 2054.578 ; gain = 0.000
INFO: [Common 17-1381] The checkpoint 'C:/Users/GIGABYTE/Downloads/TKLL_NHOM11-sunsik_every_except_STO/TKLL_NHOM11-sunsik_every_except_STO/doan/project_ANH_NGHI.runs/impl_1/RISC_CPU_physopt.dcp' has been generated.
Command: route_design
Attempting to get a license for feature 'Implementation' and/or device 'xc7z020'
INFO: [Common 17-349] Got license for feature 'Implementation' and/or device 'xc7z020'
Running DRC as a precondition to command route_design
INFO: [DRC 23-27] Running DRC with 2 threads
INFO: [Vivado_Tcl 4-198] DRC finished with 0 Errors, 1 Warnings
INFO: [Vivado_Tcl 4-199] Please refer to the DRC report (report_drc) for more information.


Starting Routing Task
INFO: [Route 35-254] Multithreading enabled for route_design using a maximum of 8 CPUs

Phase 1 Build RT Design
Checksum: PlaceDB: bc702a65 ConstDB: 0 ShapeSum: 9c619854 RouteDB: 15f972f0
Post Restoration Checksum: NetGraph: 71b0bdf2 | NumContArr: 6837efb6 | Constraints: c2a8fa9d | Timing: c2a8fa9d
Phase 1 Build RT Design | Checksum: 25f3aa2e2

Time (s): cpu = 00:00:29 ; elapsed = 00:00:27 . Memory (MB): peak = 2146.078 ; gain = 80.078

Phase 2 Router Initialization
INFO: [Route 35-64] No timing constraints were detected. The router will operate in resource-optimization mode.

Phase 2.1 Fix Topology Constraints
Phase 2.1 Fix Topology Constraints | Checksum: 25f3aa2e2

Time (s): cpu = 00:00:29 ; elapsed = 00:00:27 . Memory (MB): peak = 2177.355 ; gain = 111.355

Phase 2.2 Pre Route Cleanup
Phase 2.2 Pre Route Cleanup | Checksum: 25f3aa2e2

Time (s): cpu = 00:00:29 ; elapsed = 00:00:27 . Memory (MB): peak = 2177.355 ; gain = 111.355
 Number of Nodes with overlaps = 0

Router Utilization Summary
  Global Vertical Routing Utilization    = 0 %
  Global Horizontal Routing Utilization  = 0 %
  Routable Net Status*
  *Does not include unroutable nets such as driverless and loadless.
  Run report_route_status for detailed report.
  Number of Failed Nets               = 134
    (Failed Nets is the sum of unrouted and partially routed nets)
  Number of Unrouted Nets             = 134
  Number of Partially Routed Nets     = 0
  Number of Node Overlaps             = 0

Phase 2 Router Initialization | Checksum: 209c748ec

Time (s): cpu = 00:00:30 ; elapsed = 00:00:27 . Memory (MB): peak = 2256.000 ; gain = 190.000

Phase 3 Global Routing
Phase 3 Global Routing | Checksum: 209c748ec

Time (s): cpu = 00:00:30 ; elapsed = 00:00:27 . Memory (MB): peak = 2256.000 ; gain = 190.000

Phase 4 Initial Routing

Phase 4.1 Initial Net Routing Pass
Phase 4.1 Initial Net Routing Pass | Checksum: 2f246e69f

Time (s): cpu = 00:00:30 ; elapsed = 00:00:27 . Memory (MB): peak = 2256.000 ; gain = 190.000
Phase 4 Initial Routing | Checksum: 2f246e69f

Time (s): cpu = 00:00:30 ; elapsed = 00:00:27 . Memory (MB): peak = 2256.000 ; gain = 190.000

Phase 5 Rip-up And Reroute

Phase 5.1 Global Iteration 0
 Number of Nodes with overlaps = 7
 Number of Nodes with overlaps = 0
Phase 5.1 Global Iteration 0 | Checksum: 2f31aa919

Time (s): cpu = 00:00:30 ; elapsed = 00:00:27 . Memory (MB): peak = 2256.000 ; gain = 190.000
Phase 5 Rip-up And Reroute | Checksum: 2f31aa919

Time (s): cpu = 00:00:30 ; elapsed = 00:00:27 . Memory (MB): peak = 2256.000 ; gain = 190.000

Phase 6 Delay and Skew Optimization
Phase 6 Delay and Skew Optimization | Checksum: 2f31aa919

Time (s): cpu = 00:00:30 ; elapsed = 00:00:27 . Memory (MB): peak = 2256.000 ; gain = 190.000

Phase 7 Post Hold Fix

Phase 7.1 Hold Fix Iter
Phase 7.1 Hold Fix Iter | Checksum: 2f31aa919

Time (s): cpu = 00:00:30 ; elapsed = 00:00:27 . Memory (MB): peak = 2256.000 ; gain = 190.000
Phase 7 Post Hold Fix | Checksum: 2f31aa919

Time (s): cpu = 00:00:30 ; elapsed = 00:00:27 . Memory (MB): peak = 2256.000 ; gain = 190.000

Phase 8 Route finalize

Router Utilization Summary
  Global Vertical Routing Utilization    = 0.0268717 %
  Global Horizontal Routing Utilization  = 0.0208756 %
  Routable Net Status*
  *Does not include unroutable nets such as driverless and loadless.
  Run report_route_status for detailed report.
  Number of Failed Nets               = 0
    (Failed Nets is the sum of unrouted and partially routed nets)
  Number of Unrouted Nets             = 0
  Number of Partially Routed Nets     = 0
  Number of Node Overlaps             = 0


--GLOBAL Congestion:
Utilization threshold used for congestion level computation: 0.85
Congestion Report
North Dir 1x1 Area, Max Cong = 20.7207%, No Congested Regions.
South Dir 1x1 Area, Max Cong = 16.2162%, No Congested Regions.
East Dir 1x1 Area, Max Cong = 25%, No Congested Regions.
West Dir 1x1 Area, Max Cong = 23.5294%, No Congested Regions.

------------------------------
Reporting congestion hotspots
------------------------------
Direction: North
----------------
Congested clusters found at Level 0
Effective congestion level: 0 Aspect Ratio: 1 Sparse Ratio: 0
Direction: South
----------------
Congested clusters found at Level 0
Effective congestion level: 0 Aspect Ratio: 1 Sparse Ratio: 0
Direction: East
----------------
Congested clusters found at Level 0
Effective congestion level: 0 Aspect Ratio: 1 Sparse Ratio: 0
Direction: West
----------------
Congested clusters found at Level 0
Effective congestion level: 0 Aspect Ratio: 1 Sparse Ratio: 0

Phase 8 Route finalize | Checksum: 2f31aa919

Time (s): cpu = 00:00:30 ; elapsed = 00:00:27 . Memory (MB): peak = 2256.000 ; gain = 190.000

Phase 9 Verifying routed nets

 Verification completed successfully
Phase 9 Verifying routed nets | Checksum: 2f31aa919

Time (s): cpu = 00:00:30 ; elapsed = 00:00:27 . Memory (MB): peak = 2256.000 ; gain = 190.000

Phase 10 Depositing Routes
Phase 10 Depositing Routes | Checksum: 2c2b96d3d

Time (s): cpu = 00:00:30 ; elapsed = 00:00:27 . Memory (MB): peak = 2256.000 ; gain = 190.000

Phase 11 Post Process Routing
Phase 11 Post Process Routing | Checksum: 2c2b96d3d

Time (s): cpu = 00:00:30 ; elapsed = 00:00:27 . Memory (MB): peak = 2256.000 ; gain = 190.000
Total Elapsed time in route_design: 27.022 secs

Phase 12 Post-Route Event Processing
Phase 12 Post-Route Event Processing | Checksum: 15463d3d2

Time (s): cpu = 00:00:30 ; elapsed = 00:00:27 . Memory (MB): peak = 2256.000 ; gain = 190.000
INFO: [Route 35-16] Router Completed Successfully
Ending Routing Task | Checksum: 15463d3d2

Time (s): cpu = 00:00:30 ; elapsed = 00:00:27 . Memory (MB): peak = 2256.000 ; gain = 190.000

Routing Is Done.
INFO: [Common 17-83] Releasing license: Implementation
64 Infos, 6 Warnings, 0 Critical Warnings and 0 Errors encountered.
route_design completed successfully
route_design: Time (s): cpu = 00:00:31 ; elapsed = 00:00:28 . Memory (MB): peak = 2256.000 ; gain = 201.422
INFO: [Vivado 12-24828] Executing command : report_drc -file RISC_CPU_drc_routed.rpt -pb RISC_CPU_drc_routed.pb -rpx RISC_CPU_drc_routed.rpx
Command: report_drc -file RISC_CPU_drc_routed.rpt -pb RISC_CPU_drc_routed.pb -rpx RISC_CPU_drc_routed.rpx
INFO: [IP_Flow 19-1839] IP Catalog is up to date.
INFO: [DRC 23-27] Running DRC with 2 threads
INFO: [Vivado_Tcl 2-168] The results of DRC are in file C:/Users/GIGABYTE/Downloads/TKLL_NHOM11-sunsik_every_except_STO/TKLL_NHOM11-sunsik_every_except_STO/doan/project_ANH_NGHI.runs/impl_1/RISC_CPU_drc_routed.rpt.
report_drc completed successfully
INFO: [Vivado 12-24828] Executing command : report_methodology -file RISC_CPU_methodology_drc_routed.rpt -pb RISC_CPU_methodology_drc_routed.pb -rpx RISC_CPU_methodology_drc_routed.rpx
Command: report_methodology -file RISC_CPU_methodology_drc_routed.rpt -pb RISC_CPU_methodology_drc_routed.pb -rpx RISC_CPU_methodology_drc_routed.rpx
INFO: [Timing 38-35] Done setting XDC timing constraints.
INFO: [DRC 23-133] Running Methodology with 2 threads
INFO: [Vivado_Tcl 2-1520] The results of Report Methodology are in file C:/Users/GIGABYTE/Downloads/TKLL_NHOM11-sunsik_every_except_STO/TKLL_NHOM11-sunsik_every_except_STO/doan/project_ANH_NGHI.runs/impl_1/RISC_CPU_methodology_drc_routed.rpt.
report_methodology completed successfully
INFO: [Vivado 12-24828] Executing command : report_timing_summary -max_paths 10 -report_unconstrained -file RISC_CPU_timing_summary_routed.rpt -pb RISC_CPU_timing_summary_routed.pb -rpx RISC_CPU_timing_summary_routed.rpx -warn_on_violation 
INFO: [Timing 38-35] Done setting XDC timing constraints.
INFO: [Timing 38-91] UpdateTimingParams: Speed grade: -1, Delay Type: min_max.
INFO: [Timing 38-191] Multithreading enabled for timing update using a maximum of 2 CPUs
WARNING: [Timing 38-313] There are no user specified timing constraints. Timing constraints are needed for proper timing analysis.
INFO: [Vivado 12-24838] Running report commands "report_incremental_reuse, report_route_status" in parallel.
Running report generation with 2 threads.
INFO: [Vivado 12-24828] Executing command : report_incremental_reuse -file RISC_CPU_incremental_reuse_routed.rpt
INFO: [Vivado_Tcl 4-1062] Incremental flow is disabled. No incremental reuse Info to report.
INFO: [Vivado 12-24828] Executing command : report_route_status -file RISC_CPU_route_status.rpt -pb RISC_CPU_route_status.pb
INFO: [Vivado 12-24828] Executing command : report_power -file RISC_CPU_power_routed.rpt -pb RISC_CPU_power_summary_routed.pb -rpx RISC_CPU_power_routed.rpx
Command: report_power -file RISC_CPU_power_routed.rpt -pb RISC_CPU_power_summary_routed.pb -rpx RISC_CPU_power_routed.rpx
WARNING: [Power 33-232] No user defined clocks were found in the design! Power estimation will be inaccurate until this is corrected.
Resolution: Please specify clocks using create_clock/create_generated_clock for sequential elements. For pure combinatorial circuits, please specify a virtual clock, otherwise the vectorless estimation might be inaccurate
Running Vector-less Activity Propagation...

Finished Running Vector-less Activity Propagation
81 Infos, 8 Warnings, 0 Critical Warnings and 0 Errors encountered.
report_power completed successfully
INFO: [Vivado 12-24828] Executing command : report_clock_utilization -file RISC_CPU_clock_utilization_routed.rpt
WARNING: [Device 21-9320] Failed to find the Oracle tile group with name 'HSR_BOUNDARY_TOP'. This is required for Clock regions and Virtual grid.
WARNING: [Device 21-2174] Failed to initialize Virtual grid.
INFO: [Vivado 12-24828] Executing command : report_bus_skew -warn_on_violation -file RISC_CPU_bus_skew_routed.rpt -pb RISC_CPU_bus_skew_routed.pb -rpx RISC_CPU_bus_skew_routed.rpx
INFO: [Timing 38-91] UpdateTimingParams: Speed grade: -1, Delay Type: min_max.
INFO: [Timing 38-191] Multithreading enabled for timing update using a maximum of 2 CPUs
INFO: [Timing 38-480] Writing timing data to binary archive.
Write ShapeDB Complete: Time (s): cpu = 00:00:00 ; elapsed = 00:00:00.004 . Memory (MB): peak = 2256.000 ; gain = 0.000
Wrote PlaceDB: Time (s): cpu = 00:00:00 ; elapsed = 00:00:00.008 . Memory (MB): peak = 2256.000 ; gain = 0.000
Wrote PulsedLatchDB: Time (s): cpu = 00:00:00 ; elapsed = 00:00:00 . Memory (MB): peak = 2256.000 ; gain = 0.000
Writing XDEF routing.
Writing XDEF routing logical nets.
Writing XDEF routing special nets.
Wrote RouteStorage: Time (s): cpu = 00:00:00 ; elapsed = 00:00:00.024 . Memory (MB): peak = 2256.000 ; gain = 0.000
Wrote Netlist Cache: Time (s): cpu = 00:00:00 ; elapsed = 00:00:00 . Memory (MB): peak = 2256.000 ; gain = 0.000
Wrote Device Cache: Time (s): cpu = 00:00:00 ; elapsed = 00:00:00.008 . Memory (MB): peak = 2256.000 ; gain = 0.000
Write Physdb Complete: Time (s): cpu = 00:00:00 ; elapsed = 00:00:00.048 . Memory (MB): peak = 2256.000 ; gain = 0.000
INFO: [Common 17-1381] The checkpoint 'C:/Users/GIGABYTE/Downloads/TKLL_NHOM11-sunsik_every_except_STO/TKLL_NHOM11-sunsik_every_except_STO/doan/project_ANH_NGHI.runs/impl_1/RISC_CPU_routed.dcp' has been generated.
Command: write_bitstream -force RISC_CPU.bit
Attempting to get a license for feature 'Implementation' and/or device 'xc7z020'
INFO: [Common 17-349] Got license for feature 'Implementation' and/or device 'xc7z020'
Running DRC as a precondition to command write_bitstream
INFO: [IP_Flow 19-1839] IP Catalog is up to date.
INFO: [DRC 23-27] Running DRC with 2 threads
WARNING: [DRC PDRC-153] Gated clock check: Net CTRL/CLK is a gated clock net sourced by a combinational pin CTRL/data_out[7]_i_3/O, cell CTRL/data_out[7]_i_3. This is not good design practice and will likely impact performance. For SLICE registers, for example, use the CE pin to control the loading of data.
WARNING: [DRC PDRC-153] Gated clock check: Net CTRL/clk0 is a gated clock net sourced by a combinational pin CTRL/data_out[7]_i_2__0/O, cell CTRL/data_out[7]_i_2__0. This is not good design practice and will likely impact performance. For SLICE registers, for example, use the CE pin to control the loading of data.
WARNING: [DRC PDRC-153] Gated clock check: Net CTRL/clk00_out is a gated clock net sourced by a combinational pin CTRL/ALU_result_tristate_oe[7]_i_2/O, cell CTRL/ALU_result_tristate_oe[7]_i_2. This is not good design practice and will likely impact performance. For SLICE registers, for example, use the CE pin to control the loading of data.
WARNING: [DRC PDRC-153] Gated clock check: Net CTRL/imem_enable_reg_0 is a gated clock net sourced by a combinational pin CTRL/instruct[6]_i_2/O, cell CTRL/instruct[6]_i_2. This is not good design practice and will likely impact performance. For SLICE registers, for example, use the CE pin to control the loading of data.
WARNING: [DRC PLHOLDVIO-2] Non-Optimal connections which could lead to hold violations: A LUT CTRL/ALU_result_tristate_oe[7]_i_2 is driving clock pin of 9 cells. This could lead to large hold time violations. Involved cells are:
ALU/ALU_result_tristate_oe_reg[0], ALU/ALU_result_tristate_oe_reg[1], ALU/ALU_result_tristate_oe_reg[2], ALU/ALU_result_tristate_oe_reg[3], ALU/ALU_result_tristate_oe_reg[4], ALU/ALU_result_tristate_oe_reg[5], ALU/ALU_result_tristate_oe_reg[6], ALU/ALU_result_tristate_oe_reg[7], and data_out_reg[7]_i_5
WARNING: [DRC PLHOLDVIO-2] Non-Optimal connections which could lead to hold violations: A LUT CTRL/data_out[7]_i_2__0 is driving clock pin of 16 cells. This could lead to large hold time violations. Involved cells are:
DMEM/data_out_reg[0], DMEM/data_out_reg[1], DMEM/data_out_reg[2], DMEM/data_out_reg[3], DMEM/data_out_reg[4], DMEM/data_out_reg[5], DMEM/data_out_reg[6], DMEM/data_out_reg[7], DMEM/mem_reg_0_31_0_0/SP, DMEM/mem_reg_0_31_1_1/SP, DMEM/mem_reg_0_31_2_2/SP, DMEM/mem_reg_0_31_3_3/SP, DMEM/mem_reg_0_31_4_4/SP, DMEM/mem_reg_0_31_5_5/SP, DMEM/mem_reg_0_31_6_6/SP... and (the first 15 of 16 listed)
WARNING: [DRC PLHOLDVIO-2] Non-Optimal connections which could lead to hold violations: A LUT CTRL/data_out[7]_i_3 is driving clock pin of 8 cells. This could lead to large hold time violations. Involved cells are:
ACC/data_out_reg[0], ACC/data_out_reg[1], ACC/data_out_reg[2], ACC/data_out_reg[3], ACC/data_out_reg[4], ACC/data_out_reg[5], ACC/data_out_reg[6], and ACC/data_out_reg[7]
WARNING: [DRC PLHOLDVIO-2] Non-Optimal connections which could lead to hold violations: A LUT CTRL/instruct[6]_i_2 is driving clock pin of 6 cells. This could lead to large hold time violations. Involved cells are:
IMEM/instruct_reg[0], IMEM/instruct_reg[1], IMEM/instruct_reg[2], IMEM/instruct_reg[4], IMEM/instruct_reg[5], and IMEM/instruct_reg[6]
WARNING: [DRC ZPS7-1] PS7 block required: The PS7 cell must be used in this Zynq design in order to enable correct default configuration.
INFO: [Vivado 12-3199] DRC finished with 0 Errors, 9 Warnings
INFO: [Vivado 12-3200] Please refer to the DRC report (report_drc) for more information.
INFO: [Designutils 20-2272] Running write_bitstream with 2 threads.
Loading data files...
Loading site data...
Loading route data...
Processing options...
Creating bitmap...
Creating bitstream...
Writing bitstream ./RISC_CPU.bit...
INFO: [Vivado 12-1842] Bitgen Completed Successfully.
INFO: [Project 1-1876] WebTalk data collection is mandatory when using a ULT device. To see the specific WebTalk data collected for your design, open the usage_statistics_webtalk.html or usage_statistics_webtalk.xml file in the implementation directory.
INFO: [Common 17-83] Releasing license: Implementation
96 Infos, 19 Warnings, 0 Critical Warnings and 0 Errors encountered.
write_bitstream completed successfully
write_bitstream: Time (s): cpu = 00:00:09 ; elapsed = 00:00:09 . Memory (MB): peak = 2658.020 ; gain = 402.020
INFO: [Common 17-206] Exiting Vivado at Mon Dec  9 18:31:40 2024...

*** Running vivado
    with args -log RISC_CPU.vdi -applog -m64 -product Vivado -messageDb vivado.pb -mode batch -source RISC_CPU.tcl -notrace



****** Vivado v2024.1 (64-bit)
  **** SW Build 5076996 on Wed May 22 18:37:14 MDT 2024
  **** IP Build 5075265 on Wed May 22 21:45:21 MDT 2024
  **** SharedData Build 5076995 on Wed May 22 18:29:18 MDT 2024
  **** Start of session at: Mon Dec  9 18:37:21 2024
    ** Copyright 1986-2022 Xilinx, Inc. All Rights Reserved.
    ** Copyright 2022-2024 Advanced Micro Devices, Inc. All Rights Reserved.

source RISC_CPU.tcl -notrace
Command: open_checkpoint RISC_CPU_routed.dcp
INFO: [Device 21-403] Loading part xc7z020clg400-1
INFO: [Device 21-9227] Part: xc7z020clg400-1 does not have CEAM library.
Netlist sorting complete. Time (s): cpu = 00:00:00 ; elapsed = 00:00:00.002 . Memory (MB): peak = 947.906 ; gain = 0.000
INFO: [Netlist 29-17] Analyzing 10 Unisim elements for replacement
INFO: [Netlist 29-28] Unisim Transformation completed in 0 CPU seconds
INFO: [Project 1-479] Netlist was created with Vivado 2024.1
INFO: [Project 1-570] Preparing netlist for logic optimization
Read ShapeDB Complete: Time (s): cpu = 00:00:00 ; elapsed = 00:00:00.002 . Memory (MB): peak = 1040.691 ; gain = 0.137
INFO: [Timing 38-478] Restoring timing data from binary archive.
INFO: [Timing 38-479] Binary timing data restore complete.
INFO: [Project 1-856] Restoring constraints from binary archive.
INFO: [Project 1-853] Binary constraint restore complete.
INFO: [Designutils 20-5722] Start Reading Physical Databases.
Reading placement.
Read Netlist Cache: Time (s): cpu = 00:00:00 ; elapsed = 00:00:00 . Memory (MB): peak = 1647.215 ; gain = 0.000
Reading placer database...
Read Device Cache: Time (s): cpu = 00:00:00 ; elapsed = 00:00:00.013 . Memory (MB): peak = 1647.215 ; gain = 0.000
Read PlaceDB: Time (s): cpu = 00:00:00 ; elapsed = 00:00:00.004 . Memory (MB): peak = 1647.215 ; gain = 0.000
Read PulsedLatchDB: Time (s): cpu = 00:00:00 ; elapsed = 00:00:00 . Memory (MB): peak = 1647.215 ; gain = 0.000
Reading routing.
Read RouteStorage: Time (s): cpu = 00:00:00 ; elapsed = 00:00:00.033 . Memory (MB): peak = 1647.215 ; gain = 0.000
Read Physdb Files: Time (s): cpu = 00:00:00 ; elapsed = 00:00:00.062 . Memory (MB): peak = 1647.215 ; gain = 0.000
Restored from archive | CPU: 0.000000 secs | Memory: 0.000000 MB |
Finished XDEF File Restore: Time (s): cpu = 00:00:00 ; elapsed = 00:00:00.115 . Memory (MB): peak = 1647.215 ; gain = 14.543
Netlist sorting complete. Time (s): cpu = 00:00:00 ; elapsed = 00:00:00 . Memory (MB): peak = 1647.215 ; gain = 0.000
INFO: [Project 1-111] Unisim Transformation Summary:
  A total of 8 instances were transformed.
  RAM32X1S => RAM32X1S (RAMS32): 8 instances

INFO: [Project 1-604] Checkpoint was created with Vivado v2024.1 (64-bit) build 5076996
WARNING: [Vivado 12-23575] Critical violations of the methodology design rules detected. Critical violations may contribute to timing failures or cause functional issues in hardware. Run report_methodology for more information.
open_checkpoint: Time (s): cpu = 00:00:17 ; elapsed = 00:00:18 . Memory (MB): peak = 1647.215 ; gain = 1331.629
Command: write_bitstream -force RISC_CPU.bit
Attempting to get a license for feature 'Implementation' and/or device 'xc7z020'
INFO: [Common 17-349] Got license for feature 'Implementation' and/or device 'xc7z020'
Running DRC as a precondition to command write_bitstream
INFO: [IP_Flow 19-234] Refreshing IP repositories
INFO: [IP_Flow 19-1704] No user IP repositories specified
INFO: [IP_Flow 19-2313] Loaded Vivado IP repository 'F:/Xilinx/Vivado/2024.1/data/ip'.
INFO: [DRC 23-27] Running DRC with 2 threads
WARNING: [DRC PDRC-153] Gated clock check: Net CTRL/CLK is a gated clock net sourced by a combinational pin CTRL/data_out[7]_i_3/O, cell CTRL/data_out[7]_i_3. This is not good design practice and will likely impact performance. For SLICE registers, for example, use the CE pin to control the loading of data.
WARNING: [DRC PDRC-153] Gated clock check: Net CTRL/clk0 is a gated clock net sourced by a combinational pin CTRL/data_out[7]_i_2__0/O, cell CTRL/data_out[7]_i_2__0. This is not good design practice and will likely impact performance. For SLICE registers, for example, use the CE pin to control the loading of data.
WARNING: [DRC PDRC-153] Gated clock check: Net CTRL/clk00_out is a gated clock net sourced by a combinational pin CTRL/ALU_result_tristate_oe[7]_i_2/O, cell CTRL/ALU_result_tristate_oe[7]_i_2. This is not good design practice and will likely impact performance. For SLICE registers, for example, use the CE pin to control the loading of data.
WARNING: [DRC PDRC-153] Gated clock check: Net CTRL/imem_enable_reg_0 is a gated clock net sourced by a combinational pin CTRL/instruct[6]_i_2/O, cell CTRL/instruct[6]_i_2. This is not good design practice and will likely impact performance. For SLICE registers, for example, use the CE pin to control the loading of data.
WARNING: [DRC PLHOLDVIO-2] Non-Optimal connections which could lead to hold violations: A LUT CTRL/ALU_result_tristate_oe[7]_i_2 is driving clock pin of 9 cells. This could lead to large hold time violations. Involved cells are:
ALU/ALU_result_tristate_oe_reg[0], ALU/ALU_result_tristate_oe_reg[1], ALU/ALU_result_tristate_oe_reg[2], ALU/ALU_result_tristate_oe_reg[3], ALU/ALU_result_tristate_oe_reg[4], ALU/ALU_result_tristate_oe_reg[5], ALU/ALU_result_tristate_oe_reg[6], ALU/ALU_result_tristate_oe_reg[7], and data_out_reg[7]_i_5
WARNING: [DRC PLHOLDVIO-2] Non-Optimal connections which could lead to hold violations: A LUT CTRL/data_out[7]_i_2__0 is driving clock pin of 16 cells. This could lead to large hold time violations. Involved cells are:
DMEM/data_out_reg[0], DMEM/data_out_reg[1], DMEM/data_out_reg[2], DMEM/data_out_reg[3], DMEM/data_out_reg[4], DMEM/data_out_reg[5], DMEM/data_out_reg[6], DMEM/data_out_reg[7], DMEM/mem_reg_0_31_0_0/SP, DMEM/mem_reg_0_31_1_1/SP, DMEM/mem_reg_0_31_2_2/SP, DMEM/mem_reg_0_31_3_3/SP, DMEM/mem_reg_0_31_4_4/SP, DMEM/mem_reg_0_31_5_5/SP, DMEM/mem_reg_0_31_6_6/SP... and (the first 15 of 16 listed)
WARNING: [DRC PLHOLDVIO-2] Non-Optimal connections which could lead to hold violations: A LUT CTRL/data_out[7]_i_3 is driving clock pin of 8 cells. This could lead to large hold time violations. Involved cells are:
ACC/data_out_reg[0], ACC/data_out_reg[1], ACC/data_out_reg[2], ACC/data_out_reg[3], ACC/data_out_reg[4], ACC/data_out_reg[5], ACC/data_out_reg[6], and ACC/data_out_reg[7]
WARNING: [DRC PLHOLDVIO-2] Non-Optimal connections which could lead to hold violations: A LUT CTRL/instruct[6]_i_2 is driving clock pin of 6 cells. This could lead to large hold time violations. Involved cells are:
IMEM/instruct_reg[0], IMEM/instruct_reg[1], IMEM/instruct_reg[2], IMEM/instruct_reg[4], IMEM/instruct_reg[5], and IMEM/instruct_reg[6]
WARNING: [DRC ZPS7-1] PS7 block required: The PS7 cell must be used in this Zynq design in order to enable correct default configuration.
INFO: [Vivado 12-3199] DRC finished with 0 Errors, 9 Warnings
INFO: [Vivado 12-3200] Please refer to the DRC report (report_drc) for more information.
INFO: [Designutils 20-2272] Running write_bitstream with 2 threads.
Loading data files...
Loading site data...
Loading route data...
Processing options...
Creating bitmap...
Creating bitstream...
Writing bitstream ./RISC_CPU.bit...
INFO: [Vivado 12-1842] Bitgen Completed Successfully.
INFO: [Project 1-1876] WebTalk data collection is mandatory when using a ULT device. To see the specific WebTalk data collected for your design, open the usage_statistics_webtalk.html or usage_statistics_webtalk.xml file in the implementation directory.
INFO: [Common 17-83] Releasing license: Implementation
24 Infos, 10 Warnings, 0 Critical Warnings and 0 Errors encountered.
write_bitstream completed successfully
write_bitstream: Time (s): cpu = 00:00:09 ; elapsed = 00:00:10 . Memory (MB): peak = 2150.391 ; gain = 503.176
INFO: [Common 17-206] Exiting Vivado at Mon Dec  9 18:37:51 2024...
