#-----------------------------------------------------------
# Vivado v2024.2 (64-bit)
# SW Build 5239630 on Fri Nov 08 22:35:27 MST 2024
# IP Build 5239520 on Sun Nov 10 16:12:51 MST 2024
# SharedData Build 5239561 on Fri Nov 08 14:39:27 MST 2024
# Start of session at: Wed Nov 27 19:35:08 2024
# Process ID         : 11372
# Current directory  : E:/TKLL/AddressMux_and_ALU/address_mux_and_ALU
# Command line       : vivado.exe -gui_launcher_event rodinguilauncherevent23064 E:\TKLL\AddressMux_and_ALU\address_mux_and_ALU\address_mux.xpr
# Log file           : E:/TKLL/AddressMux_and_ALU/address_mux_and_ALU/vivado.log
# Journal file       : E:/TKLL/AddressMux_and_ALU/address_mux_and_ALU\vivado.jou
# Running On         : LAPTOP-T5UI490L
# Platform           : Windows Server 2016 or Windows 10
# Operating System   : 22631
# Processor Detail   : 11th Gen Intel(R) Core(TM) i5-11320H @ 3.20GHz
# CPU Frequency      : 3187 MHz
# CPU Physical cores : 4
# CPU Logical cores  : 8
# Host memory        : 16952 MB
# Swap memory        : 13958 MB
# Total Virtual      : 30911 MB
# Available Virtual  : 17142 MB
#-----------------------------------------------------------
start_gui
open_project E:/TKLL/AddressMux_and_ALU/address_mux_and_ALU/address_mux.xpr
INFO: [filemgmt 56-3] Default IP Output Path : Could not find the directory 'E:/TKLL/AddressMux_and_ALU/address_mux_and_ALU/address_mux.gen/sources_1'.
Scanning sources...
Finished scanning sources
INFO: [IP_Flow 19-234] Refreshing IP repositories
INFO: [IP_Flow 19-1704] No user IP repositories specified
INFO: [IP_Flow 19-2313] Loaded Vivado IP repository 'E:/TKLL/Vivado/2024.2/data/ip'.
update_compile_order -fileset sources_1
launch_simulation
Command: launch_simulation 
INFO: [Vivado 12-12493] Simulation top is 'addr_mux_tb'
WARNING: [Vivado 12-13340] Unable to auto find GCC executables from simulator install path! (path not set)
INFO: [Vivado 12-5682] Launching behavioral simulation in 'E:/TKLL/AddressMux_and_ALU/address_mux_and_ALU/address_mux.sim/sim_1/behav/xsim'
INFO: [SIM-utils-51] Simulation object is 'sim_1'
INFO: [SIM-utils-72] Using boost library from 'E:/TKLL/Vivado/2024.2/tps/boost_1_72_0'
INFO: [SIM-utils-54] Inspecting design source files for 'addr_mux_tb' in fileset 'sim_1'...
INFO: [USF-XSim-97] Finding global include files...
INFO: [USF-XSim-98] Fetching design files from 'sim_1'...
INFO: [USF-XSim-2] XSim::Compile design
INFO: [USF-XSim-61] Executing 'COMPILE and ANALYZE' step in 'E:/TKLL/AddressMux_and_ALU/address_mux_and_ALU/address_mux.sim/sim_1/behav/xsim'
"xvlog --incr --relax -prj addr_mux_tb_vlog.prj"
INFO: [VRFC 10-2263] Analyzing Verilog file "E:/TKLL/AddressMux_and_ALU/address_mux_and_ALU/address_mux.srcs/sources_1/new/addr_mux.v" into library xil_defaultlib
INFO: [VRFC 10-311] analyzing module addr_mux
INFO: [VRFC 10-311] analyzing module addr_mux_tb
INFO: [USF-XSim-69] 'compile' step finished in '1' seconds
INFO: [USF-XSim-3] XSim::Elaborate design
INFO: [USF-XSim-61] Executing 'ELABORATE' step in 'E:/TKLL/AddressMux_and_ALU/address_mux_and_ALU/address_mux.sim/sim_1/behav/xsim'
"xelab --incr --debug typical --relax --mt 2 -L xil_defaultlib -L unisims_ver -L unimacro_ver -L secureip --snapshot addr_mux_tb_behav xil_defaultlib.addr_mux_tb xil_defaultlib.glbl -log elaborate.log"
Vivado Simulator v2024.2.0
Copyright 1986-2022 Xilinx, Inc. All Rights Reserved.
Copyright 2022-2024 Advanced Micro Devices, Inc. All Rights Reserved.
Running: E:/TKLL/Vivado/2024.2/bin/unwrapped/win64.o/xelab.exe --incr --debug typical --relax --mt 2 -L xil_defaultlib -L unisims_ver -L unimacro_ver -L secureip --snapshot addr_mux_tb_behav xil_defaultlib.addr_mux_tb xil_defaultlib.glbl -log elaborate.log 
Using 2 slave threads.
Starting static elaboration
Pass Through NonSizing Optimizer
Completed static elaboration
Starting simulation data flow analysis
Completed simulation data flow analysis
Time Resolution for simulation is 1ps
Compiling module xil_defaultlib.addr_mux
Compiling module xil_defaultlib.addr_mux_tb
Compiling module xil_defaultlib.glbl
Built simulation snapshot addr_mux_tb_behav
INFO: [USF-XSim-69] 'elaborate' step finished in '2' seconds
INFO: [USF-XSim-4] XSim::Simulate design
INFO: [USF-XSim-61] Executing 'SIMULATE' step in 'E:/TKLL/AddressMux_and_ALU/address_mux_and_ALU/address_mux.sim/sim_1/behav/xsim'
INFO: [USF-XSim-98] *** Running xsim
   with args "addr_mux_tb_behav -key {Behavioral:sim_1:Functional:addr_mux_tb} -tclbatch {addr_mux_tb.tcl} -log {simulate.log}"
INFO: [USF-XSim-8] Loading simulator feature
Time resolution is 1 ps
source addr_mux_tb.tcl
# set curr_wave [current_wave_config]
# if { [string length $curr_wave] == 0 } {
#   if { [llength [get_objects]] > 0} {
#     add_wave /
#     set_property needs_save false [current_wave_config]
#   } else {
#      send_msg_id Add_Wave-1 WARNING "No top level signals found. Simulator will start without a wave window. If you want to open a wave window go to 'File->New Waveform Configuration' or type 'create_wave_config' in the TCL console."
#   }
# }
# run 1000ns
All test cases completed.
$stop called at time : 90 ns : File "E:/TKLL/AddressMux_and_ALU/address_mux_and_ALU/address_mux.srcs/sources_1/new/addr_mux.v" Line 107
INFO: [USF-XSim-96] XSim completed. Design snapshot 'addr_mux_tb_behav' loaded.
INFO: [USF-XSim-97] XSim simulation ran for 1000ns
launch_simulation: Time (s): cpu = 00:00:01 ; elapsed = 00:00:06 . Memory (MB): peak = 1468.426 ; gain = 35.457
close_sim
INFO: [Simtcl 6-16] Simulation closed
exit
INFO: [Common 17-206] Exiting Vivado at Wed Nov 27 19:37:04 2024...
