#-----------------------------------------------------------
# Vivado v2024.2 (64-bit)
# SW Build 5239630 on Fri Nov 08 22:35:27 MST 2024
# IP Build 5239520 on Sun Nov 10 16:12:51 MST 2024
# SharedData Build 5239561 on Fri Nov 08 14:39:27 MST 2024
# Start of session at: Tue Nov 26 22:42:45 2024
# Process ID         : 2992
# Current directory  : E:/TKLL/AddressMux_and_ALU/address_mux_and_ALU
# Command line       : vivado.exe -gui_launcher_event rodinguilauncherevent8520 E:\TKLL\AddressMux_and_ALU\address_mux_and_ALU\address_mux.xpr
# Log file           : E:/TKLL/AddressMux_and_ALU/address_mux_and_ALU/vivado.log
# Journal file       : E:/TKLL/AddressMux_and_ALU/address_mux_and_ALU\vivado.jou
# Running On         : LAPTOP-T5UI490L
# Platform           : Windows Server 2016 or Windows 10
# Operating System   : 22631
# Processor Detail   : 11th Gen Intel(R) Core(TM) i5-11320H @ 3.20GHz
# CPU Frequency      : 3187 MHz
# CPU Physical cores : 4
# CPU Logical cores  : 8
# Host memory        : 16952 MB
# Swap memory        : 13958 MB
# Total Virtual      : 30911 MB
# Available Virtual  : 14403 MB
#-----------------------------------------------------------
start_gui
open_project E:/TKLL/AddressMux_and_ALU/address_mux_and_ALU/address_mux.xpr
INFO: [filemgmt 56-3] Default IP Output Path : Could not find the directory 'E:/TKLL/AddressMux_and_ALU/address_mux_and_ALU/address_mux.gen/sources_1'.
Scanning sources...
Finished scanning sources
INFO: [IP_Flow 19-234] Refreshing IP repositories
INFO: [IP_Flow 19-1704] No user IP repositories specified
INFO: [IP_Flow 19-2313] Loaded Vivado IP repository 'E:/TKLL/Vivado/2024.2/data/ip'.
update_compile_order -fileset sources_1
exit
INFO: [Common 17-206] Exiting Vivado at Tue Nov 26 22:43:03 2024...
